[2020-08-02 00:00:21,792][base.py:440][INFO][16308] - Adding job tentatively -- it will be properly scheduled when the scheduler starts
[2020-08-02 00:00:21,793][base.py:881][INFO][16308] - Added job "time_task" to job store "default"
[2020-08-02 00:00:21,793][base.py:166][INFO][16308] - Scheduler started
[2020-08-02 00:00:21,793][base.py:940][DEBUG][12424] - Looking for jobs to run
[2020-08-02 00:00:21,793][scheduler.py:47][INFO][16308] - Scheduler 启动
[2020-08-02 00:00:21,794][base.py:1020][DEBUG][12424] - Next wakeup is due at 2020-08-02 00:01:21.792447+08:00 (in 59.999000 seconds)
[2020-08-02 00:00:21,809][_internal.py:113][INFO][16308] -  * Running on http://0.0.0.0:5000/ (Press CTRL+C to quit)
[2020-08-02 00:01:21,794][base.py:940][DEBUG][12424] - Looking for jobs to run
[2020-08-02 00:01:21,801][base.py:123][INFO][7812] - Running job "time_task (trigger: interval[0:01:00], next run at: 2020-08-02 00:01:21 CST)" (scheduled at 2020-08-02 00:01:21.792447+08:00)
[2020-08-02 00:01:21,802][base.py:1020][DEBUG][12424] - Next wakeup is due at 2020-08-02 00:02:21.792447+08:00 (in 59.993133 seconds)
[2020-08-02 00:01:21,803][base.py:144][INFO][7812] - Job "time_task (trigger: interval[0:01:00], next run at: 2020-08-02 00:02:21 CST)" executed successfully
[2020-08-02 00:01:32,974][base.py:440][INFO][14480] - Adding job tentatively -- it will be properly scheduled when the scheduler starts
[2020-08-02 00:01:32,975][base.py:881][INFO][14480] - Added job "time_task" to job store "default"
[2020-08-02 00:01:32,975][base.py:166][INFO][14480] - Scheduler started
[2020-08-02 00:01:32,975][base.py:940][DEBUG][5372] - Looking for jobs to run
[2020-08-02 00:01:32,975][base.py:1020][DEBUG][5372] - Next wakeup is due at 2020-08-02 00:02:32.973104+08:00 (in 59.998001 seconds)
[2020-08-02 00:01:32,991][_internal.py:113][INFO][14480] -  * Running on http://0.0.0.0:5000/ (Press CTRL+C to quit)
[2020-08-02 00:02:19,560][base.py:440][INFO][16172] - Adding job tentatively -- it will be properly scheduled when the scheduler starts
[2020-08-02 00:02:19,561][base.py:881][INFO][16172] - Added job "time_task" to job store "default"
[2020-08-02 00:02:19,561][base.py:166][INFO][16172] - Scheduler started
[2020-08-02 00:02:19,562][base.py:940][DEBUG][3028] - Looking for jobs to run
[2020-08-02 00:02:19,562][base.py:1020][DEBUG][3028] - Next wakeup is due at 2020-08-02 00:03:19.560429+08:00 (in 59.998000 seconds)
[2020-08-02 00:02:19,578][_internal.py:113][INFO][16172] -  * Running on http://0.0.0.0:5000/ (Press CTRL+C to quit)
[2020-08-02 00:02:30,686][base.py:440][INFO][14036] - Adding job tentatively -- it will be properly scheduled when the scheduler starts
[2020-08-02 00:02:30,688][base.py:881][INFO][14036] - Added job "time_task" to job store "default"
[2020-08-02 00:02:30,688][base.py:166][INFO][14036] - Scheduler started
[2020-08-02 00:02:30,688][base.py:940][DEBUG][3976] - Looking for jobs to run
[2020-08-02 00:02:30,688][base.py:1020][DEBUG][3976] - Next wakeup is due at 2020-08-02 00:03:30.686434+08:00 (in 59.998000 seconds)
[2020-08-02 00:02:30,705][_internal.py:113][INFO][14036] -  * Running on http://0.0.0.0:5000/ (Press CTRL+C to quit)
[2020-08-02 00:02:48,202][base.py:440][INFO][15868] - Adding job tentatively -- it will be properly scheduled when the scheduler starts
[2020-08-02 00:02:48,203][base.py:881][INFO][15868] - Added job "time_task" to job store "default"
[2020-08-02 00:02:48,204][base.py:166][INFO][15868] - Scheduler started
[2020-08-02 00:02:48,204][base.py:940][DEBUG][15532] - Looking for jobs to run
[2020-08-02 00:02:48,204][base.py:1020][DEBUG][15532] - Next wakeup is due at 2020-08-02 00:03:48.202220+08:00 (in 59.998001 seconds)
[2020-08-02 00:02:48,220][_internal.py:113][INFO][15868] -  * Running on http://0.0.0.0:5000/ (Press CTRL+C to quit)
[2020-08-02 00:03:11,833][base.py:440][INFO][2404] - Adding job tentatively -- it will be properly scheduled when the scheduler starts
[2020-08-02 00:03:11,835][base.py:881][INFO][2404] - Added job "time_task" to job store "default"
[2020-08-02 00:03:11,835][base.py:166][INFO][2404] - Scheduler started
[2020-08-02 00:03:11,835][base.py:940][DEBUG][5524] - Looking for jobs to run
[2020-08-02 00:03:11,835][base.py:1020][DEBUG][5524] - Next wakeup is due at 2020-08-02 00:04:11.833635+08:00 (in 59.997991 seconds)
[2020-08-02 00:03:11,851][_internal.py:113][INFO][2404] -  * Running on http://0.0.0.0:5000/ (Press CTRL+C to quit)
[2020-08-02 00:03:20,521][base.py:440][INFO][13232] - Adding job tentatively -- it will be properly scheduled when the scheduler starts
[2020-08-02 00:03:20,522][base.py:881][INFO][13232] - Added job "time_task" to job store "default"
[2020-08-02 00:03:20,522][base.py:166][INFO][13232] - Scheduler started
[2020-08-02 00:03:20,523][base.py:940][DEBUG][96] - Looking for jobs to run
[2020-08-02 00:03:20,523][base.py:1020][DEBUG][96] - Next wakeup is due at 2020-08-02 00:04:20.521955+08:00 (in 59.998002 seconds)
[2020-08-02 00:03:20,538][_internal.py:113][INFO][13232] -  * Running on http://0.0.0.0:5000/ (Press CTRL+C to quit)
[2020-08-02 00:03:54,288][base.py:440][INFO][3896] - Adding job tentatively -- it will be properly scheduled when the scheduler starts
[2020-08-02 00:03:54,289][base.py:881][INFO][3896] - Added job "time_task" to job store "default"
[2020-08-02 00:03:54,289][base.py:166][INFO][3896] - Scheduler started
[2020-08-02 00:03:54,289][base.py:940][DEBUG][10956] - Looking for jobs to run
[2020-08-02 00:03:54,290][base.py:1020][DEBUG][10956] - Next wakeup is due at 2020-08-02 00:04:54.288007+08:00 (in 59.998000 seconds)
[2020-08-02 00:03:54,307][_internal.py:113][INFO][3896] -  * Running on http://0.0.0.0:5000/ (Press CTRL+C to quit)
[2020-08-02 00:04:00,989][base.py:440][INFO][16004] - Adding job tentatively -- it will be properly scheduled when the scheduler starts
[2020-08-02 00:04:00,991][base.py:881][INFO][16004] - Added job "time_task" to job store "default"
[2020-08-02 00:04:00,991][base.py:166][INFO][16004] - Scheduler started
[2020-08-02 00:04:00,991][base.py:940][DEBUG][5264] - Looking for jobs to run
[2020-08-02 00:04:00,991][base.py:1020][DEBUG][5264] - Next wakeup is due at 2020-08-02 00:05:00.989493+08:00 (in 59.998000 seconds)
[2020-08-02 00:04:01,007][_internal.py:113][INFO][16004] -  * Running on http://0.0.0.0:5000/ (Press CTRL+C to quit)
[2020-08-02 00:04:05,980][base.py:440][INFO][16012] - Adding job tentatively -- it will be properly scheduled when the scheduler starts
[2020-08-02 00:04:05,981][base.py:881][INFO][16012] - Added job "time_task" to job store "default"
[2020-08-02 00:04:05,982][base.py:166][INFO][16012] - Scheduler started
[2020-08-02 00:04:05,982][base.py:940][DEBUG][15052] - Looking for jobs to run
[2020-08-02 00:04:05,982][base.py:1020][DEBUG][15052] - Next wakeup is due at 2020-08-02 00:05:05.980538+08:00 (in 59.998002 seconds)
[2020-08-02 00:04:05,998][_internal.py:113][INFO][16012] -  * Running on http://0.0.0.0:5000/ (Press CTRL+C to quit)
[2020-08-02 00:04:20,004][base.py:440][INFO][13472] - Adding job tentatively -- it will be properly scheduled when the scheduler starts
[2020-08-02 00:04:20,005][base.py:881][INFO][13472] - Added job "time_task" to job store "default"
[2020-08-02 00:04:20,005][base.py:166][INFO][13472] - Scheduler started
[2020-08-02 00:04:20,005][base.py:940][DEBUG][6560] - Looking for jobs to run
[2020-08-02 00:04:20,006][base.py:1020][DEBUG][6560] - Next wakeup is due at 2020-08-02 00:05:20.003624+08:00 (in 59.997003 seconds)
[2020-08-02 00:04:20,023][_internal.py:113][INFO][13472] -  * Running on http://0.0.0.0:5000/ (Press CTRL+C to quit)
[2020-08-02 00:04:28,396][base.py:440][INFO][14424] - Adding job tentatively -- it will be properly scheduled when the scheduler starts
[2020-08-02 00:04:28,397][base.py:881][INFO][14424] - Added job "time_task" to job store "default"
[2020-08-02 00:04:28,397][base.py:166][INFO][14424] - Scheduler started
[2020-08-02 00:04:28,397][base.py:940][DEBUG][15788] - Looking for jobs to run
[2020-08-02 00:04:28,398][base.py:1020][DEBUG][15788] - Next wakeup is due at 2020-08-02 00:05:28.396576+08:00 (in 59.998013 seconds)
[2020-08-02 00:04:28,414][_internal.py:113][INFO][14424] -  * Running on http://0.0.0.0:5000/ (Press CTRL+C to quit)
[2020-08-02 00:04:42,763][base.py:440][INFO][10752] - Adding job tentatively -- it will be properly scheduled when the scheduler starts
[2020-08-02 00:04:42,764][base.py:881][INFO][10752] - Added job "time_task" to job store "default"
[2020-08-02 00:04:42,764][base.py:166][INFO][10752] - Scheduler started
[2020-08-02 00:04:42,764][base.py:940][DEBUG][3420] - Looking for jobs to run
[2020-08-02 00:04:42,764][base.py:1020][DEBUG][3420] - Next wakeup is due at 2020-08-02 00:05:42.763728+08:00 (in 59.999001 seconds)
[2020-08-02 00:04:42,780][_internal.py:113][INFO][10752] -  * Running on http://0.0.0.0:5000/ (Press CTRL+C to quit)
[2020-08-02 00:05:42,764][base.py:940][DEBUG][3420] - Looking for jobs to run
[2020-08-02 00:05:42,766][base.py:123][INFO][7596] - Running job "time_task (trigger: interval[0:01:00], next run at: 2020-08-02 00:05:42 CST)" (scheduled at 2020-08-02 00:05:42.763728+08:00)
[2020-08-02 00:05:42,767][base.py:1020][DEBUG][3420] - Next wakeup is due at 2020-08-02 00:06:42.763728+08:00 (in 59.998952 seconds)
[2020-08-02 00:05:42,768][base.py:144][INFO][7596] - Job "time_task (trigger: interval[0:01:00], next run at: 2020-08-02 00:06:42 CST)" executed successfully
[2020-08-02 00:06:42,768][base.py:940][DEBUG][3420] - Looking for jobs to run
[2020-08-02 00:06:42,769][base.py:123][INFO][7596] - Running job "time_task (trigger: interval[0:01:00], next run at: 2020-08-02 00:06:42 CST)" (scheduled at 2020-08-02 00:06:42.763728+08:00)
[2020-08-02 00:06:42,770][base.py:1020][DEBUG][3420] - Next wakeup is due at 2020-08-02 00:07:42.763728+08:00 (in 59.995257 seconds)
[2020-08-02 00:06:42,770][base.py:144][INFO][7596] - Job "time_task (trigger: interval[0:01:00], next run at: 2020-08-02 00:07:42 CST)" executed successfully
[2020-08-02 00:07:43,572][base.py:440][INFO][5456] - Adding job tentatively -- it will be properly scheduled when the scheduler starts
[2020-08-02 00:07:43,574][base.py:881][INFO][5456] - Added job "time_task" to job store "default"
[2020-08-02 00:07:43,574][base.py:166][INFO][5456] - Scheduler started
[2020-08-02 00:07:43,574][base.py:940][DEBUG][14552] - Looking for jobs to run
[2020-08-02 00:07:43,574][base.py:1020][DEBUG][14552] - Next wakeup is due at 2020-08-02 00:08:43.572836+08:00 (in 59.998001 seconds)
[2020-08-02 00:07:43,590][_internal.py:113][INFO][5456] -  * Running on http://0.0.0.0:5000/ (Press CTRL+C to quit)
[2020-08-02 00:08:17,938][__init__.py:18][INFO][14208] - Environment = ProductConfig
[2020-08-02 00:08:18,027][base.py:440][INFO][14208] - Adding job tentatively -- it will be properly scheduled when the scheduler starts
[2020-08-02 00:08:18,028][base.py:881][INFO][14208] - Added job "time_task" to job store "default"
[2020-08-02 00:08:18,028][base.py:166][INFO][14208] - Scheduler started
[2020-08-02 00:08:18,028][base.py:940][DEBUG][14896] - Looking for jobs to run
[2020-08-02 00:08:18,028][base.py:1020][DEBUG][14896] - Next wakeup is due at 2020-08-02 00:09:18.026771+08:00 (in 59.998000 seconds)
[2020-08-02 00:08:18,044][_internal.py:113][INFO][14208] -  * Running on http://0.0.0.0:5000/ (Press CTRL+C to quit)
[2020-08-02 00:08:33,905][__init__.py:18][INFO][15344] - Environment -> ProductConfig
[2020-08-02 00:08:33,990][base.py:440][INFO][15344] - Adding job tentatively -- it will be properly scheduled when the scheduler starts
[2020-08-02 00:08:33,991][base.py:881][INFO][15344] - Added job "time_task" to job store "default"
[2020-08-02 00:08:33,991][base.py:166][INFO][15344] - Scheduler started
[2020-08-02 00:08:33,992][base.py:940][DEBUG][948] - Looking for jobs to run
[2020-08-02 00:08:33,992][base.py:1020][DEBUG][948] - Next wakeup is due at 2020-08-02 00:09:33.990428+08:00 (in 59.998000 seconds)
[2020-08-02 00:08:34,008][_internal.py:113][INFO][15344] -  * Running on http://0.0.0.0:5000/ (Press CTRL+C to quit)
[2020-08-02 00:09:01,800][__init__.py:15][INFO][14292] - app start
[2020-08-02 00:09:01,800][__init__.py:18][INFO][14292] - Environment -> ProductConfig
[2020-08-02 00:09:01,884][base.py:440][INFO][14292] - Adding job tentatively -- it will be properly scheduled when the scheduler starts
[2020-08-02 00:09:01,885][base.py:881][INFO][14292] - Added job "time_task" to job store "default"
[2020-08-02 00:09:01,885][base.py:166][INFO][14292] - Scheduler started
[2020-08-02 00:09:01,885][base.py:940][DEBUG][14892] - Looking for jobs to run
[2020-08-02 00:09:01,885][base.py:1020][DEBUG][14892] - Next wakeup is due at 2020-08-02 00:10:01.883424+08:00 (in 59.998002 seconds)
[2020-08-02 00:09:01,901][_internal.py:113][INFO][14292] -  * Running on http://0.0.0.0:5000/ (Press CTRL+C to quit)
[2020-08-02 00:09:14,593][__init__.py:15][INFO][1800] - app started
[2020-08-02 00:09:14,593][__init__.py:18][INFO][1800] - Environment -> ProductConfig
[2020-08-02 00:09:14,683][base.py:440][INFO][1800] - Adding job tentatively -- it will be properly scheduled when the scheduler starts
[2020-08-02 00:09:14,684][base.py:881][INFO][1800] - Added job "time_task" to job store "default"
[2020-08-02 00:09:14,684][base.py:166][INFO][1800] - Scheduler started
[2020-08-02 00:09:14,684][base.py:940][DEBUG][15068] - Looking for jobs to run
[2020-08-02 00:09:14,685][base.py:1020][DEBUG][15068] - Next wakeup is due at 2020-08-02 00:10:14.683875+08:00 (in 59.998001 seconds)
[2020-08-02 00:09:14,700][_internal.py:113][INFO][1800] -  * Running on http://0.0.0.0:5000/ (Press CTRL+C to quit)
[2020-08-02 00:10:14,685][base.py:940][DEBUG][15068] - Looking for jobs to run
[2020-08-02 00:10:14,685][base.py:123][INFO][11884] - Running job "time_task (trigger: interval[0:01:00], next run at: 2020-08-02 00:10:14 CST)" (scheduled at 2020-08-02 00:10:14.683875+08:00)
[2020-08-02 00:10:14,686][base.py:1020][DEBUG][15068] - Next wakeup is due at 2020-08-02 00:11:14.683875+08:00 (in 59.998107 seconds)
[2020-08-02 00:10:14,686][base.py:144][INFO][11884] - Job "time_task (trigger: interval[0:01:00], next run at: 2020-08-02 00:11:14 CST)" executed successfully
[2020-08-02 00:11:14,686][base.py:940][DEBUG][15068] - Looking for jobs to run
[2020-08-02 00:11:14,687][base.py:123][INFO][11884] - Running job "time_task (trigger: interval[0:01:00], next run at: 2020-08-02 00:11:14 CST)" (scheduled at 2020-08-02 00:11:14.683875+08:00)
[2020-08-02 00:11:14,688][base.py:1020][DEBUG][15068] - Next wakeup is due at 2020-08-02 00:12:14.683875+08:00 (in 59.997634 seconds)
[2020-08-02 00:11:14,689][base.py:144][INFO][11884] - Job "time_task (trigger: interval[0:01:00], next run at: 2020-08-02 00:12:14 CST)" executed successfully
[2020-08-02 00:12:14,687][base.py:940][DEBUG][15068] - Looking for jobs to run
[2020-08-02 00:12:14,688][base.py:123][INFO][2140] - Running job "time_task (trigger: interval[0:01:00], next run at: 2020-08-02 00:12:14 CST)" (scheduled at 2020-08-02 00:12:14.683875+08:00)
[2020-08-02 00:12:14,689][base.py:144][INFO][2140] - Job "time_task (trigger: interval[0:01:00], next run at: 2020-08-02 00:12:14 CST)" executed successfully
[2020-08-02 00:12:14,690][base.py:1020][DEBUG][15068] - Next wakeup is due at 2020-08-02 00:13:14.683875+08:00 (in 59.996177 seconds)
[2020-08-02 00:13:14,688][base.py:940][DEBUG][15068] - Looking for jobs to run
[2020-08-02 00:13:14,689][base.py:123][INFO][11884] - Running job "time_task (trigger: interval[0:01:00], next run at: 2020-08-02 00:13:14 CST)" (scheduled at 2020-08-02 00:13:14.683875+08:00)
[2020-08-02 00:13:14,690][base.py:1020][DEBUG][15068] - Next wakeup is due at 2020-08-02 00:14:14.683875+08:00 (in 59.995009 seconds)
[2020-08-02 00:13:14,691][base.py:144][INFO][11884] - Job "time_task (trigger: interval[0:01:00], next run at: 2020-08-02 00:14:14 CST)" executed successfully
[2020-08-02 00:14:14,688][base.py:940][DEBUG][15068] - Looking for jobs to run
[2020-08-02 00:14:14,688][base.py:123][INFO][2140] - Running job "time_task (trigger: interval[0:01:00], next run at: 2020-08-02 00:14:14 CST)" (scheduled at 2020-08-02 00:14:14.683875+08:00)
[2020-08-02 00:14:14,689][base.py:144][INFO][2140] - Job "time_task (trigger: interval[0:01:00], next run at: 2020-08-02 00:14:14 CST)" executed successfully
[2020-08-02 00:14:14,689][base.py:1020][DEBUG][15068] - Next wakeup is due at 2020-08-02 00:15:14.683875+08:00 (in 59.995580 seconds)
[2020-08-02 00:15:14,686][base.py:940][DEBUG][15068] - Looking for jobs to run
[2020-08-02 00:15:14,687][base.py:123][INFO][14564] - Running job "time_task (trigger: interval[0:01:00], next run at: 2020-08-02 00:15:14 CST)" (scheduled at 2020-08-02 00:15:14.683875+08:00)
[2020-08-02 00:15:14,688][base.py:1020][DEBUG][15068] - Next wakeup is due at 2020-08-02 00:16:14.683875+08:00 (in 59.997256 seconds)
[2020-08-02 00:15:14,689][base.py:144][INFO][14564] - Job "time_task (trigger: interval[0:01:00], next run at: 2020-08-02 00:16:14 CST)" executed successfully
[2020-08-02 00:16:14,687][base.py:940][DEBUG][15068] - Looking for jobs to run
[2020-08-02 00:16:14,688][base.py:123][INFO][14244] - Running job "time_task (trigger: interval[0:01:00], next run at: 2020-08-02 00:16:14 CST)" (scheduled at 2020-08-02 00:16:14.683875+08:00)
[2020-08-02 00:16:14,689][base.py:1020][DEBUG][15068] - Next wakeup is due at 2020-08-02 00:17:14.683875+08:00 (in 59.996128 seconds)
[2020-08-02 00:16:14,690][base.py:144][INFO][14244] - Job "time_task (trigger: interval[0:01:00], next run at: 2020-08-02 00:17:14 CST)" executed successfully
[2020-08-02 00:17:14,688][base.py:940][DEBUG][15068] - Looking for jobs to run
[2020-08-02 00:17:14,689][base.py:123][INFO][2140] - Running job "time_task (trigger: interval[0:01:00], next run at: 2020-08-02 00:17:14 CST)" (scheduled at 2020-08-02 00:17:14.683875+08:00)
[2020-08-02 00:17:14,690][base.py:144][INFO][2140] - Job "time_task (trigger: interval[0:01:00], next run at: 2020-08-02 00:17:14 CST)" executed successfully
[2020-08-02 00:17:14,691][base.py:1020][DEBUG][15068] - Next wakeup is due at 2020-08-02 00:18:14.683875+08:00 (in 59.995539 seconds)
[2020-08-02 00:18:14,688][base.py:940][DEBUG][15068] - Looking for jobs to run
[2020-08-02 00:18:14,689][base.py:123][INFO][9308] - Running job "time_task (trigger: interval[0:01:00], next run at: 2020-08-02 00:18:14 CST)" (scheduled at 2020-08-02 00:18:14.683875+08:00)
[2020-08-02 00:18:14,690][base.py:144][INFO][9308] - Job "time_task (trigger: interval[0:01:00], next run at: 2020-08-02 00:18:14 CST)" executed successfully
[2020-08-02 00:18:14,691][base.py:1020][DEBUG][15068] - Next wakeup is due at 2020-08-02 00:19:14.683875+08:00 (in 59.995408 seconds)
[2020-08-02 00:19:14,688][base.py:940][DEBUG][15068] - Looking for jobs to run
[2020-08-02 00:19:14,688][base.py:123][INFO][4672] - Running job "time_task (trigger: interval[0:01:00], next run at: 2020-08-02 00:19:14 CST)" (scheduled at 2020-08-02 00:19:14.683875+08:00)
[2020-08-02 00:19:14,688][base.py:144][INFO][4672] - Job "time_task (trigger: interval[0:01:00], next run at: 2020-08-02 00:19:14 CST)" executed successfully
[2020-08-02 00:19:14,689][base.py:1020][DEBUG][15068] - Next wakeup is due at 2020-08-02 00:20:14.683875+08:00 (in 59.995014 seconds)
[2020-08-02 00:19:26,324][__init__.py:15][INFO][6064] - app started
[2020-08-02 00:19:26,324][__init__.py:19][INFO][6064] - Environment -> ProductConfig
[2020-08-02 00:20:25,408][__init__.py:15][INFO][5872] - app started
[2020-08-02 00:20:25,409][__init__.py:19][INFO][5872] - Environment -> ProductConfig
[2020-08-02 00:20:25,491][base.py:440][INFO][5872] - Adding job tentatively -- it will be properly scheduled when the scheduler starts
[2020-08-02 00:20:25,492][base.py:881][INFO][5872] - Added job "time_task" to job store "default"
[2020-08-02 00:20:25,492][base.py:166][INFO][5872] - Scheduler started
[2020-08-02 00:20:25,492][base.py:940][DEBUG][1788] - Looking for jobs to run
[2020-08-02 00:20:25,493][base.py:1020][DEBUG][1788] - Next wakeup is due at 2020-08-02 00:21:25.491695+08:00 (in 59.998000 seconds)
[2020-08-02 00:20:25,508][_internal.py:113][INFO][5872] -  * Running on http://0.0.0.0:5000/ (Press CTRL+C to quit)
[2020-08-02 00:20:49,604][__init__.py:15][INFO][956] - app started
[2020-08-02 00:20:49,604][__init__.py:19][INFO][956] - Environment -> ProductConfig
[2020-08-02 00:20:49,699][base.py:440][INFO][956] - Adding job tentatively -- it will be properly scheduled when the scheduler starts
[2020-08-02 00:20:49,700][base.py:881][INFO][956] - Added job "time_task" to job store "default"
[2020-08-02 00:20:49,700][base.py:166][INFO][956] - Scheduler started
[2020-08-02 00:20:49,700][base.py:940][DEBUG][12588] - Looking for jobs to run
[2020-08-02 00:20:49,700][base.py:1020][DEBUG][12588] - Next wakeup is due at 2020-08-02 00:21:49.698554+08:00 (in 59.998002 seconds)
[2020-08-02 00:20:49,717][_internal.py:113][INFO][956] -  * Running on http://0.0.0.0:5000/ (Press CTRL+C to quit)
[2020-08-02 00:23:17,962][__init__.py:15][INFO][14312] - app started
[2020-08-02 00:23:17,962][__init__.py:19][INFO][14312] - Environment -> ProductConfig
[2020-08-02 00:23:18,045][base.py:440][INFO][14312] - Adding job tentatively -- it will be properly scheduled when the scheduler starts
[2020-08-02 00:23:18,046][base.py:881][INFO][14312] - Added job "time_task" to job store "default"
[2020-08-02 00:23:18,046][base.py:166][INFO][14312] - Scheduler started
[2020-08-02 00:23:18,046][base.py:940][DEBUG][15048] - Looking for jobs to run
[2020-08-02 00:23:18,046][base.py:1020][DEBUG][15048] - Next wakeup is due at 2020-08-02 00:24:18.044386+08:00 (in 59.998001 seconds)
[2020-08-02 00:23:18,062][_internal.py:113][INFO][14312] -  * Running on http://0.0.0.0:5000/ (Press CTRL+C to quit)
[2020-08-02 00:24:18,046][base.py:940][DEBUG][15048] - Looking for jobs to run
[2020-08-02 00:24:18,048][base.py:123][INFO][14776] - Running job "time_task (trigger: interval[0:01:00], next run at: 2020-08-02 00:24:18 CST)" (scheduled at 2020-08-02 00:24:18.044386+08:00)
[2020-08-02 00:24:18,049][base.py:1020][DEBUG][15048] - Next wakeup is due at 2020-08-02 00:25:18.044386+08:00 (in 59.998184 seconds)
[2020-08-02 00:24:18,049][base.py:144][INFO][14776] - Job "time_task (trigger: interval[0:01:00], next run at: 2020-08-02 00:25:18 CST)" executed successfully
[2020-08-02 00:25:18,049][base.py:940][DEBUG][15048] - Looking for jobs to run
[2020-08-02 00:25:18,050][base.py:123][INFO][14776] - Running job "time_task (trigger: interval[0:01:00], next run at: 2020-08-02 00:25:18 CST)" (scheduled at 2020-08-02 00:25:18.044386+08:00)
[2020-08-02 00:25:18,051][base.py:1020][DEBUG][15048] - Next wakeup is due at 2020-08-02 00:26:18.044386+08:00 (in 59.994717 seconds)
[2020-08-02 00:25:18,052][base.py:144][INFO][14776] - Job "time_task (trigger: interval[0:01:00], next run at: 2020-08-02 00:26:18 CST)" executed successfully
[2020-08-02 00:26:11,664][__init__.py:14][INFO][2104] - app started
[2020-08-02 00:26:11,664][__init__.py:18][INFO][2104] - Environment -> ProductConfig
[2020-08-02 00:26:11,749][base.py:440][INFO][2104] - Adding job tentatively -- it will be properly scheduled when the scheduler starts
[2020-08-02 00:26:11,750][base.py:881][INFO][2104] - Added job "time_task" to job store "default"
[2020-08-02 00:26:11,750][base.py:166][INFO][2104] - Scheduler started
[2020-08-02 00:26:11,750][base.py:940][DEBUG][10800] - Looking for jobs to run
[2020-08-02 00:26:11,750][base.py:1020][DEBUG][10800] - Next wakeup is due at 2020-08-02 00:27:11.748400+08:00 (in 59.998001 seconds)
[2020-08-02 00:26:11,766][_internal.py:113][INFO][2104] -  * Running on http://0.0.0.0:5000/ (Press CTRL+C to quit)
[2020-08-02 00:27:11,749][base.py:940][DEBUG][10800] - Looking for jobs to run
[2020-08-02 00:27:11,751][base.py:123][INFO][7612] - Running job "time_task (trigger: interval[0:01:00], next run at: 2020-08-02 00:27:11 CST)" (scheduled at 2020-08-02 00:27:11.748400+08:00)
[2020-08-02 00:27:11,751][base.py:1020][DEBUG][10800] - Next wakeup is due at 2020-08-02 00:28:11.748400+08:00 (in 59.998842 seconds)
[2020-08-02 00:27:11,752][base.py:144][INFO][7612] - Job "time_task (trigger: interval[0:01:00], next run at: 2020-08-02 00:28:11 CST)" executed successfully
[2020-08-02 00:28:11,753][base.py:940][DEBUG][10800] - Looking for jobs to run
[2020-08-02 00:28:11,753][base.py:123][INFO][7612] - Running job "time_task (trigger: interval[0:01:00], next run at: 2020-08-02 00:28:11 CST)" (scheduled at 2020-08-02 00:28:11.748400+08:00)
[2020-08-02 00:28:11,754][base.py:1020][DEBUG][10800] - Next wakeup is due at 2020-08-02 00:29:11.748400+08:00 (in 59.995144 seconds)
[2020-08-02 00:28:11,754][base.py:144][INFO][7612] - Job "time_task (trigger: interval[0:01:00], next run at: 2020-08-02 00:29:11 CST)" executed successfully
[2020-08-02 00:29:11,751][base.py:940][DEBUG][10800] - Looking for jobs to run
[2020-08-02 00:29:11,752][base.py:123][INFO][15104] - Running job "time_task (trigger: interval[0:01:00], next run at: 2020-08-02 00:29:11 CST)" (scheduled at 2020-08-02 00:29:11.748400+08:00)
[2020-08-02 00:29:11,752][base.py:144][INFO][15104] - Job "time_task (trigger: interval[0:01:00], next run at: 2020-08-02 00:29:11 CST)" executed successfully
[2020-08-02 00:29:11,753][base.py:1020][DEBUG][10800] - Next wakeup is due at 2020-08-02 00:30:11.748400+08:00 (in 59.997384 seconds)
[2020-08-02 00:30:11,753][base.py:940][DEBUG][10800] - Looking for jobs to run
[2020-08-02 00:30:11,754][base.py:123][INFO][7612] - Running job "time_task (trigger: interval[0:01:00], next run at: 2020-08-02 00:30:11 CST)" (scheduled at 2020-08-02 00:30:11.748400+08:00)
[2020-08-02 00:30:11,755][base.py:144][INFO][7612] - Job "time_task (trigger: interval[0:01:00], next run at: 2020-08-02 00:30:11 CST)" executed successfully
[2020-08-02 00:30:11,756][base.py:1020][DEBUG][10800] - Next wakeup is due at 2020-08-02 00:31:11.748400+08:00 (in 59.994556 seconds)
[2020-08-02 00:31:11,764][base.py:940][DEBUG][10800] - Looking for jobs to run
[2020-08-02 00:31:11,764][base.py:123][INFO][15104] - Running job "time_task (trigger: interval[0:01:00], next run at: 2020-08-02 00:31:11 CST)" (scheduled at 2020-08-02 00:31:11.748400+08:00)
[2020-08-02 00:31:11,764][base.py:1020][DEBUG][10800] - Next wakeup is due at 2020-08-02 00:32:11.748400+08:00 (in 59.984241 seconds)
[2020-08-02 00:31:11,765][base.py:144][INFO][15104] - Job "time_task (trigger: interval[0:01:00], next run at: 2020-08-02 00:32:11 CST)" executed successfully
[2020-08-02 00:32:11,757][base.py:940][DEBUG][10800] - Looking for jobs to run
[2020-08-02 00:32:11,758][base.py:123][INFO][7612] - Running job "time_task (trigger: interval[0:01:00], next run at: 2020-08-02 00:32:11 CST)" (scheduled at 2020-08-02 00:32:11.748400+08:00)
[2020-08-02 00:32:11,759][base.py:1020][DEBUG][10800] - Next wakeup is due at 2020-08-02 00:33:11.748400+08:00 (in 59.991069 seconds)
[2020-08-02 00:32:11,760][base.py:144][INFO][7612] - Job "time_task (trigger: interval[0:01:00], next run at: 2020-08-02 00:33:11 CST)" executed successfully
[2020-08-02 00:33:11,762][base.py:940][DEBUG][10800] - Looking for jobs to run
[2020-08-02 00:33:11,763][base.py:123][INFO][4936] - Running job "time_task (trigger: interval[0:01:00], next run at: 2020-08-02 00:33:11 CST)" (scheduled at 2020-08-02 00:33:11.748400+08:00)
[2020-08-02 00:33:11,764][base.py:144][INFO][4936] - Job "time_task (trigger: interval[0:01:00], next run at: 2020-08-02 00:33:11 CST)" executed successfully
[2020-08-02 00:33:11,765][base.py:1020][DEBUG][10800] - Next wakeup is due at 2020-08-02 00:34:11.748400+08:00 (in 59.986304 seconds)
[2020-08-02 00:34:11,758][base.py:940][DEBUG][10800] - Looking for jobs to run
[2020-08-02 00:34:11,759][base.py:123][INFO][15104] - Running job "time_task (trigger: interval[0:01:00], next run at: 2020-08-02 00:34:11 CST)" (scheduled at 2020-08-02 00:34:11.748400+08:00)
[2020-08-02 00:34:11,760][base.py:144][INFO][15104] - Job "time_task (trigger: interval[0:01:00], next run at: 2020-08-02 00:34:11 CST)" executed successfully
[2020-08-02 00:34:11,761][base.py:1020][DEBUG][10800] - Next wakeup is due at 2020-08-02 00:35:11.748400+08:00 (in 59.990295 seconds)
[2020-08-02 00:35:11,759][base.py:940][DEBUG][10800] - Looking for jobs to run
[2020-08-02 00:35:11,760][base.py:123][INFO][15160] - Running job "time_task (trigger: interval[0:01:00], next run at: 2020-08-02 00:35:11 CST)" (scheduled at 2020-08-02 00:35:11.748400+08:00)
[2020-08-02 00:35:11,761][base.py:1020][DEBUG][10800] - Next wakeup is due at 2020-08-02 00:36:11.748400+08:00 (in 59.989001 seconds)
[2020-08-02 00:35:11,762][base.py:144][INFO][15160] - Job "time_task (trigger: interval[0:01:00], next run at: 2020-08-02 00:36:11 CST)" executed successfully
[2020-08-02 00:36:11,759][base.py:940][DEBUG][10800] - Looking for jobs to run
[2020-08-02 00:36:11,760][base.py:123][INFO][12380] - Running job "time_task (trigger: interval[0:01:00], next run at: 2020-08-02 00:36:11 CST)" (scheduled at 2020-08-02 00:36:11.748400+08:00)
[2020-08-02 00:36:11,761][base.py:1020][DEBUG][10800] - Next wakeup is due at 2020-08-02 00:37:11.748400+08:00 (in 59.989289 seconds)
[2020-08-02 00:36:11,762][base.py:144][INFO][12380] - Job "time_task (trigger: interval[0:01:00], next run at: 2020-08-02 00:37:11 CST)" executed successfully
[2020-08-02 00:37:11,758][base.py:940][DEBUG][10800] - Looking for jobs to run
[2020-08-02 00:37:11,759][base.py:1020][DEBUG][10800] - Next wakeup is due at 2020-08-02 00:38:11.748400+08:00 (in 59.989697 seconds)
[2020-08-02 00:37:11,759][base.py:123][INFO][4936] - Running job "time_task (trigger: interval[0:01:00], next run at: 2020-08-02 00:38:11 CST)" (scheduled at 2020-08-02 00:37:11.748400+08:00)
[2020-08-02 00:37:11,760][base.py:144][INFO][4936] - Job "time_task (trigger: interval[0:01:00], next run at: 2020-08-02 00:38:11 CST)" executed successfully
[2020-08-02 00:38:11,756][base.py:940][DEBUG][10800] - Looking for jobs to run
[2020-08-02 00:38:11,757][base.py:1020][DEBUG][10800] - Next wakeup is due at 2020-08-02 00:39:11.748400+08:00 (in 59.991752 seconds)
[2020-08-02 00:38:11,757][base.py:123][INFO][15100] - Running job "time_task (trigger: interval[0:01:00], next run at: 2020-08-02 00:39:11 CST)" (scheduled at 2020-08-02 00:38:11.748400+08:00)
[2020-08-02 00:38:11,758][base.py:144][INFO][15100] - Job "time_task (trigger: interval[0:01:00], next run at: 2020-08-02 00:39:11 CST)" executed successfully
[2020-08-02 00:39:11,758][base.py:940][DEBUG][10800] - Looking for jobs to run
[2020-08-02 00:39:11,759][base.py:1020][DEBUG][10800] - Next wakeup is due at 2020-08-02 00:40:11.748400+08:00 (in 59.990214 seconds)
[2020-08-02 00:39:11,759][base.py:123][INFO][7612] - Running job "time_task (trigger: interval[0:01:00], next run at: 2020-08-02 00:40:11 CST)" (scheduled at 2020-08-02 00:39:11.748400+08:00)
[2020-08-02 00:39:11,760][base.py:144][INFO][7612] - Job "time_task (trigger: interval[0:01:00], next run at: 2020-08-02 00:40:11 CST)" executed successfully
[2020-08-02 00:40:11,759][base.py:940][DEBUG][10800] - Looking for jobs to run
[2020-08-02 00:40:11,760][base.py:1020][DEBUG][10800] - Next wakeup is due at 2020-08-02 00:41:11.748400+08:00 (in 59.989328 seconds)
[2020-08-02 00:40:11,760][base.py:123][INFO][15160] - Running job "time_task (trigger: interval[0:01:00], next run at: 2020-08-02 00:41:11 CST)" (scheduled at 2020-08-02 00:40:11.748400+08:00)
[2020-08-02 00:40:11,761][base.py:144][INFO][15160] - Job "time_task (trigger: interval[0:01:00], next run at: 2020-08-02 00:41:11 CST)" executed successfully
[2020-08-02 00:41:11,757][base.py:940][DEBUG][10800] - Looking for jobs to run
[2020-08-02 00:41:11,758][base.py:1020][DEBUG][10800] - Next wakeup is due at 2020-08-02 00:42:11.748400+08:00 (in 59.991322 seconds)
[2020-08-02 00:41:11,758][base.py:123][INFO][4040] - Running job "time_task (trigger: interval[0:01:00], next run at: 2020-08-02 00:42:11 CST)" (scheduled at 2020-08-02 00:41:11.748400+08:00)
[2020-08-02 00:41:11,759][base.py:144][INFO][4040] - Job "time_task (trigger: interval[0:01:00], next run at: 2020-08-02 00:42:11 CST)" executed successfully
[2020-08-02 00:42:11,758][base.py:940][DEBUG][10800] - Looking for jobs to run
[2020-08-02 00:42:11,759][base.py:1020][DEBUG][10800] - Next wakeup is due at 2020-08-02 00:43:11.748400+08:00 (in 59.990012 seconds)
[2020-08-02 00:42:11,759][base.py:123][INFO][2292] - Running job "time_task (trigger: interval[0:01:00], next run at: 2020-08-02 00:43:11 CST)" (scheduled at 2020-08-02 00:42:11.748400+08:00)
[2020-08-02 00:42:11,760][base.py:144][INFO][2292] - Job "time_task (trigger: interval[0:01:00], next run at: 2020-08-02 00:43:11 CST)" executed successfully
[2020-08-02 00:43:11,758][base.py:940][DEBUG][10800] - Looking for jobs to run
[2020-08-02 00:43:11,758][base.py:1020][DEBUG][10800] - Next wakeup is due at 2020-08-02 00:44:11.748400+08:00 (in 59.990384 seconds)
[2020-08-02 00:43:11,758][base.py:123][INFO][15104] - Running job "time_task (trigger: interval[0:01:00], next run at: 2020-08-02 00:44:11 CST)" (scheduled at 2020-08-02 00:43:11.748400+08:00)
[2020-08-02 00:43:11,759][base.py:144][INFO][15104] - Job "time_task (trigger: interval[0:01:00], next run at: 2020-08-02 00:44:11 CST)" executed successfully
[2020-08-02 00:44:11,757][base.py:940][DEBUG][10800] - Looking for jobs to run
[2020-08-02 00:44:11,758][base.py:1020][DEBUG][10800] - Next wakeup is due at 2020-08-02 00:45:11.748400+08:00 (in 59.990440 seconds)
[2020-08-02 00:44:11,758][base.py:123][INFO][13104] - Running job "time_task (trigger: interval[0:01:00], next run at: 2020-08-02 00:45:11 CST)" (scheduled at 2020-08-02 00:44:11.748400+08:00)
[2020-08-02 00:44:11,759][base.py:144][INFO][13104] - Job "time_task (trigger: interval[0:01:00], next run at: 2020-08-02 00:45:11 CST)" executed successfully
[2020-08-02 00:45:11,757][base.py:940][DEBUG][10800] - Looking for jobs to run
[2020-08-02 00:45:11,758][base.py:1020][DEBUG][10800] - Next wakeup is due at 2020-08-02 00:46:11.748400+08:00 (in 59.991376 seconds)
[2020-08-02 00:45:11,758][base.py:123][INFO][15820] - Running job "time_task (trigger: interval[0:01:00], next run at: 2020-08-02 00:46:11 CST)" (scheduled at 2020-08-02 00:45:11.748400+08:00)
[2020-08-02 00:45:11,758][base.py:144][INFO][15820] - Job "time_task (trigger: interval[0:01:00], next run at: 2020-08-02 00:46:11 CST)" executed successfully
[2020-08-02 00:46:11,759][base.py:940][DEBUG][10800] - Looking for jobs to run
[2020-08-02 00:46:11,760][base.py:1020][DEBUG][10800] - Next wakeup is due at 2020-08-02 00:47:11.748400+08:00 (in 59.988846 seconds)
[2020-08-02 00:46:11,760][base.py:123][INFO][12380] - Running job "time_task (trigger: interval[0:01:00], next run at: 2020-08-02 00:47:11 CST)" (scheduled at 2020-08-02 00:46:11.748400+08:00)
[2020-08-02 00:46:11,761][base.py:144][INFO][12380] - Job "time_task (trigger: interval[0:01:00], next run at: 2020-08-02 00:47:11 CST)" executed successfully
[2020-08-02 00:47:11,759][base.py:940][DEBUG][10800] - Looking for jobs to run
[2020-08-02 00:47:11,760][base.py:1020][DEBUG][10800] - Next wakeup is due at 2020-08-02 00:48:11.748400+08:00 (in 59.988507 seconds)
[2020-08-02 00:47:11,760][base.py:123][INFO][4936] - Running job "time_task (trigger: interval[0:01:00], next run at: 2020-08-02 00:48:11 CST)" (scheduled at 2020-08-02 00:47:11.748400+08:00)
[2020-08-02 00:47:11,761][base.py:144][INFO][4936] - Job "time_task (trigger: interval[0:01:00], next run at: 2020-08-02 00:48:11 CST)" executed successfully
[2020-08-02 00:48:11,756][base.py:940][DEBUG][10800] - Looking for jobs to run
[2020-08-02 00:48:11,757][base.py:1020][DEBUG][10800] - Next wakeup is due at 2020-08-02 00:49:11.748400+08:00 (in 59.992049 seconds)
[2020-08-02 00:48:11,757][base.py:123][INFO][15100] - Running job "time_task (trigger: interval[0:01:00], next run at: 2020-08-02 00:49:11 CST)" (scheduled at 2020-08-02 00:48:11.748400+08:00)
[2020-08-02 00:48:11,758][base.py:144][INFO][15100] - Job "time_task (trigger: interval[0:01:00], next run at: 2020-08-02 00:49:11 CST)" executed successfully
[2020-08-02 00:49:11,760][base.py:940][DEBUG][10800] - Looking for jobs to run
[2020-08-02 00:49:11,761][base.py:1020][DEBUG][10800] - Next wakeup is due at 2020-08-02 00:50:11.748400+08:00 (in 59.987426 seconds)
[2020-08-02 00:49:11,761][base.py:123][INFO][7612] - Running job "time_task (trigger: interval[0:01:00], next run at: 2020-08-02 00:50:11 CST)" (scheduled at 2020-08-02 00:49:11.748400+08:00)
[2020-08-02 00:49:11,762][base.py:144][INFO][7612] - Job "time_task (trigger: interval[0:01:00], next run at: 2020-08-02 00:50:11 CST)" executed successfully
[2020-08-02 00:50:11,759][base.py:940][DEBUG][10800] - Looking for jobs to run
[2020-08-02 00:50:11,760][base.py:1020][DEBUG][10800] - Next wakeup is due at 2020-08-02 00:51:11.748400+08:00 (in 59.988498 seconds)
[2020-08-02 00:50:11,760][base.py:123][INFO][15160] - Running job "time_task (trigger: interval[0:01:00], next run at: 2020-08-02 00:51:11 CST)" (scheduled at 2020-08-02 00:50:11.748400+08:00)
[2020-08-02 00:50:11,761][base.py:144][INFO][15160] - Job "time_task (trigger: interval[0:01:00], next run at: 2020-08-02 00:51:11 CST)" executed successfully
[2020-08-02 00:51:11,760][base.py:940][DEBUG][10800] - Looking for jobs to run
[2020-08-02 00:51:11,761][base.py:1020][DEBUG][10800] - Next wakeup is due at 2020-08-02 00:52:11.748400+08:00 (in 59.988136 seconds)
[2020-08-02 00:51:11,761][base.py:123][INFO][4040] - Running job "time_task (trigger: interval[0:01:00], next run at: 2020-08-02 00:52:11 CST)" (scheduled at 2020-08-02 00:51:11.748400+08:00)
[2020-08-02 00:51:11,762][base.py:144][INFO][4040] - Job "time_task (trigger: interval[0:01:00], next run at: 2020-08-02 00:52:11 CST)" executed successfully
[2020-08-02 00:52:11,756][base.py:940][DEBUG][10800] - Looking for jobs to run
[2020-08-02 00:52:11,757][base.py:1020][DEBUG][10800] - Next wakeup is due at 2020-08-02 00:53:11.748400+08:00 (in 59.991645 seconds)
[2020-08-02 00:52:11,757][base.py:123][INFO][2292] - Running job "time_task (trigger: interval[0:01:00], next run at: 2020-08-02 00:53:11 CST)" (scheduled at 2020-08-02 00:52:11.748400+08:00)
[2020-08-02 00:52:11,758][base.py:144][INFO][2292] - Job "time_task (trigger: interval[0:01:00], next run at: 2020-08-02 00:53:11 CST)" executed successfully
[2020-08-02 00:53:11,759][base.py:940][DEBUG][10800] - Looking for jobs to run
[2020-08-02 00:53:11,760][base.py:1020][DEBUG][10800] - Next wakeup is due at 2020-08-02 00:54:11.748400+08:00 (in 59.989265 seconds)
[2020-08-02 00:53:11,760][base.py:123][INFO][15104] - Running job "time_task (trigger: interval[0:01:00], next run at: 2020-08-02 00:54:11 CST)" (scheduled at 2020-08-02 00:53:11.748400+08:00)
[2020-08-02 00:53:11,761][base.py:144][INFO][15104] - Job "time_task (trigger: interval[0:01:00], next run at: 2020-08-02 00:54:11 CST)" executed successfully
[2020-08-02 00:54:11,757][base.py:940][DEBUG][10800] - Looking for jobs to run
[2020-08-02 00:54:11,758][base.py:1020][DEBUG][10800] - Next wakeup is due at 2020-08-02 00:55:11.748400+08:00 (in 59.990865 seconds)
[2020-08-02 00:54:11,758][base.py:123][INFO][13104] - Running job "time_task (trigger: interval[0:01:00], next run at: 2020-08-02 00:55:11 CST)" (scheduled at 2020-08-02 00:54:11.748400+08:00)
[2020-08-02 00:54:11,759][base.py:144][INFO][13104] - Job "time_task (trigger: interval[0:01:00], next run at: 2020-08-02 00:55:11 CST)" executed successfully
[2020-08-02 00:55:11,758][base.py:940][DEBUG][10800] - Looking for jobs to run
[2020-08-02 00:55:11,759][base.py:1020][DEBUG][10800] - Next wakeup is due at 2020-08-02 00:56:11.748400+08:00 (in 59.989932 seconds)
[2020-08-02 00:55:11,759][base.py:123][INFO][15820] - Running job "time_task (trigger: interval[0:01:00], next run at: 2020-08-02 00:56:11 CST)" (scheduled at 2020-08-02 00:55:11.748400+08:00)
[2020-08-02 00:55:11,760][base.py:144][INFO][15820] - Job "time_task (trigger: interval[0:01:00], next run at: 2020-08-02 00:56:11 CST)" executed successfully
[2020-08-02 00:56:11,762][base.py:940][DEBUG][10800] - Looking for jobs to run
[2020-08-02 00:56:11,763][base.py:1020][DEBUG][10800] - Next wakeup is due at 2020-08-02 00:57:11.748400+08:00 (in 59.986363 seconds)
[2020-08-02 00:56:11,763][base.py:123][INFO][12380] - Running job "time_task (trigger: interval[0:01:00], next run at: 2020-08-02 00:57:11 CST)" (scheduled at 2020-08-02 00:56:11.748400+08:00)
[2020-08-02 00:56:11,764][base.py:144][INFO][12380] - Job "time_task (trigger: interval[0:01:00], next run at: 2020-08-02 00:57:11 CST)" executed successfully
[2020-08-02 00:57:11,757][base.py:940][DEBUG][10800] - Looking for jobs to run
[2020-08-02 00:57:11,758][base.py:1020][DEBUG][10800] - Next wakeup is due at 2020-08-02 00:58:11.748400+08:00 (in 59.991393 seconds)
[2020-08-02 00:57:11,758][base.py:123][INFO][4936] - Running job "time_task (trigger: interval[0:01:00], next run at: 2020-08-02 00:58:11 CST)" (scheduled at 2020-08-02 00:57:11.748400+08:00)
[2020-08-02 00:57:11,758][base.py:144][INFO][4936] - Job "time_task (trigger: interval[0:01:00], next run at: 2020-08-02 00:58:11 CST)" executed successfully
[2020-08-02 06:03:24,072][base.py:940][DEBUG][10800] - Looking for jobs to run
[2020-08-02 06:03:24,074][base.py:1020][DEBUG][10800] - Next wakeup is due at 2020-08-02 06:04:11.748400+08:00 (in 47.675527 seconds)
[2020-08-02 06:03:24,074][base.py:120][WARNING][15100] - Run time of job "time_task (trigger: interval[0:01:00], next run at: 2020-08-02 06:04:11 CST)" was missed by 0:00:12.326455
[2020-08-02 06:04:11,757][base.py:940][DEBUG][10800] - Looking for jobs to run
[2020-08-02 06:04:11,757][base.py:1020][DEBUG][10800] - Next wakeup is due at 2020-08-02 06:05:11.748400+08:00 (in 59.990643 seconds)
[2020-08-02 06:04:11,757][base.py:123][INFO][7612] - Running job "time_task (trigger: interval[0:01:00], next run at: 2020-08-02 06:05:11 CST)" (scheduled at 2020-08-02 06:04:11.748400+08:00)
[2020-08-02 06:04:11,757][base.py:144][INFO][7612] - Job "time_task (trigger: interval[0:01:00], next run at: 2020-08-02 06:05:11 CST)" executed successfully
[2020-08-02 06:05:11,757][base.py:940][DEBUG][10800] - Looking for jobs to run
[2020-08-02 06:05:11,758][base.py:1020][DEBUG][10800] - Next wakeup is due at 2020-08-02 06:06:11.748400+08:00 (in 59.991393 seconds)
[2020-08-02 06:05:11,758][base.py:123][INFO][15160] - Running job "time_task (trigger: interval[0:01:00], next run at: 2020-08-02 06:06:11 CST)" (scheduled at 2020-08-02 06:05:11.748400+08:00)
[2020-08-02 06:05:11,759][base.py:144][INFO][15160] - Job "time_task (trigger: interval[0:01:00], next run at: 2020-08-02 06:06:11 CST)" executed successfully
[2020-08-02 06:06:11,758][base.py:940][DEBUG][10800] - Looking for jobs to run
[2020-08-02 06:06:11,759][base.py:1020][DEBUG][10800] - Next wakeup is due at 2020-08-02 06:07:11.748400+08:00 (in 59.989969 seconds)
[2020-08-02 06:06:11,759][base.py:123][INFO][4040] - Running job "time_task (trigger: interval[0:01:00], next run at: 2020-08-02 06:07:11 CST)" (scheduled at 2020-08-02 06:06:11.748400+08:00)
[2020-08-02 06:06:11,760][base.py:144][INFO][4040] - Job "time_task (trigger: interval[0:01:00], next run at: 2020-08-02 06:07:11 CST)" executed successfully
[2020-08-02 06:07:11,757][base.py:940][DEBUG][10800] - Looking for jobs to run
[2020-08-02 06:07:11,757][base.py:1020][DEBUG][10800] - Next wakeup is due at 2020-08-02 06:08:11.748400+08:00 (in 59.991378 seconds)
[2020-08-02 06:07:11,757][base.py:123][INFO][2292] - Running job "time_task (trigger: interval[0:01:00], next run at: 2020-08-02 06:08:11 CST)" (scheduled at 2020-08-02 06:07:11.748400+08:00)
[2020-08-02 06:07:11,758][base.py:144][INFO][2292] - Job "time_task (trigger: interval[0:01:00], next run at: 2020-08-02 06:08:11 CST)" executed successfully
[2020-08-02 06:08:11,758][base.py:940][DEBUG][10800] - Looking for jobs to run
[2020-08-02 06:08:11,759][base.py:1020][DEBUG][10800] - Next wakeup is due at 2020-08-02 06:09:11.748400+08:00 (in 59.990145 seconds)
[2020-08-02 06:08:11,759][base.py:123][INFO][15100] - Running job "time_task (trigger: interval[0:01:00], next run at: 2020-08-02 06:09:11 CST)" (scheduled at 2020-08-02 06:08:11.748400+08:00)
[2020-08-02 06:08:11,760][base.py:144][INFO][15100] - Job "time_task (trigger: interval[0:01:00], next run at: 2020-08-02 06:09:11 CST)" executed successfully
[2020-08-02 06:09:11,758][base.py:940][DEBUG][10800] - Looking for jobs to run
[2020-08-02 06:09:11,759][base.py:1020][DEBUG][10800] - Next wakeup is due at 2020-08-02 06:10:11.748400+08:00 (in 59.990320 seconds)
[2020-08-02 06:09:11,759][base.py:123][INFO][13104] - Running job "time_task (trigger: interval[0:01:00], next run at: 2020-08-02 06:10:11 CST)" (scheduled at 2020-08-02 06:09:11.748400+08:00)
[2020-08-02 06:09:11,760][base.py:144][INFO][13104] - Job "time_task (trigger: interval[0:01:00], next run at: 2020-08-02 06:10:11 CST)" executed successfully
[2020-08-02 06:10:11,758][base.py:940][DEBUG][10800] - Looking for jobs to run
[2020-08-02 06:10:11,759][base.py:1020][DEBUG][10800] - Next wakeup is due at 2020-08-02 06:11:11.748400+08:00 (in 59.990343 seconds)
[2020-08-02 06:10:11,759][base.py:123][INFO][15820] - Running job "time_task (trigger: interval[0:01:00], next run at: 2020-08-02 06:11:11 CST)" (scheduled at 2020-08-02 06:10:11.748400+08:00)
[2020-08-02 06:10:11,760][base.py:144][INFO][15820] - Job "time_task (trigger: interval[0:01:00], next run at: 2020-08-02 06:11:11 CST)" executed successfully
[2020-08-02 06:11:11,758][base.py:940][DEBUG][10800] - Looking for jobs to run
[2020-08-02 06:11:11,759][base.py:1020][DEBUG][10800] - Next wakeup is due at 2020-08-02 06:12:11.748400+08:00 (in 59.989529 seconds)
[2020-08-02 06:11:11,759][base.py:123][INFO][12380] - Running job "time_task (trigger: interval[0:01:00], next run at: 2020-08-02 06:12:11 CST)" (scheduled at 2020-08-02 06:11:11.748400+08:00)
[2020-08-02 06:11:11,760][base.py:144][INFO][12380] - Job "time_task (trigger: interval[0:01:00], next run at: 2020-08-02 06:12:11 CST)" executed successfully
[2020-08-02 06:12:11,756][base.py:940][DEBUG][10800] - Looking for jobs to run
[2020-08-02 06:12:11,757][base.py:1020][DEBUG][10800] - Next wakeup is due at 2020-08-02 06:13:11.748400+08:00 (in 59.992235 seconds)
[2020-08-02 06:12:11,757][base.py:123][INFO][4936] - Running job "time_task (trigger: interval[0:01:00], next run at: 2020-08-02 06:13:11 CST)" (scheduled at 2020-08-02 06:12:11.748400+08:00)
[2020-08-02 06:12:11,758][base.py:144][INFO][4936] - Job "time_task (trigger: interval[0:01:00], next run at: 2020-08-02 06:13:11 CST)" executed successfully
[2020-08-02 06:13:11,760][base.py:940][DEBUG][10800] - Looking for jobs to run
[2020-08-02 06:13:11,761][base.py:1020][DEBUG][10800] - Next wakeup is due at 2020-08-02 06:14:11.748400+08:00 (in 59.988254 seconds)
[2020-08-02 06:13:11,761][base.py:123][INFO][15104] - Running job "time_task (trigger: interval[0:01:00], next run at: 2020-08-02 06:14:11 CST)" (scheduled at 2020-08-02 06:13:11.748400+08:00)
[2020-08-02 06:13:11,762][base.py:144][INFO][15104] - Job "time_task (trigger: interval[0:01:00], next run at: 2020-08-02 06:14:11 CST)" executed successfully
[2020-08-02 06:14:11,760][base.py:940][DEBUG][10800] - Looking for jobs to run
[2020-08-02 06:14:11,761][base.py:1020][DEBUG][10800] - Next wakeup is due at 2020-08-02 06:15:11.748400+08:00 (in 59.987907 seconds)
[2020-08-02 06:14:11,761][base.py:123][INFO][7612] - Running job "time_task (trigger: interval[0:01:00], next run at: 2020-08-02 06:15:11 CST)" (scheduled at 2020-08-02 06:14:11.748400+08:00)
[2020-08-02 06:14:11,762][base.py:144][INFO][7612] - Job "time_task (trigger: interval[0:01:00], next run at: 2020-08-02 06:15:11 CST)" executed successfully
[2020-08-02 06:15:11,759][base.py:940][DEBUG][10800] - Looking for jobs to run
[2020-08-02 06:15:11,760][base.py:1020][DEBUG][10800] - Next wakeup is due at 2020-08-02 06:16:11.748400+08:00 (in 59.988917 seconds)
[2020-08-02 06:15:11,760][base.py:123][INFO][15160] - Running job "time_task (trigger: interval[0:01:00], next run at: 2020-08-02 06:16:11 CST)" (scheduled at 2020-08-02 06:15:11.748400+08:00)
[2020-08-02 06:15:11,761][base.py:144][INFO][15160] - Job "time_task (trigger: interval[0:01:00], next run at: 2020-08-02 06:16:11 CST)" executed successfully
[2020-08-02 06:16:11,760][base.py:940][DEBUG][10800] - Looking for jobs to run
[2020-08-02 06:16:11,761][base.py:1020][DEBUG][10800] - Next wakeup is due at 2020-08-02 06:17:11.748400+08:00 (in 59.987775 seconds)
[2020-08-02 06:16:11,761][base.py:123][INFO][4040] - Running job "time_task (trigger: interval[0:01:00], next run at: 2020-08-02 06:17:11 CST)" (scheduled at 2020-08-02 06:16:11.748400+08:00)
[2020-08-02 06:16:11,762][base.py:144][INFO][4040] - Job "time_task (trigger: interval[0:01:00], next run at: 2020-08-02 06:17:11 CST)" executed successfully
[2020-08-02 06:17:11,759][base.py:940][DEBUG][10800] - Looking for jobs to run
[2020-08-02 06:17:11,760][base.py:1020][DEBUG][10800] - Next wakeup is due at 2020-08-02 06:18:11.748400+08:00 (in 59.989012 seconds)
[2020-08-02 06:17:11,760][base.py:123][INFO][2292] - Running job "time_task (trigger: interval[0:01:00], next run at: 2020-08-02 06:18:11 CST)" (scheduled at 2020-08-02 06:17:11.748400+08:00)
[2020-08-02 06:17:11,761][base.py:144][INFO][2292] - Job "time_task (trigger: interval[0:01:00], next run at: 2020-08-02 06:18:11 CST)" executed successfully
[2020-08-02 06:18:11,757][base.py:940][DEBUG][10800] - Looking for jobs to run
[2020-08-02 06:18:11,758][base.py:1020][DEBUG][10800] - Next wakeup is due at 2020-08-02 06:19:11.748400+08:00 (in 59.990410 seconds)
[2020-08-02 06:18:11,758][base.py:123][INFO][15100] - Running job "time_task (trigger: interval[0:01:00], next run at: 2020-08-02 06:19:11 CST)" (scheduled at 2020-08-02 06:18:11.748400+08:00)
[2020-08-02 06:18:11,759][base.py:144][INFO][15100] - Job "time_task (trigger: interval[0:01:00], next run at: 2020-08-02 06:19:11 CST)" executed successfully
[2020-08-02 06:19:11,758][base.py:940][DEBUG][10800] - Looking for jobs to run
[2020-08-02 06:19:11,759][base.py:1020][DEBUG][10800] - Next wakeup is due at 2020-08-02 06:20:11.748400+08:00 (in 59.990167 seconds)
[2020-08-02 06:19:11,759][base.py:123][INFO][13104] - Running job "time_task (trigger: interval[0:01:00], next run at: 2020-08-02 06:20:11 CST)" (scheduled at 2020-08-02 06:19:11.748400+08:00)
[2020-08-02 06:19:11,760][base.py:144][INFO][13104] - Job "time_task (trigger: interval[0:01:00], next run at: 2020-08-02 06:20:11 CST)" executed successfully
[2020-08-02 06:20:11,757][base.py:940][DEBUG][10800] - Looking for jobs to run
[2020-08-02 06:20:11,758][base.py:1020][DEBUG][10800] - Next wakeup is due at 2020-08-02 06:21:11.748400+08:00 (in 59.990642 seconds)
[2020-08-02 06:20:11,758][base.py:123][INFO][15820] - Running job "time_task (trigger: interval[0:01:00], next run at: 2020-08-02 06:21:11 CST)" (scheduled at 2020-08-02 06:20:11.748400+08:00)
[2020-08-02 06:20:11,759][base.py:144][INFO][15820] - Job "time_task (trigger: interval[0:01:00], next run at: 2020-08-02 06:21:11 CST)" executed successfully
[2020-08-02 06:21:11,757][base.py:940][DEBUG][10800] - Looking for jobs to run
[2020-08-02 06:21:11,758][base.py:1020][DEBUG][10800] - Next wakeup is due at 2020-08-02 06:22:11.748400+08:00 (in 59.990507 seconds)
[2020-08-02 06:21:11,758][base.py:123][INFO][12380] - Running job "time_task (trigger: interval[0:01:00], next run at: 2020-08-02 06:22:11 CST)" (scheduled at 2020-08-02 06:21:11.748400+08:00)
[2020-08-02 06:21:11,759][base.py:144][INFO][12380] - Job "time_task (trigger: interval[0:01:00], next run at: 2020-08-02 06:22:11 CST)" executed successfully
[2020-08-02 06:22:11,757][base.py:940][DEBUG][10800] - Looking for jobs to run
[2020-08-02 06:22:11,758][base.py:1020][DEBUG][10800] - Next wakeup is due at 2020-08-02 06:23:11.748400+08:00 (in 59.990870 seconds)
[2020-08-02 06:22:11,758][base.py:123][INFO][4936] - Running job "time_task (trigger: interval[0:01:00], next run at: 2020-08-02 06:23:11 CST)" (scheduled at 2020-08-02 06:22:11.748400+08:00)
[2020-08-02 06:22:11,759][base.py:144][INFO][4936] - Job "time_task (trigger: interval[0:01:00], next run at: 2020-08-02 06:23:11 CST)" executed successfully
[2020-08-02 06:23:11,757][base.py:940][DEBUG][10800] - Looking for jobs to run
[2020-08-02 06:23:11,758][base.py:1020][DEBUG][10800] - Next wakeup is due at 2020-08-02 06:24:11.748400+08:00 (in 59.991256 seconds)
[2020-08-02 06:23:11,758][base.py:123][INFO][15104] - Running job "time_task (trigger: interval[0:01:00], next run at: 2020-08-02 06:24:11 CST)" (scheduled at 2020-08-02 06:23:11.748400+08:00)
[2020-08-02 06:23:11,759][base.py:144][INFO][15104] - Job "time_task (trigger: interval[0:01:00], next run at: 2020-08-02 06:24:11 CST)" executed successfully
[2020-08-02 06:24:11,758][base.py:940][DEBUG][10800] - Looking for jobs to run
[2020-08-02 06:24:11,759][base.py:1020][DEBUG][10800] - Next wakeup is due at 2020-08-02 06:25:11.748400+08:00 (in 59.989466 seconds)
[2020-08-02 06:24:11,759][base.py:123][INFO][7612] - Running job "time_task (trigger: interval[0:01:00], next run at: 2020-08-02 06:25:11 CST)" (scheduled at 2020-08-02 06:24:11.748400+08:00)
[2020-08-02 06:24:11,760][base.py:144][INFO][7612] - Job "time_task (trigger: interval[0:01:00], next run at: 2020-08-02 06:25:11 CST)" executed successfully
[2020-08-02 06:25:11,756][base.py:940][DEBUG][10800] - Looking for jobs to run
[2020-08-02 06:25:11,757][base.py:1020][DEBUG][10800] - Next wakeup is due at 2020-08-02 06:26:11.748400+08:00 (in 59.991537 seconds)
[2020-08-02 06:25:11,757][base.py:123][INFO][15160] - Running job "time_task (trigger: interval[0:01:00], next run at: 2020-08-02 06:26:11 CST)" (scheduled at 2020-08-02 06:25:11.748400+08:00)
[2020-08-02 06:25:11,758][base.py:144][INFO][15160] - Job "time_task (trigger: interval[0:01:00], next run at: 2020-08-02 06:26:11 CST)" executed successfully
[2020-08-02 06:26:11,758][base.py:940][DEBUG][10800] - Looking for jobs to run
[2020-08-02 06:26:11,759][base.py:1020][DEBUG][10800] - Next wakeup is due at 2020-08-02 06:27:11.748400+08:00 (in 59.990225 seconds)
[2020-08-02 06:26:11,759][base.py:123][INFO][4040] - Running job "time_task (trigger: interval[0:01:00], next run at: 2020-08-02 06:27:11 CST)" (scheduled at 2020-08-02 06:26:11.748400+08:00)
[2020-08-02 06:26:11,760][base.py:144][INFO][4040] - Job "time_task (trigger: interval[0:01:00], next run at: 2020-08-02 06:27:11 CST)" executed successfully
[2020-08-02 06:27:11,758][base.py:940][DEBUG][10800] - Looking for jobs to run
[2020-08-02 06:27:11,759][base.py:1020][DEBUG][10800] - Next wakeup is due at 2020-08-02 06:28:11.748400+08:00 (in 59.990293 seconds)
[2020-08-02 06:27:11,759][base.py:123][INFO][2292] - Running job "time_task (trigger: interval[0:01:00], next run at: 2020-08-02 06:28:11 CST)" (scheduled at 2020-08-02 06:27:11.748400+08:00)
[2020-08-02 06:27:11,760][base.py:144][INFO][2292] - Job "time_task (trigger: interval[0:01:00], next run at: 2020-08-02 06:28:11 CST)" executed successfully
[2020-08-02 06:28:11,757][base.py:940][DEBUG][10800] - Looking for jobs to run
[2020-08-02 06:28:11,758][base.py:1020][DEBUG][10800] - Next wakeup is due at 2020-08-02 06:29:11.748400+08:00 (in 59.990655 seconds)
[2020-08-02 06:28:11,758][base.py:123][INFO][15100] - Running job "time_task (trigger: interval[0:01:00], next run at: 2020-08-02 06:29:11 CST)" (scheduled at 2020-08-02 06:28:11.748400+08:00)
[2020-08-02 06:28:11,759][base.py:144][INFO][15100] - Job "time_task (trigger: interval[0:01:00], next run at: 2020-08-02 06:29:11 CST)" executed successfully
[2020-08-02 06:29:11,757][base.py:940][DEBUG][10800] - Looking for jobs to run
[2020-08-02 06:29:11,758][base.py:1020][DEBUG][10800] - Next wakeup is due at 2020-08-02 06:30:11.748400+08:00 (in 59.990976 seconds)
[2020-08-02 06:29:11,758][base.py:123][INFO][13104] - Running job "time_task (trigger: interval[0:01:00], next run at: 2020-08-02 06:30:11 CST)" (scheduled at 2020-08-02 06:29:11.748400+08:00)
[2020-08-02 06:29:11,759][base.py:144][INFO][13104] - Job "time_task (trigger: interval[0:01:00], next run at: 2020-08-02 06:30:11 CST)" executed successfully
[2020-08-02 06:30:11,756][base.py:940][DEBUG][10800] - Looking for jobs to run
[2020-08-02 06:30:11,757][base.py:1020][DEBUG][10800] - Next wakeup is due at 2020-08-02 06:31:11.748400+08:00 (in 59.991782 seconds)
[2020-08-02 06:30:11,757][base.py:123][INFO][15820] - Running job "time_task (trigger: interval[0:01:00], next run at: 2020-08-02 06:31:11 CST)" (scheduled at 2020-08-02 06:30:11.748400+08:00)
[2020-08-02 06:30:11,758][base.py:144][INFO][15820] - Job "time_task (trigger: interval[0:01:00], next run at: 2020-08-02 06:31:11 CST)" executed successfully
[2020-08-02 06:31:11,759][base.py:940][DEBUG][10800] - Looking for jobs to run
[2020-08-02 06:31:11,759][base.py:1020][DEBUG][10800] - Next wakeup is due at 2020-08-02 06:32:11.748400+08:00 (in 59.989378 seconds)
[2020-08-02 06:31:11,759][base.py:123][INFO][12380] - Running job "time_task (trigger: interval[0:01:00], next run at: 2020-08-02 06:32:11 CST)" (scheduled at 2020-08-02 06:31:11.748400+08:00)
[2020-08-02 06:31:11,760][base.py:144][INFO][12380] - Job "time_task (trigger: interval[0:01:00], next run at: 2020-08-02 06:32:11 CST)" executed successfully
[2020-08-02 06:32:11,757][base.py:940][DEBUG][10800] - Looking for jobs to run
[2020-08-02 06:32:11,758][base.py:1020][DEBUG][10800] - Next wakeup is due at 2020-08-02 06:33:11.748400+08:00 (in 59.991197 seconds)
[2020-08-02 06:32:11,758][base.py:123][INFO][4936] - Running job "time_task (trigger: interval[0:01:00], next run at: 2020-08-02 06:33:11 CST)" (scheduled at 2020-08-02 06:32:11.748400+08:00)
[2020-08-02 06:32:11,759][base.py:144][INFO][4936] - Job "time_task (trigger: interval[0:01:00], next run at: 2020-08-02 06:33:11 CST)" executed successfully
[2020-08-02 06:33:11,760][base.py:940][DEBUG][10800] - Looking for jobs to run
[2020-08-02 06:33:11,761][base.py:1020][DEBUG][10800] - Next wakeup is due at 2020-08-02 06:34:11.748400+08:00 (in 59.988239 seconds)
[2020-08-02 06:33:11,761][base.py:123][INFO][15104] - Running job "time_task (trigger: interval[0:01:00], next run at: 2020-08-02 06:34:11 CST)" (scheduled at 2020-08-02 06:33:11.748400+08:00)
[2020-08-02 06:33:11,762][base.py:144][INFO][15104] - Job "time_task (trigger: interval[0:01:00], next run at: 2020-08-02 06:34:11 CST)" executed successfully
[2020-08-02 10:50:52,055][base.py:940][DEBUG][10800] - Looking for jobs to run
[2020-08-02 10:50:52,057][base.py:1020][DEBUG][10800] - Next wakeup is due at 2020-08-02 10:51:11.748400+08:00 (in 19.693041 seconds)
[2020-08-02 10:50:52,057][base.py:120][WARNING][7612] - Run time of job "time_task (trigger: interval[0:01:00], next run at: 2020-08-02 10:51:11 CST)" was missed by 0:00:40.308941
[2020-08-02 10:51:11,759][base.py:940][DEBUG][10800] - Looking for jobs to run
[2020-08-02 10:51:11,759][base.py:1020][DEBUG][10800] - Next wakeup is due at 2020-08-02 10:52:11.748400+08:00 (in 59.989359 seconds)
[2020-08-02 10:51:11,759][base.py:123][INFO][15160] - Running job "time_task (trigger: interval[0:01:00], next run at: 2020-08-02 10:52:11 CST)" (scheduled at 2020-08-02 10:51:11.748400+08:00)
[2020-08-02 10:51:11,759][base.py:144][INFO][15160] - Job "time_task (trigger: interval[0:01:00], next run at: 2020-08-02 10:52:11 CST)" executed successfully
[2020-08-02 10:55:11,269][__init__.py:14][INFO][11252] - app started
[2020-08-02 10:55:11,270][__init__.py:18][INFO][11252] - Environment -> ProductConfig
[2020-08-02 10:55:11,362][base.py:440][INFO][11252] - Adding job tentatively -- it will be properly scheduled when the scheduler starts
[2020-08-02 10:55:11,363][base.py:881][INFO][11252] - Added job "time_task" to job store "default"
[2020-08-02 10:55:11,363][base.py:166][INFO][11252] - Scheduler started
[2020-08-02 10:55:11,364][base.py:940][DEBUG][13948] - Looking for jobs to run
[2020-08-02 10:55:11,364][base.py:1020][DEBUG][13948] - Next wakeup is due at 2020-08-02 10:56:11.362435+08:00 (in 59.998014 seconds)
[2020-08-02 10:55:11,381][_internal.py:113][INFO][11252] -  * Running on http://0.0.0.0:5000/ (Press CTRL+C to quit)
[2020-08-02 10:55:15,312][_internal.py:113][INFO][12680] - 127.0.0.1 - - [02/Aug/2020 10:55:15] "[33mGET /index HTTP/1.1[0m" 404 -
[2020-08-02 10:55:15,463][_internal.py:113][INFO][1844] - 127.0.0.1 - - [02/Aug/2020 10:55:15] "[33mGET /favicon.ico HTTP/1.1[0m" 404 -
[2020-08-02 10:55:34,200][_internal.py:113][INFO][10172] - 127.0.0.1 - - [02/Aug/2020 10:55:34] "[33mGET / HTTP/1.1[0m" 404 -
[2020-08-02 10:55:43,617][_internal.py:113][INFO][16244] - 127.0.0.1 - - [02/Aug/2020 10:55:43] "[37mGET /user/test HTTP/1.1[0m" 200 -
[2020-08-02 10:56:11,364][base.py:940][DEBUG][13948] - Looking for jobs to run
[2020-08-02 10:56:11,366][base.py:123][INFO][14516] - Running job "time_task (trigger: interval[0:01:00], next run at: 2020-08-02 10:56:11 CST)" (scheduled at 2020-08-02 10:56:11.362435+08:00)
[2020-08-02 10:56:11,367][base.py:1020][DEBUG][13948] - Next wakeup is due at 2020-08-02 10:57:11.362435+08:00 (in 59.998136 seconds)
[2020-08-02 10:56:11,367][base.py:144][INFO][14516] - Job "time_task (trigger: interval[0:01:00], next run at: 2020-08-02 10:57:11 CST)" executed successfully
[2020-08-02 10:57:11,367][base.py:940][DEBUG][13948] - Looking for jobs to run
[2020-08-02 10:57:11,367][base.py:123][INFO][14516] - Running job "time_task (trigger: interval[0:01:00], next run at: 2020-08-02 10:57:11 CST)" (scheduled at 2020-08-02 10:57:11.362435+08:00)
[2020-08-02 10:57:11,367][base.py:1020][DEBUG][13948] - Next wakeup is due at 2020-08-02 10:58:11.362435+08:00 (in 59.994715 seconds)
[2020-08-02 10:57:11,368][base.py:144][INFO][14516] - Job "time_task (trigger: interval[0:01:00], next run at: 2020-08-02 10:58:11 CST)" executed successfully
[2020-08-02 14:55:12,758][__init__.py:14][INFO][6404] - app started
[2020-08-02 14:55:12,758][__init__.py:18][INFO][6404] - Environment -> ProductConfig
[2020-08-02 14:55:12,863][base.py:440][INFO][6404] - Adding job tentatively -- it will be properly scheduled when the scheduler starts
[2020-08-02 14:55:12,864][base.py:881][INFO][6404] - Added job "time_task" to job store "default"
[2020-08-02 14:55:12,865][base.py:166][INFO][6404] - Scheduler started
[2020-08-02 14:55:12,865][base.py:940][DEBUG][14004] - Looking for jobs to run
[2020-08-02 14:55:12,865][base.py:1020][DEBUG][14004] - Next wakeup is due at 2020-08-02 14:56:12.863704+08:00 (in 59.998002 seconds)
[2020-08-02 14:55:12,883][_internal.py:113][INFO][6404] -  * Running on http://0.0.0.0:5000/ (Press CTRL+C to quit)
[2020-08-02 14:55:19,429][_internal.py:113][INFO][12680] - 127.0.0.1 - - [02/Aug/2020 14:55:19] "[37mGET /user/test HTTP/1.1[0m" 200 -
[2020-08-02 14:55:19,596][_internal.py:113][INFO][5540] - 127.0.0.1 - - [02/Aug/2020 14:55:19] "[33mGET /favicon.ico HTTP/1.1[0m" 404 -
[2020-08-02 14:55:21,713][_internal.py:113][INFO][7508] - 127.0.0.1 - - [02/Aug/2020 14:55:21] "[33mGET / HTTP/1.1[0m" 404 -
[2020-08-02 14:55:35,721][__init__.py:14][INFO][15240] - app started
[2020-08-02 14:55:35,721][__init__.py:18][INFO][15240] - Environment -> ProductConfig
[2020-08-02 14:55:35,808][base.py:440][INFO][15240] - Adding job tentatively -- it will be properly scheduled when the scheduler starts
[2020-08-02 14:55:35,809][base.py:881][INFO][15240] - Added job "time_task" to job store "default"
[2020-08-02 14:55:35,809][base.py:166][INFO][15240] - Scheduler started
[2020-08-02 14:55:35,810][base.py:940][DEBUG][13196] - Looking for jobs to run
[2020-08-02 14:55:35,810][base.py:1020][DEBUG][13196] - Next wakeup is due at 2020-08-02 14:56:35.808507+08:00 (in 59.998002 seconds)
[2020-08-02 14:55:35,826][_internal.py:113][INFO][15240] -  * Running on http://0.0.0.0:5000/ (Press CTRL+C to quit)
[2020-08-02 14:55:40,054][_internal.py:113][INFO][16232] - 127.0.0.1 - - [02/Aug/2020 14:55:40] "[33mGET /index HTTP/1.1[0m" 404 -
[2020-08-02 14:55:45,135][_internal.py:113][INFO][15636] - 127.0.0.1 - - [02/Aug/2020 14:55:45] "[37mGET /user/test HTTP/1.1[0m" 200 -
[2020-08-02 14:55:50,599][_internal.py:113][INFO][780] - 127.0.0.1 - - [02/Aug/2020 14:55:50] "[33mGET /index HTTP/1.1[0m" 404 -
[2020-08-02 14:56:02,246][_internal.py:113][INFO][2836] - 127.0.0.1 - - [02/Aug/2020 14:56:02] "[33mGET / HTTP/1.1[0m" 404 -
[2020-08-02 14:56:18,431][_internal.py:113][INFO][9248] - 127.0.0.1 - - [02/Aug/2020 14:56:18] "[33mGET /user/test2 HTTP/1.1[0m" 404 -
[2020-08-02 14:56:35,809][base.py:940][DEBUG][13196] - Looking for jobs to run
[2020-08-02 14:56:35,810][base.py:123][INFO][11108] - Running job "time_task (trigger: interval[0:01:00], next run at: 2020-08-02 14:56:35 CST)" (scheduled at 2020-08-02 14:56:35.808507+08:00)
[2020-08-02 14:56:35,811][base.py:1020][DEBUG][13196] - Next wakeup is due at 2020-08-02 14:57:35.808507+08:00 (in 59.998749 seconds)
[2020-08-02 14:56:35,812][base.py:144][INFO][11108] - Job "time_task (trigger: interval[0:01:00], next run at: 2020-08-02 14:57:35 CST)" executed successfully
[2020-08-02 14:57:29,068][__init__.py:14][INFO][3992] - app started
[2020-08-02 14:57:29,069][__init__.py:18][INFO][3992] - Environment -> ProductConfig
[2020-08-02 14:57:29,153][base.py:440][INFO][3992] - Adding job tentatively -- it will be properly scheduled when the scheduler starts
[2020-08-02 14:57:29,154][base.py:881][INFO][3992] - Added job "time_task" to job store "default"
[2020-08-02 14:57:29,154][base.py:166][INFO][3992] - Scheduler started
[2020-08-02 14:57:29,155][base.py:940][DEBUG][13752] - Looking for jobs to run
[2020-08-02 14:57:29,155][base.py:1020][DEBUG][13752] - Next wakeup is due at 2020-08-02 14:58:29.153672+08:00 (in 59.998001 seconds)
[2020-08-02 14:57:29,171][_internal.py:113][INFO][3992] -  * Running on http://0.0.0.0:5000/ (Press CTRL+C to quit)
[2020-08-02 14:57:31,201][_internal.py:113][INFO][1168] - 127.0.0.1 - - [02/Aug/2020 14:57:31] "[33mGET /user/test2 HTTP/1.1[0m" 404 -
[2020-08-02 14:57:34,931][_internal.py:113][INFO][452] - 127.0.0.1 - - [02/Aug/2020 14:57:34] "[33mGET /index HTTP/1.1[0m" 404 -
[2020-08-02 14:57:52,095][__init__.py:14][INFO][13864] - app started
[2020-08-02 14:57:52,095][__init__.py:18][INFO][13864] - Environment -> ProductConfig
[2020-08-02 14:57:52,179][base.py:440][INFO][13864] - Adding job tentatively -- it will be properly scheduled when the scheduler starts
[2020-08-02 14:57:52,180][base.py:881][INFO][13864] - Added job "time_task" to job store "default"
[2020-08-02 14:57:52,180][base.py:166][INFO][13864] - Scheduler started
[2020-08-02 14:57:52,181][base.py:940][DEBUG][2864] - Looking for jobs to run
[2020-08-02 14:57:52,181][base.py:1020][DEBUG][2864] - Next wakeup is due at 2020-08-02 14:58:52.179159+08:00 (in 59.998013 seconds)
[2020-08-02 14:57:52,197][_internal.py:113][INFO][13864] -  * Running on http://0.0.0.0:5000/ (Press CTRL+C to quit)
[2020-08-02 14:58:52,181][base.py:940][DEBUG][2864] - Looking for jobs to run
[2020-08-02 14:58:52,183][base.py:123][INFO][8012] - Running job "time_task (trigger: interval[0:01:00], next run at: 2020-08-02 14:58:52 CST)" (scheduled at 2020-08-02 14:58:52.179159+08:00)
[2020-08-02 14:58:52,183][base.py:1020][DEBUG][2864] - Next wakeup is due at 2020-08-02 14:59:52.179159+08:00 (in 59.998144 seconds)
[2020-08-02 14:58:52,184][base.py:144][INFO][8012] - Job "time_task (trigger: interval[0:01:00], next run at: 2020-08-02 14:59:52 CST)" executed successfully
[2020-08-02 14:59:52,184][base.py:940][DEBUG][2864] - Looking for jobs to run
[2020-08-02 14:59:52,185][base.py:123][INFO][8012] - Running job "time_task (trigger: interval[0:01:00], next run at: 2020-08-02 14:59:52 CST)" (scheduled at 2020-08-02 14:59:52.179159+08:00)
[2020-08-02 14:59:52,186][base.py:1020][DEBUG][2864] - Next wakeup is due at 2020-08-02 15:00:52.179159+08:00 (in 59.994777 seconds)
[2020-08-02 14:59:52,187][base.py:144][INFO][8012] - Job "time_task (trigger: interval[0:01:00], next run at: 2020-08-02 15:00:52 CST)" executed successfully
[2020-08-02 15:00:43,382][__init__.py:14][INFO][5188] - app started
[2020-08-02 15:00:43,383][__init__.py:18][INFO][5188] - Environment -> ProductConfig
[2020-08-02 15:00:43,472][base.py:440][INFO][5188] - Adding job tentatively -- it will be properly scheduled when the scheduler starts
[2020-08-02 15:00:43,473][base.py:881][INFO][5188] - Added job "time_task" to job store "default"
[2020-08-02 15:00:43,473][base.py:166][INFO][5188] - Scheduler started
[2020-08-02 15:00:43,474][base.py:940][DEBUG][11444] - Looking for jobs to run
[2020-08-02 15:00:43,474][base.py:1020][DEBUG][11444] - Next wakeup is due at 2020-08-02 15:01:43.472268+08:00 (in 59.998007 seconds)
[2020-08-02 15:00:43,491][_internal.py:113][INFO][5188] -  * Running on http://0.0.0.0:5000/ (Press CTRL+C to quit)
[2020-08-02 15:01:29,725][__init__.py:14][INFO][9172] - app started
[2020-08-02 15:01:29,725][__init__.py:18][INFO][9172] - Environment -> ProductConfig
[2020-08-02 15:01:29,821][base.py:440][INFO][9172] - Adding job tentatively -- it will be properly scheduled when the scheduler starts
[2020-08-02 15:01:29,822][base.py:881][INFO][9172] - Added job "time_task" to job store "default"
[2020-08-02 15:01:29,822][base.py:166][INFO][9172] - Scheduler started
[2020-08-02 15:01:29,822][base.py:940][DEBUG][14540] - Looking for jobs to run
[2020-08-02 15:01:29,823][base.py:1020][DEBUG][14540] - Next wakeup is due at 2020-08-02 15:02:29.820873+08:00 (in 59.997004 seconds)
[2020-08-02 15:01:29,841][_internal.py:113][INFO][9172] -  * Running on http://0.0.0.0:5000/ (Press CTRL+C to quit)
[2020-08-02 15:01:47,177][__init__.py:14][INFO][2836] - app started
[2020-08-02 15:01:47,177][__init__.py:18][INFO][2836] - Environment -> ProductConfig
[2020-08-02 15:01:47,287][base.py:440][INFO][2836] - Adding job tentatively -- it will be properly scheduled when the scheduler starts
[2020-08-02 15:01:47,288][base.py:881][INFO][2836] - Added job "time_task" to job store "default"
[2020-08-02 15:01:47,288][base.py:166][INFO][2836] - Scheduler started
[2020-08-02 15:01:47,289][base.py:940][DEBUG][11320] - Looking for jobs to run
[2020-08-02 15:01:47,289][base.py:1020][DEBUG][11320] - Next wakeup is due at 2020-08-02 15:02:47.287802+08:00 (in 59.998000 seconds)
[2020-08-02 15:01:47,306][_internal.py:113][INFO][2836] -  * Running on http://0.0.0.0:5000/ (Press CTRL+C to quit)
[2020-08-02 15:01:53,888][__init__.py:14][INFO][8020] - app started
[2020-08-02 15:01:53,888][__init__.py:18][INFO][8020] - Environment -> ProductConfig
[2020-08-02 15:01:53,976][base.py:440][INFO][8020] - Adding job tentatively -- it will be properly scheduled when the scheduler starts
[2020-08-02 15:01:53,977][base.py:881][INFO][8020] - Added job "time_task" to job store "default"
[2020-08-02 15:01:53,977][base.py:166][INFO][8020] - Scheduler started
[2020-08-02 15:01:53,978][base.py:940][DEBUG][9228] - Looking for jobs to run
[2020-08-02 15:01:53,978][base.py:1020][DEBUG][9228] - Next wakeup is due at 2020-08-02 15:02:53.976575+08:00 (in 59.998001 seconds)
[2020-08-02 15:01:53,994][_internal.py:113][INFO][8020] -  * Running on http://0.0.0.0:5000/ (Press CTRL+C to quit)
[2020-08-02 15:01:58,794][__init__.py:14][INFO][6788] - app started
[2020-08-02 15:01:58,795][__init__.py:18][INFO][6788] - Environment -> ProductConfig
[2020-08-02 15:01:58,886][base.py:440][INFO][6788] - Adding job tentatively -- it will be properly scheduled when the scheduler starts
[2020-08-02 15:01:58,887][base.py:881][INFO][6788] - Added job "time_task" to job store "default"
[2020-08-02 15:01:58,887][base.py:166][INFO][6788] - Scheduler started
[2020-08-02 15:01:58,888][base.py:940][DEBUG][10244] - Looking for jobs to run
[2020-08-02 15:01:58,888][base.py:1020][DEBUG][10244] - Next wakeup is due at 2020-08-02 15:02:58.886586+08:00 (in 59.997989 seconds)
[2020-08-02 15:01:58,903][_internal.py:113][INFO][6788] -  * Running on http://0.0.0.0:5000/ (Press CTRL+C to quit)
[2020-08-02 15:02:06,926][_internal.py:113][INFO][6048] - 127.0.0.1 - - [02/Aug/2020 15:02:06] "[37mGET /index HTTP/1.1[0m" 200 -
[2020-08-02 15:02:20,995][__init__.py:14][INFO][15448] - app started
[2020-08-02 15:02:20,995][__init__.py:18][INFO][15448] - Environment -> ProductConfig
[2020-08-02 15:02:21,081][base.py:440][INFO][15448] - Adding job tentatively -- it will be properly scheduled when the scheduler starts
[2020-08-02 15:02:21,082][base.py:881][INFO][15448] - Added job "time_task" to job store "default"
[2020-08-02 15:02:21,082][base.py:166][INFO][15448] - Scheduler started
[2020-08-02 15:02:21,083][base.py:940][DEBUG][13952] - Looking for jobs to run
[2020-08-02 15:02:21,083][base.py:1020][DEBUG][13952] - Next wakeup is due at 2020-08-02 15:03:21.081274+08:00 (in 59.998001 seconds)
[2020-08-02 15:02:21,100][_internal.py:113][INFO][15448] -  * Running on http://0.0.0.0:5000/ (Press CTRL+C to quit)
[2020-08-02 15:02:24,456][_internal.py:113][INFO][128] - 127.0.0.1 - - [02/Aug/2020 15:02:24] "[37mGET /index HTTP/1.1[0m" 200 -
[2020-08-02 15:02:26,248][_internal.py:113][INFO][7212] - 127.0.0.1 - - [02/Aug/2020 15:02:26] "[37mGET / HTTP/1.1[0m" 200 -
[2020-08-02 15:03:21,083][base.py:940][DEBUG][13952] - Looking for jobs to run
[2020-08-02 15:03:21,084][base.py:123][INFO][552] - Running job "time_task (trigger: interval[0:01:00], next run at: 2020-08-02 15:03:21 CST)" (scheduled at 2020-08-02 15:03:21.081274+08:00)
[2020-08-02 15:03:21,085][base.py:1020][DEBUG][13952] - Next wakeup is due at 2020-08-02 15:04:21.081274+08:00 (in 59.998035 seconds)
[2020-08-02 15:03:21,086][base.py:144][INFO][552] - Job "time_task (trigger: interval[0:01:00], next run at: 2020-08-02 15:04:21 CST)" executed successfully
[2020-08-02 15:04:21,085][base.py:940][DEBUG][13952] - Looking for jobs to run
[2020-08-02 15:04:21,086][base.py:123][INFO][552] - Running job "time_task (trigger: interval[0:01:00], next run at: 2020-08-02 15:04:21 CST)" (scheduled at 2020-08-02 15:04:21.081274+08:00)
[2020-08-02 15:04:21,087][base.py:1020][DEBUG][13952] - Next wakeup is due at 2020-08-02 15:05:21.081274+08:00 (in 59.995642 seconds)
[2020-08-02 15:04:21,088][base.py:144][INFO][552] - Job "time_task (trigger: interval[0:01:00], next run at: 2020-08-02 15:05:21 CST)" executed successfully
[2020-08-02 15:05:21,084][base.py:940][DEBUG][13952] - Looking for jobs to run
[2020-08-02 15:05:21,085][base.py:123][INFO][3192] - Running job "time_task (trigger: interval[0:01:00], next run at: 2020-08-02 15:05:21 CST)" (scheduled at 2020-08-02 15:05:21.081274+08:00)
[2020-08-02 15:05:21,086][base.py:1020][DEBUG][13952] - Next wakeup is due at 2020-08-02 15:06:21.081274+08:00 (in 59.996389 seconds)
[2020-08-02 15:05:21,087][base.py:144][INFO][3192] - Job "time_task (trigger: interval[0:01:00], next run at: 2020-08-02 15:06:21 CST)" executed successfully
[2020-08-02 15:06:21,085][base.py:940][DEBUG][13952] - Looking for jobs to run
[2020-08-02 15:06:21,086][base.py:123][INFO][552] - Running job "time_task (trigger: interval[0:01:00], next run at: 2020-08-02 15:06:21 CST)" (scheduled at 2020-08-02 15:06:21.081274+08:00)
[2020-08-02 15:06:21,087][base.py:144][INFO][552] - Job "time_task (trigger: interval[0:01:00], next run at: 2020-08-02 15:06:21 CST)" executed successfully
[2020-08-02 15:06:21,088][base.py:1020][DEBUG][13952] - Next wakeup is due at 2020-08-02 15:07:21.081274+08:00 (in 59.995734 seconds)
