[2020-08-16 17:45:07,778][base.py:440][INFO][9924] - Adding job tentatively -- it will be properly scheduled when the scheduler starts
[2020-08-16 17:45:07,780][base.py:881][INFO][9924] - Added job "time_task" to job store "default"
[2020-08-16 17:45:07,780][base.py:166][INFO][9924] - Scheduler started
[2020-08-16 17:45:07,780][base.py:940][DEBUG][6600] - Looking for jobs to run
[2020-08-16 17:45:07,781][base.py:1020][DEBUG][6600] - Next wakeup is due at 2020-08-16 17:46:07.778328+08:00 (in 59.997001 seconds)
[2020-08-16 17:47:59,702][base.py:440][INFO][7320] - Adding job tentatively -- it will be properly scheduled when the scheduler starts
[2020-08-16 17:47:59,703][base.py:881][INFO][7320] - Added job "time_task" to job store "default"
[2020-08-16 17:47:59,708][base.py:166][INFO][7320] - Scheduler started
[2020-08-16 17:47:59,708][base.py:940][DEBUG][11836] - Looking for jobs to run
[2020-08-16 17:47:59,708][base.py:1020][DEBUG][11836] - Next wakeup is due at 2020-08-16 17:48:59.701533+08:00 (in 59.993003 seconds)
[2020-08-16 17:49:00,831][base.py:440][INFO][10852] - Adding job tentatively -- it will be properly scheduled when the scheduler starts
[2020-08-16 17:49:00,832][base.py:881][INFO][10852] - Added job "time_task" to job store "default"
[2020-08-16 17:49:00,833][base.py:166][INFO][10852] - Scheduler started
[2020-08-16 17:49:00,833][base.py:940][DEBUG][12760] - Looking for jobs to run
[2020-08-16 17:49:00,833][base.py:1020][DEBUG][12760] - Next wakeup is due at 2020-08-16 17:50:00.831487+08:00 (in 59.998001 seconds)
[2020-08-16 17:49:38,921][base.py:440][INFO][6708] - Adding job tentatively -- it will be properly scheduled when the scheduler starts
[2020-08-16 17:49:38,922][base.py:881][INFO][6708] - Added job "time_task" to job store "default"
[2020-08-16 17:49:38,922][base.py:166][INFO][6708] - Scheduler started
[2020-08-16 17:49:38,922][base.py:940][DEBUG][7396] - Looking for jobs to run
[2020-08-16 17:49:38,922][base.py:1020][DEBUG][7396] - Next wakeup is due at 2020-08-16 17:50:38.921158+08:00 (in 59.998986 seconds)
[2020-08-16 17:49:46,694][base.py:440][INFO][5944] - Adding job tentatively -- it will be properly scheduled when the scheduler starts
[2020-08-16 17:49:46,695][base.py:881][INFO][5944] - Added job "time_task" to job store "default"
[2020-08-16 17:49:46,695][base.py:166][INFO][5944] - Scheduler started
[2020-08-16 17:49:46,696][base.py:940][DEBUG][8824] - Looking for jobs to run
[2020-08-16 17:49:46,696][base.py:1020][DEBUG][8824] - Next wakeup is due at 2020-08-16 17:50:46.694467+08:00 (in 59.997999 seconds)
[2020-08-16 17:50:18,574][base.py:440][INFO][3624] - Adding job tentatively -- it will be properly scheduled when the scheduler starts
[2020-08-16 17:50:18,575][base.py:881][INFO][3624] - Added job "time_task" to job store "default"
[2020-08-16 17:50:18,575][base.py:166][INFO][3624] - Scheduler started
[2020-08-16 17:50:18,575][base.py:940][DEBUG][3396] - Looking for jobs to run
[2020-08-16 17:50:18,576][base.py:1020][DEBUG][3396] - Next wakeup is due at 2020-08-16 17:51:18.574311+08:00 (in 59.997999 seconds)
[2020-08-16 17:51:13,910][base.py:440][INFO][8072] - Adding job tentatively -- it will be properly scheduled when the scheduler starts
[2020-08-16 17:51:13,911][base.py:881][INFO][8072] - Added job "time_task" to job store "default"
[2020-08-16 17:51:13,911][base.py:166][INFO][8072] - Scheduler started
[2020-08-16 17:51:13,912][base.py:940][DEBUG][14196] - Looking for jobs to run
[2020-08-16 17:51:13,912][base.py:1020][DEBUG][14196] - Next wakeup is due at 2020-08-16 17:52:13.910313+08:00 (in 59.997987 seconds)
[2020-08-16 17:51:13,938][_internal.py:113][INFO][8072] -  * Restarting with stat
[2020-08-16 17:51:14,739][base.py:440][INFO][9124] - Adding job tentatively -- it will be properly scheduled when the scheduler starts
[2020-08-16 17:51:14,778][_internal.py:113][WARNING][9124] -  * Debugger is active!
[2020-08-16 17:51:14,783][_internal.py:113][INFO][9124] -  * Debugger PIN: 330-676-875
[2020-08-16 17:51:14,789][_internal.py:113][INFO][2792] -  * Running on http://127.0.0.1:5000/ (Press CTRL+C to quit)
[2020-08-16 17:51:55,339][base.py:440][INFO][2104] - Adding job tentatively -- it will be properly scheduled when the scheduler starts
[2020-08-16 17:51:55,343][base.py:881][INFO][2104] - Added job "time_task" to job store "default"
[2020-08-16 17:51:55,343][base.py:166][INFO][2104] - Scheduler started
[2020-08-16 17:51:55,343][base.py:940][DEBUG][13160] - Looking for jobs to run
[2020-08-16 17:51:55,343][base.py:1020][DEBUG][13160] - Next wakeup is due at 2020-08-16 17:52:55.339929+08:00 (in 59.995991 seconds)
[2020-08-16 17:51:55,374][_internal.py:113][INFO][2104] -  * Running on http://127.0.0.1:5000/ (Press CTRL+C to quit)
[2020-08-16 17:52:06,569][_internal.py:113][INFO][3092] - 127.0.0.1 - - [16/Aug/2020 17:52:06] "[33mGET / HTTP/1.1[0m" 404 -
[2020-08-16 17:52:13,028][_internal.py:113][INFO][6064] - 127.0.0.1 - - [16/Aug/2020 17:52:13] "[33mGET /index HTTP/1.1[0m" 404 -
[2020-08-16 17:52:17,371][_internal.py:113][INFO][8460] - 127.0.0.1 - - [16/Aug/2020 17:52:17] "[33mGET /vi1/test HTTP/1.1[0m" 404 -
[2020-08-16 17:52:20,049][_internal.py:113][INFO][14148] - 127.0.0.1 - - [16/Aug/2020 17:52:20] "[33mGET /v1/test HTTP/1.1[0m" 404 -
[2020-08-16 17:52:55,340][base.py:940][DEBUG][13160] - Looking for jobs to run
[2020-08-16 17:52:55,340][base.py:123][INFO][14212] - Running job "time_task (trigger: interval[0:01:00], next run at: 2020-08-16 17:52:55 CST)" (scheduled at 2020-08-16 17:52:55.339929+08:00)
[2020-08-16 17:52:55,340][base.py:144][INFO][14212] - Job "time_task (trigger: interval[0:01:00], next run at: 2020-08-16 17:52:55 CST)" executed successfully
[2020-08-16 17:52:55,341][base.py:1020][DEBUG][13160] - Next wakeup is due at 2020-08-16 17:53:55.339929+08:00 (in 59.999416 seconds)
[2020-08-16 17:53:02,125][_internal.py:113][INFO][5272] - 127.0.0.1 - - [16/Aug/2020 17:53:02] "[33mGET /v1/test HTTP/1.1[0m" 404 -
[2020-08-16 17:53:35,974][_internal.py:113][INFO][13784] - 127.0.0.1 - - [16/Aug/2020 17:53:35] "[33mGET /v1/test HTTP/1.1[0m" 404 -
[2020-08-16 17:53:39,525][_internal.py:113][INFO][12548] - 127.0.0.1 - - [16/Aug/2020 17:53:39] "[33mGET /index/test HTTP/1.1[0m" 404 -
[2020-08-16 17:53:42,417][_internal.py:113][INFO][12504] - 127.0.0.1 - - [16/Aug/2020 17:53:42] "[33mGET /index HTTP/1.1[0m" 404 -
[2020-08-16 17:53:44,915][_internal.py:113][INFO][13752] - 127.0.0.1 - - [16/Aug/2020 17:53:44] "[33mGET /v1 HTTP/1.1[0m" 404 -
[2020-08-16 17:53:47,568][_internal.py:113][INFO][12772] - 127.0.0.1 - - [16/Aug/2020 17:53:47] "[33mGET /V1 HTTP/1.1[0m" 404 -
[2020-08-16 17:53:50,557][_internal.py:113][INFO][11056] - 127.0.0.1 - - [16/Aug/2020 17:53:50] "[33mGET / HTTP/1.1[0m" 404 -
[2020-08-16 17:53:55,341][base.py:940][DEBUG][13160] - Looking for jobs to run
[2020-08-16 17:53:55,342][base.py:123][INFO][14212] - Running job "time_task (trigger: interval[0:01:00], next run at: 2020-08-16 17:53:55 CST)" (scheduled at 2020-08-16 17:53:55.339929+08:00)
[2020-08-16 17:53:55,343][base.py:1020][DEBUG][13160] - Next wakeup is due at 2020-08-16 17:54:55.339929+08:00 (in 59.998317 seconds)
[2020-08-16 17:53:55,343][base.py:144][INFO][14212] - Job "time_task (trigger: interval[0:01:00], next run at: 2020-08-16 17:54:55 CST)" executed successfully
[2020-08-16 17:53:57,223][_internal.py:113][INFO][2752] - 127.0.0.1 - - [16/Aug/2020 17:53:57] "[33mGET /index HTTP/1.1[0m" 404 -
[2020-08-16 17:54:43,771][_internal.py:113][INFO][2116] - 127.0.0.1 - - [16/Aug/2020 17:54:43] "[33mGET /index HTTP/1.1[0m" 404 -
[2020-08-16 17:54:55,344][base.py:940][DEBUG][13160] - Looking for jobs to run
[2020-08-16 17:54:55,345][base.py:123][INFO][4640] - Running job "time_task (trigger: interval[0:01:00], next run at: 2020-08-16 17:54:55 CST)" (scheduled at 2020-08-16 17:54:55.339929+08:00)
[2020-08-16 17:54:55,346][base.py:144][INFO][4640] - Job "time_task (trigger: interval[0:01:00], next run at: 2020-08-16 17:54:55 CST)" executed successfully
[2020-08-16 17:54:55,347][base.py:1020][DEBUG][13160] - Next wakeup is due at 2020-08-16 17:55:55.339929+08:00 (in 59.995723 seconds)
[2020-08-16 17:55:04,165][base.py:440][INFO][13064] - Adding job tentatively -- it will be properly scheduled when the scheduler starts
[2020-08-16 17:55:04,166][base.py:881][INFO][13064] - Added job "time_task" to job store "default"
[2020-08-16 17:55:04,167][base.py:166][INFO][13064] - Scheduler started
[2020-08-16 17:55:04,167][base.py:940][DEBUG][8232] - Looking for jobs to run
[2020-08-16 17:55:04,167][base.py:1020][DEBUG][8232] - Next wakeup is due at 2020-08-16 17:56:04.165765+08:00 (in 59.997987 seconds)
[2020-08-16 17:55:04,196][_internal.py:113][INFO][13064] -  * Running on http://127.0.0.1:5000/ (Press CTRL+C to quit)
[2020-08-16 17:55:05,937][_internal.py:113][INFO][8960] - 127.0.0.1 - - [16/Aug/2020 17:55:05] "[33mGET /index HTTP/1.1[0m" 404 -
[2020-08-16 17:56:04,181][base.py:940][DEBUG][8232] - Looking for jobs to run
[2020-08-16 17:56:04,183][base.py:123][INFO][2332] - Running job "time_task (trigger: interval[0:01:00], next run at: 2020-08-16 17:56:04 CST)" (scheduled at 2020-08-16 17:56:04.165765+08:00)
[2020-08-16 17:56:04,184][base.py:1020][DEBUG][8232] - Next wakeup is due at 2020-08-16 17:57:04.165765+08:00 (in 59.984545 seconds)
[2020-08-16 17:56:04,185][base.py:144][INFO][2332] - Job "time_task (trigger: interval[0:01:00], next run at: 2020-08-16 17:57:04 CST)" executed successfully
[2020-08-16 17:57:04,171][base.py:940][DEBUG][8232] - Looking for jobs to run
[2020-08-16 17:57:04,172][base.py:123][INFO][2332] - Running job "time_task (trigger: interval[0:01:00], next run at: 2020-08-16 17:57:04 CST)" (scheduled at 2020-08-16 17:57:04.165765+08:00)
[2020-08-16 17:57:04,173][base.py:1020][DEBUG][8232] - Next wakeup is due at 2020-08-16 17:58:04.165765+08:00 (in 59.994168 seconds)
[2020-08-16 17:57:04,173][base.py:144][INFO][2332] - Job "time_task (trigger: interval[0:01:00], next run at: 2020-08-16 17:58:04 CST)" executed successfully
[2020-08-16 17:58:04,170][base.py:940][DEBUG][8232] - Looking for jobs to run
[2020-08-16 17:58:04,171][base.py:123][INFO][4404] - Running job "time_task (trigger: interval[0:01:00], next run at: 2020-08-16 17:58:04 CST)" (scheduled at 2020-08-16 17:58:04.165765+08:00)
[2020-08-16 17:58:04,172][base.py:144][INFO][4404] - Job "time_task (trigger: interval[0:01:00], next run at: 2020-08-16 17:58:04 CST)" executed successfully
[2020-08-16 17:58:04,173][base.py:1020][DEBUG][8232] - Next wakeup is due at 2020-08-16 17:59:04.165765+08:00 (in 59.995309 seconds)
[2020-08-16 17:59:04,170][base.py:940][DEBUG][8232] - Looking for jobs to run
[2020-08-16 17:59:04,171][base.py:123][INFO][2332] - Running job "time_task (trigger: interval[0:01:00], next run at: 2020-08-16 17:59:04 CST)" (scheduled at 2020-08-16 17:59:04.165765+08:00)
[2020-08-16 17:59:04,172][base.py:144][INFO][2332] - Job "time_task (trigger: interval[0:01:00], next run at: 2020-08-16 17:59:04 CST)" executed successfully
[2020-08-16 17:59:04,173][base.py:1020][DEBUG][8232] - Next wakeup is due at 2020-08-16 18:00:04.165765+08:00 (in 59.995369 seconds)
[2020-08-16 18:00:04,169][base.py:940][DEBUG][8232] - Looking for jobs to run
[2020-08-16 18:00:04,170][base.py:123][INFO][4404] - Running job "time_task (trigger: interval[0:01:00], next run at: 2020-08-16 18:00:04 CST)" (scheduled at 2020-08-16 18:00:04.165765+08:00)
[2020-08-16 18:00:04,171][base.py:144][INFO][4404] - Job "time_task (trigger: interval[0:01:00], next run at: 2020-08-16 18:00:04 CST)" executed successfully
[2020-08-16 18:00:04,172][base.py:1020][DEBUG][8232] - Next wakeup is due at 2020-08-16 18:01:04.165765+08:00 (in 59.996338 seconds)
[2020-08-16 18:01:04,169][base.py:940][DEBUG][8232] - Looking for jobs to run
[2020-08-16 18:01:04,170][base.py:123][INFO][2332] - Running job "time_task (trigger: interval[0:01:00], next run at: 2020-08-16 18:01:04 CST)" (scheduled at 2020-08-16 18:01:04.165765+08:00)
[2020-08-16 18:01:04,171][base.py:1020][DEBUG][8232] - Next wakeup is due at 2020-08-16 18:02:04.165765+08:00 (in 59.996062 seconds)
[2020-08-16 18:01:04,172][base.py:144][INFO][2332] - Job "time_task (trigger: interval[0:01:00], next run at: 2020-08-16 18:02:04 CST)" executed successfully
[2020-08-16 18:02:04,169][base.py:940][DEBUG][8232] - Looking for jobs to run
[2020-08-16 18:02:04,170][base.py:123][INFO][11688] - Running job "time_task (trigger: interval[0:01:00], next run at: 2020-08-16 18:02:04 CST)" (scheduled at 2020-08-16 18:02:04.165765+08:00)
[2020-08-16 18:02:04,171][base.py:1020][DEBUG][8232] - Next wakeup is due at 2020-08-16 18:03:04.165765+08:00 (in 59.995786 seconds)
[2020-08-16 18:02:04,172][base.py:144][INFO][11688] - Job "time_task (trigger: interval[0:01:00], next run at: 2020-08-16 18:03:04 CST)" executed successfully
[2020-08-16 18:03:04,169][base.py:940][DEBUG][8232] - Looking for jobs to run
[2020-08-16 18:03:04,170][base.py:123][INFO][4404] - Running job "time_task (trigger: interval[0:01:00], next run at: 2020-08-16 18:03:04 CST)" (scheduled at 2020-08-16 18:03:04.165765+08:00)
[2020-08-16 18:03:04,171][base.py:144][INFO][4404] - Job "time_task (trigger: interval[0:01:00], next run at: 2020-08-16 18:03:04 CST)" executed successfully
[2020-08-16 18:03:04,172][base.py:1020][DEBUG][8232] - Next wakeup is due at 2020-08-16 18:04:04.165765+08:00 (in 59.995960 seconds)
[2020-08-16 18:04:04,169][base.py:940][DEBUG][8232] - Looking for jobs to run
[2020-08-16 18:04:04,170][base.py:123][INFO][10108] - Running job "time_task (trigger: interval[0:01:00], next run at: 2020-08-16 18:04:04 CST)" (scheduled at 2020-08-16 18:04:04.165765+08:00)
[2020-08-16 18:04:04,171][base.py:144][INFO][10108] - Job "time_task (trigger: interval[0:01:00], next run at: 2020-08-16 18:04:04 CST)" executed successfully
[2020-08-16 18:04:04,172][base.py:1020][DEBUG][8232] - Next wakeup is due at 2020-08-16 18:05:04.165765+08:00 (in 59.996423 seconds)
[2020-08-16 18:05:04,169][base.py:940][DEBUG][8232] - Looking for jobs to run
[2020-08-16 18:05:04,170][base.py:123][INFO][5508] - Running job "time_task (trigger: interval[0:01:00], next run at: 2020-08-16 18:05:04 CST)" (scheduled at 2020-08-16 18:05:04.165765+08:00)
[2020-08-16 18:05:04,171][base.py:144][INFO][5508] - Job "time_task (trigger: interval[0:01:00], next run at: 2020-08-16 18:05:04 CST)" executed successfully
[2020-08-16 18:05:04,172][base.py:1020][DEBUG][8232] - Next wakeup is due at 2020-08-16 18:06:04.165765+08:00 (in 59.996329 seconds)
[2020-08-16 18:06:04,170][base.py:940][DEBUG][8232] - Looking for jobs to run
[2020-08-16 18:06:04,171][base.py:1020][DEBUG][8232] - Next wakeup is due at 2020-08-16 18:07:04.165765+08:00 (in 59.995533 seconds)
[2020-08-16 18:06:04,171][base.py:123][INFO][11688] - Running job "time_task (trigger: interval[0:01:00], next run at: 2020-08-16 18:07:04 CST)" (scheduled at 2020-08-16 18:06:04.165765+08:00)
[2020-08-16 18:06:04,172][base.py:144][INFO][11688] - Job "time_task (trigger: interval[0:01:00], next run at: 2020-08-16 18:07:04 CST)" executed successfully
[2020-08-16 18:07:04,167][base.py:940][DEBUG][8232] - Looking for jobs to run
[2020-08-16 18:07:04,168][base.py:1020][DEBUG][8232] - Next wakeup is due at 2020-08-16 18:08:04.165765+08:00 (in 59.997917 seconds)
[2020-08-16 18:07:04,168][base.py:123][INFO][11164] - Running job "time_task (trigger: interval[0:01:00], next run at: 2020-08-16 18:08:04 CST)" (scheduled at 2020-08-16 18:07:04.165765+08:00)
[2020-08-16 18:07:04,169][base.py:144][INFO][11164] - Job "time_task (trigger: interval[0:01:00], next run at: 2020-08-16 18:08:04 CST)" executed successfully
[2020-08-16 18:08:04,167][base.py:940][DEBUG][8232] - Looking for jobs to run
[2020-08-16 18:08:04,168][base.py:1020][DEBUG][8232] - Next wakeup is due at 2020-08-16 18:09:04.165765+08:00 (in 59.998263 seconds)
[2020-08-16 18:08:04,168][base.py:123][INFO][2332] - Running job "time_task (trigger: interval[0:01:00], next run at: 2020-08-16 18:09:04 CST)" (scheduled at 2020-08-16 18:08:04.165765+08:00)
[2020-08-16 18:08:04,169][base.py:144][INFO][2332] - Job "time_task (trigger: interval[0:01:00], next run at: 2020-08-16 18:09:04 CST)" executed successfully
[2020-08-16 18:09:04,168][base.py:940][DEBUG][8232] - Looking for jobs to run
[2020-08-16 18:09:04,169][base.py:1020][DEBUG][8232] - Next wakeup is due at 2020-08-16 18:10:04.165765+08:00 (in 59.997469 seconds)
[2020-08-16 18:09:04,169][base.py:123][INFO][10108] - Running job "time_task (trigger: interval[0:01:00], next run at: 2020-08-16 18:10:04 CST)" (scheduled at 2020-08-16 18:09:04.165765+08:00)
[2020-08-16 18:09:04,170][base.py:144][INFO][10108] - Job "time_task (trigger: interval[0:01:00], next run at: 2020-08-16 18:10:04 CST)" executed successfully
[2020-08-16 18:10:04,168][base.py:940][DEBUG][8232] - Looking for jobs to run
[2020-08-16 18:10:04,169][base.py:1020][DEBUG][8232] - Next wakeup is due at 2020-08-16 18:11:04.165765+08:00 (in 59.997624 seconds)
[2020-08-16 18:10:04,169][base.py:123][INFO][5508] - Running job "time_task (trigger: interval[0:01:00], next run at: 2020-08-16 18:11:04 CST)" (scheduled at 2020-08-16 18:10:04.165765+08:00)
[2020-08-16 18:10:04,170][base.py:144][INFO][5508] - Job "time_task (trigger: interval[0:01:00], next run at: 2020-08-16 18:11:04 CST)" executed successfully
[2020-08-16 18:11:04,168][base.py:940][DEBUG][8232] - Looking for jobs to run
[2020-08-16 18:11:04,169][base.py:1020][DEBUG][8232] - Next wakeup is due at 2020-08-16 18:12:04.165765+08:00 (in 59.997691 seconds)
[2020-08-16 18:11:04,169][base.py:123][INFO][4692] - Running job "time_task (trigger: interval[0:01:00], next run at: 2020-08-16 18:12:04 CST)" (scheduled at 2020-08-16 18:11:04.165765+08:00)
[2020-08-16 18:11:04,170][base.py:144][INFO][4692] - Job "time_task (trigger: interval[0:01:00], next run at: 2020-08-16 18:12:04 CST)" executed successfully
[2020-08-16 18:12:04,167][base.py:940][DEBUG][8232] - Looking for jobs to run
[2020-08-16 18:12:04,168][base.py:1020][DEBUG][8232] - Next wakeup is due at 2020-08-16 18:13:04.165765+08:00 (in 59.998425 seconds)
[2020-08-16 18:12:04,168][base.py:123][INFO][11164] - Running job "time_task (trigger: interval[0:01:00], next run at: 2020-08-16 18:13:04 CST)" (scheduled at 2020-08-16 18:12:04.165765+08:00)
[2020-08-16 18:12:04,169][base.py:144][INFO][11164] - Job "time_task (trigger: interval[0:01:00], next run at: 2020-08-16 18:13:04 CST)" executed successfully
[2020-08-16 18:13:04,167][base.py:940][DEBUG][8232] - Looking for jobs to run
[2020-08-16 18:13:04,168][base.py:1020][DEBUG][8232] - Next wakeup is due at 2020-08-16 18:14:04.165765+08:00 (in 59.998085 seconds)
[2020-08-16 18:13:04,168][base.py:123][INFO][10152] - Running job "time_task (trigger: interval[0:01:00], next run at: 2020-08-16 18:14:04 CST)" (scheduled at 2020-08-16 18:13:04.165765+08:00)
[2020-08-16 18:13:04,169][base.py:144][INFO][10152] - Job "time_task (trigger: interval[0:01:00], next run at: 2020-08-16 18:14:04 CST)" executed successfully
[2020-08-16 18:14:04,168][base.py:940][DEBUG][8232] - Looking for jobs to run
[2020-08-16 18:14:04,169][base.py:1020][DEBUG][8232] - Next wakeup is due at 2020-08-16 18:15:04.165765+08:00 (in 59.997369 seconds)
[2020-08-16 18:14:04,169][base.py:123][INFO][10436] - Running job "time_task (trigger: interval[0:01:00], next run at: 2020-08-16 18:15:04 CST)" (scheduled at 2020-08-16 18:14:04.165765+08:00)
[2020-08-16 18:14:04,170][base.py:144][INFO][10436] - Job "time_task (trigger: interval[0:01:00], next run at: 2020-08-16 18:15:04 CST)" executed successfully
[2020-08-16 18:15:04,167][base.py:940][DEBUG][8232] - Looking for jobs to run
[2020-08-16 18:15:04,167][base.py:1020][DEBUG][8232] - Next wakeup is due at 2020-08-16 18:16:04.165765+08:00 (in 59.998156 seconds)
[2020-08-16 18:15:04,167][base.py:123][INFO][10040] - Running job "time_task (trigger: interval[0:01:00], next run at: 2020-08-16 18:16:04 CST)" (scheduled at 2020-08-16 18:15:04.165765+08:00)
[2020-08-16 18:15:04,168][base.py:144][INFO][10040] - Job "time_task (trigger: interval[0:01:00], next run at: 2020-08-16 18:16:04 CST)" executed successfully
[2020-08-16 18:16:04,167][base.py:940][DEBUG][8232] - Looking for jobs to run
[2020-08-16 18:16:04,168][base.py:1020][DEBUG][8232] - Next wakeup is due at 2020-08-16 18:17:04.165765+08:00 (in 59.998364 seconds)
[2020-08-16 18:16:04,168][base.py:123][INFO][11688] - Running job "time_task (trigger: interval[0:01:00], next run at: 2020-08-16 18:17:04 CST)" (scheduled at 2020-08-16 18:16:04.165765+08:00)
[2020-08-16 18:16:04,169][base.py:144][INFO][11688] - Job "time_task (trigger: interval[0:01:00], next run at: 2020-08-16 18:17:04 CST)" executed successfully
[2020-08-16 18:17:04,168][base.py:940][DEBUG][8232] - Looking for jobs to run
[2020-08-16 18:17:04,169][base.py:1020][DEBUG][8232] - Next wakeup is due at 2020-08-16 18:18:04.165765+08:00 (in 59.997615 seconds)
[2020-08-16 18:17:04,169][base.py:123][INFO][4404] - Running job "time_task (trigger: interval[0:01:00], next run at: 2020-08-16 18:18:04 CST)" (scheduled at 2020-08-16 18:17:04.165765+08:00)
[2020-08-16 18:17:04,170][base.py:144][INFO][4404] - Job "time_task (trigger: interval[0:01:00], next run at: 2020-08-16 18:18:04 CST)" executed successfully
[2020-08-16 18:18:04,167][base.py:940][DEBUG][8232] - Looking for jobs to run
[2020-08-16 18:18:04,168][base.py:1020][DEBUG][8232] - Next wakeup is due at 2020-08-16 18:19:04.165765+08:00 (in 59.997972 seconds)
[2020-08-16 18:18:04,168][base.py:123][INFO][2332] - Running job "time_task (trigger: interval[0:01:00], next run at: 2020-08-16 18:19:04 CST)" (scheduled at 2020-08-16 18:18:04.165765+08:00)
[2020-08-16 18:18:04,169][base.py:144][INFO][2332] - Job "time_task (trigger: interval[0:01:00], next run at: 2020-08-16 18:19:04 CST)" executed successfully
[2020-08-16 18:19:04,167][base.py:940][DEBUG][8232] - Looking for jobs to run
[2020-08-16 18:19:04,168][base.py:1020][DEBUG][8232] - Next wakeup is due at 2020-08-16 18:20:04.165765+08:00 (in 59.998290 seconds)
[2020-08-16 18:19:04,168][base.py:123][INFO][10108] - Running job "time_task (trigger: interval[0:01:00], next run at: 2020-08-16 18:20:04 CST)" (scheduled at 2020-08-16 18:19:04.165765+08:00)
[2020-08-16 18:19:04,169][base.py:144][INFO][10108] - Job "time_task (trigger: interval[0:01:00], next run at: 2020-08-16 18:20:04 CST)" executed successfully
[2020-08-16 18:20:04,167][base.py:940][DEBUG][8232] - Looking for jobs to run
[2020-08-16 18:20:04,168][base.py:1020][DEBUG][8232] - Next wakeup is due at 2020-08-16 18:21:04.165765+08:00 (in 59.998276 seconds)
[2020-08-16 18:20:04,168][base.py:123][INFO][5508] - Running job "time_task (trigger: interval[0:01:00], next run at: 2020-08-16 18:21:04 CST)" (scheduled at 2020-08-16 18:20:04.165765+08:00)
[2020-08-16 18:20:04,169][base.py:144][INFO][5508] - Job "time_task (trigger: interval[0:01:00], next run at: 2020-08-16 18:21:04 CST)" executed successfully
[2020-08-16 18:21:04,168][base.py:940][DEBUG][8232] - Looking for jobs to run
[2020-08-16 18:21:04,169][base.py:1020][DEBUG][8232] - Next wakeup is due at 2020-08-16 18:22:04.165765+08:00 (in 59.997440 seconds)
[2020-08-16 18:21:04,169][base.py:123][INFO][4692] - Running job "time_task (trigger: interval[0:01:00], next run at: 2020-08-16 18:22:04 CST)" (scheduled at 2020-08-16 18:21:04.165765+08:00)
[2020-08-16 18:21:04,170][base.py:144][INFO][4692] - Job "time_task (trigger: interval[0:01:00], next run at: 2020-08-16 18:22:04 CST)" executed successfully
[2020-08-16 18:22:04,167][base.py:940][DEBUG][8232] - Looking for jobs to run
[2020-08-16 18:22:04,168][base.py:1020][DEBUG][8232] - Next wakeup is due at 2020-08-16 18:23:04.165765+08:00 (in 59.997847 seconds)
[2020-08-16 18:22:04,168][base.py:123][INFO][11164] - Running job "time_task (trigger: interval[0:01:00], next run at: 2020-08-16 18:23:04 CST)" (scheduled at 2020-08-16 18:22:04.165765+08:00)
[2020-08-16 18:22:04,169][base.py:144][INFO][11164] - Job "time_task (trigger: interval[0:01:00], next run at: 2020-08-16 18:23:04 CST)" executed successfully
[2020-08-16 18:23:04,167][base.py:940][DEBUG][8232] - Looking for jobs to run
[2020-08-16 18:23:04,167][base.py:1020][DEBUG][8232] - Next wakeup is due at 2020-08-16 18:24:04.165765+08:00 (in 59.998735 seconds)
[2020-08-16 18:23:04,167][base.py:123][INFO][10152] - Running job "time_task (trigger: interval[0:01:00], next run at: 2020-08-16 18:24:04 CST)" (scheduled at 2020-08-16 18:23:04.165765+08:00)
[2020-08-16 18:23:04,168][base.py:144][INFO][10152] - Job "time_task (trigger: interval[0:01:00], next run at: 2020-08-16 18:24:04 CST)" executed successfully
[2020-08-16 18:24:04,167][base.py:940][DEBUG][8232] - Looking for jobs to run
[2020-08-16 18:24:04,167][base.py:1020][DEBUG][8232] - Next wakeup is due at 2020-08-16 18:25:04.165765+08:00 (in 59.998194 seconds)
[2020-08-16 18:24:04,167][base.py:123][INFO][10436] - Running job "time_task (trigger: interval[0:01:00], next run at: 2020-08-16 18:25:04 CST)" (scheduled at 2020-08-16 18:24:04.165765+08:00)
[2020-08-16 18:24:04,168][base.py:144][INFO][10436] - Job "time_task (trigger: interval[0:01:00], next run at: 2020-08-16 18:25:04 CST)" executed successfully
[2020-08-16 18:25:04,167][base.py:940][DEBUG][8232] - Looking for jobs to run
[2020-08-16 18:25:04,168][base.py:1020][DEBUG][8232] - Next wakeup is due at 2020-08-16 18:26:04.165765+08:00 (in 59.998204 seconds)
[2020-08-16 18:25:04,168][base.py:123][INFO][10040] - Running job "time_task (trigger: interval[0:01:00], next run at: 2020-08-16 18:26:04 CST)" (scheduled at 2020-08-16 18:25:04.165765+08:00)
[2020-08-16 18:25:04,169][base.py:144][INFO][10040] - Job "time_task (trigger: interval[0:01:00], next run at: 2020-08-16 18:26:04 CST)" executed successfully
[2020-08-16 18:26:04,168][base.py:940][DEBUG][8232] - Looking for jobs to run
[2020-08-16 18:26:04,169][base.py:1020][DEBUG][8232] - Next wakeup is due at 2020-08-16 18:27:04.165765+08:00 (in 59.997312 seconds)
[2020-08-16 18:26:04,169][base.py:123][INFO][11688] - Running job "time_task (trigger: interval[0:01:00], next run at: 2020-08-16 18:27:04 CST)" (scheduled at 2020-08-16 18:26:04.165765+08:00)
[2020-08-16 18:26:04,170][base.py:144][INFO][11688] - Job "time_task (trigger: interval[0:01:00], next run at: 2020-08-16 18:27:04 CST)" executed successfully
[2020-08-16 18:27:04,167][base.py:940][DEBUG][8232] - Looking for jobs to run
[2020-08-16 18:27:04,168][base.py:1020][DEBUG][8232] - Next wakeup is due at 2020-08-16 18:28:04.165765+08:00 (in 59.998120 seconds)
[2020-08-16 18:27:04,168][base.py:123][INFO][4404] - Running job "time_task (trigger: interval[0:01:00], next run at: 2020-08-16 18:28:04 CST)" (scheduled at 2020-08-16 18:27:04.165765+08:00)
[2020-08-16 18:27:04,169][base.py:144][INFO][4404] - Job "time_task (trigger: interval[0:01:00], next run at: 2020-08-16 18:28:04 CST)" executed successfully
[2020-08-16 18:28:04,167][base.py:940][DEBUG][8232] - Looking for jobs to run
[2020-08-16 18:28:04,168][base.py:1020][DEBUG][8232] - Next wakeup is due at 2020-08-16 18:29:04.165765+08:00 (in 59.997990 seconds)
[2020-08-16 18:28:04,168][base.py:123][INFO][2332] - Running job "time_task (trigger: interval[0:01:00], next run at: 2020-08-16 18:29:04 CST)" (scheduled at 2020-08-16 18:28:04.165765+08:00)
[2020-08-16 18:28:04,169][base.py:144][INFO][2332] - Job "time_task (trigger: interval[0:01:00], next run at: 2020-08-16 18:29:04 CST)" executed successfully
[2020-08-16 18:29:04,167][base.py:940][DEBUG][8232] - Looking for jobs to run
[2020-08-16 18:29:04,168][base.py:1020][DEBUG][8232] - Next wakeup is due at 2020-08-16 18:30:04.165765+08:00 (in 59.998102 seconds)
[2020-08-16 18:29:04,168][base.py:123][INFO][10108] - Running job "time_task (trigger: interval[0:01:00], next run at: 2020-08-16 18:30:04 CST)" (scheduled at 2020-08-16 18:29:04.165765+08:00)
[2020-08-16 18:29:04,169][base.py:144][INFO][10108] - Job "time_task (trigger: interval[0:01:00], next run at: 2020-08-16 18:30:04 CST)" executed successfully
[2020-08-16 18:30:04,168][base.py:940][DEBUG][8232] - Looking for jobs to run
[2020-08-16 18:30:04,169][base.py:1020][DEBUG][8232] - Next wakeup is due at 2020-08-16 18:31:04.165765+08:00 (in 59.997269 seconds)
[2020-08-16 18:30:04,170][base.py:123][INFO][5508] - Running job "time_task (trigger: interval[0:01:00], next run at: 2020-08-16 18:31:04 CST)" (scheduled at 2020-08-16 18:30:04.165765+08:00)
[2020-08-16 18:30:04,171][base.py:144][INFO][5508] - Job "time_task (trigger: interval[0:01:00], next run at: 2020-08-16 18:31:04 CST)" executed successfully
[2020-08-16 18:31:04,168][base.py:940][DEBUG][8232] - Looking for jobs to run
[2020-08-16 18:31:04,169][base.py:1020][DEBUG][8232] - Next wakeup is due at 2020-08-16 18:32:04.165765+08:00 (in 59.997132 seconds)
[2020-08-16 18:31:04,169][base.py:123][INFO][4692] - Running job "time_task (trigger: interval[0:01:00], next run at: 2020-08-16 18:32:04 CST)" (scheduled at 2020-08-16 18:31:04.165765+08:00)
[2020-08-16 18:31:04,170][base.py:144][INFO][4692] - Job "time_task (trigger: interval[0:01:00], next run at: 2020-08-16 18:32:04 CST)" executed successfully
[2020-08-16 18:32:04,169][base.py:940][DEBUG][8232] - Looking for jobs to run
[2020-08-16 18:32:04,170][base.py:1020][DEBUG][8232] - Next wakeup is due at 2020-08-16 18:33:04.165765+08:00 (in 59.996571 seconds)
[2020-08-16 18:32:04,170][base.py:123][INFO][11164] - Running job "time_task (trigger: interval[0:01:00], next run at: 2020-08-16 18:33:04 CST)" (scheduled at 2020-08-16 18:32:04.165765+08:00)
[2020-08-16 18:32:04,171][base.py:144][INFO][11164] - Job "time_task (trigger: interval[0:01:00], next run at: 2020-08-16 18:33:04 CST)" executed successfully
[2020-08-16 18:33:04,167][base.py:940][DEBUG][8232] - Looking for jobs to run
[2020-08-16 18:33:04,168][base.py:1020][DEBUG][8232] - Next wakeup is due at 2020-08-16 18:34:04.165765+08:00 (in 59.998430 seconds)
[2020-08-16 18:33:04,168][base.py:123][INFO][10152] - Running job "time_task (trigger: interval[0:01:00], next run at: 2020-08-16 18:34:04 CST)" (scheduled at 2020-08-16 18:33:04.165765+08:00)
[2020-08-16 18:33:04,169][base.py:144][INFO][10152] - Job "time_task (trigger: interval[0:01:00], next run at: 2020-08-16 18:34:04 CST)" executed successfully
[2020-08-16 18:34:04,168][base.py:940][DEBUG][8232] - Looking for jobs to run
[2020-08-16 18:34:04,169][base.py:1020][DEBUG][8232] - Next wakeup is due at 2020-08-16 18:35:04.165765+08:00 (in 59.997619 seconds)
[2020-08-16 18:34:04,169][base.py:123][INFO][10436] - Running job "time_task (trigger: interval[0:01:00], next run at: 2020-08-16 18:35:04 CST)" (scheduled at 2020-08-16 18:34:04.165765+08:00)
[2020-08-16 18:34:04,170][base.py:144][INFO][10436] - Job "time_task (trigger: interval[0:01:00], next run at: 2020-08-16 18:35:04 CST)" executed successfully
[2020-08-16 18:35:04,167][base.py:940][DEBUG][8232] - Looking for jobs to run
[2020-08-16 18:35:04,168][base.py:1020][DEBUG][8232] - Next wakeup is due at 2020-08-16 18:36:04.165765+08:00 (in 59.998285 seconds)
[2020-08-16 18:35:04,168][base.py:123][INFO][10040] - Running job "time_task (trigger: interval[0:01:00], next run at: 2020-08-16 18:36:04 CST)" (scheduled at 2020-08-16 18:35:04.165765+08:00)
[2020-08-16 18:35:04,169][base.py:144][INFO][10040] - Job "time_task (trigger: interval[0:01:00], next run at: 2020-08-16 18:36:04 CST)" executed successfully
[2020-08-16 18:36:04,168][base.py:940][DEBUG][8232] - Looking for jobs to run
[2020-08-16 18:36:04,169][base.py:1020][DEBUG][8232] - Next wakeup is due at 2020-08-16 18:37:04.165765+08:00 (in 59.997214 seconds)
[2020-08-16 18:36:04,169][base.py:123][INFO][11688] - Running job "time_task (trigger: interval[0:01:00], next run at: 2020-08-16 18:37:04 CST)" (scheduled at 2020-08-16 18:36:04.165765+08:00)
[2020-08-16 18:36:04,170][base.py:144][INFO][11688] - Job "time_task (trigger: interval[0:01:00], next run at: 2020-08-16 18:37:04 CST)" executed successfully
[2020-08-16 18:37:04,168][base.py:940][DEBUG][8232] - Looking for jobs to run
[2020-08-16 18:37:04,169][base.py:1020][DEBUG][8232] - Next wakeup is due at 2020-08-16 18:38:04.165765+08:00 (in 59.997208 seconds)
[2020-08-16 18:37:04,169][base.py:123][INFO][4404] - Running job "time_task (trigger: interval[0:01:00], next run at: 2020-08-16 18:38:04 CST)" (scheduled at 2020-08-16 18:37:04.165765+08:00)
[2020-08-16 18:37:04,170][base.py:144][INFO][4404] - Job "time_task (trigger: interval[0:01:00], next run at: 2020-08-16 18:38:04 CST)" executed successfully
[2020-08-16 18:38:04,168][base.py:940][DEBUG][8232] - Looking for jobs to run
[2020-08-16 18:38:04,169][base.py:1020][DEBUG][8232] - Next wakeup is due at 2020-08-16 18:39:04.165765+08:00 (in 59.997430 seconds)
[2020-08-16 18:38:04,169][base.py:123][INFO][2332] - Running job "time_task (trigger: interval[0:01:00], next run at: 2020-08-16 18:39:04 CST)" (scheduled at 2020-08-16 18:38:04.165765+08:00)
[2020-08-16 18:38:04,170][base.py:144][INFO][2332] - Job "time_task (trigger: interval[0:01:00], next run at: 2020-08-16 18:39:04 CST)" executed successfully
[2020-08-16 18:39:04,168][base.py:940][DEBUG][8232] - Looking for jobs to run
[2020-08-16 18:39:04,169][base.py:1020][DEBUG][8232] - Next wakeup is due at 2020-08-16 18:40:04.165765+08:00 (in 59.997636 seconds)
[2020-08-16 18:39:04,169][base.py:123][INFO][10108] - Running job "time_task (trigger: interval[0:01:00], next run at: 2020-08-16 18:40:04 CST)" (scheduled at 2020-08-16 18:39:04.165765+08:00)
[2020-08-16 18:39:04,170][base.py:144][INFO][10108] - Job "time_task (trigger: interval[0:01:00], next run at: 2020-08-16 18:40:04 CST)" executed successfully
[2020-08-16 18:40:04,167][base.py:940][DEBUG][8232] - Looking for jobs to run
[2020-08-16 18:40:04,168][base.py:1020][DEBUG][8232] - Next wakeup is due at 2020-08-16 18:41:04.165765+08:00 (in 59.998049 seconds)
[2020-08-16 18:40:04,168][base.py:123][INFO][5508] - Running job "time_task (trigger: interval[0:01:00], next run at: 2020-08-16 18:41:04 CST)" (scheduled at 2020-08-16 18:40:04.165765+08:00)
[2020-08-16 18:40:04,169][base.py:144][INFO][5508] - Job "time_task (trigger: interval[0:01:00], next run at: 2020-08-16 18:41:04 CST)" executed successfully
[2020-08-16 18:41:04,168][base.py:940][DEBUG][8232] - Looking for jobs to run
[2020-08-16 18:41:04,169][base.py:1020][DEBUG][8232] - Next wakeup is due at 2020-08-16 18:42:04.165765+08:00 (in 59.997761 seconds)
[2020-08-16 18:41:04,169][base.py:123][INFO][4692] - Running job "time_task (trigger: interval[0:01:00], next run at: 2020-08-16 18:42:04 CST)" (scheduled at 2020-08-16 18:41:04.165765+08:00)
[2020-08-16 18:41:04,170][base.py:144][INFO][4692] - Job "time_task (trigger: interval[0:01:00], next run at: 2020-08-16 18:42:04 CST)" executed successfully
[2020-08-16 18:42:04,167][base.py:940][DEBUG][8232] - Looking for jobs to run
[2020-08-16 18:42:04,168][base.py:1020][DEBUG][8232] - Next wakeup is due at 2020-08-16 18:43:04.165765+08:00 (in 59.998525 seconds)
[2020-08-16 18:42:04,168][base.py:123][INFO][11164] - Running job "time_task (trigger: interval[0:01:00], next run at: 2020-08-16 18:43:04 CST)" (scheduled at 2020-08-16 18:42:04.165765+08:00)
[2020-08-16 18:42:04,169][base.py:144][INFO][11164] - Job "time_task (trigger: interval[0:01:00], next run at: 2020-08-16 18:43:04 CST)" executed successfully
[2020-08-16 18:43:04,167][base.py:940][DEBUG][8232] - Looking for jobs to run
[2020-08-16 18:43:04,168][base.py:1020][DEBUG][8232] - Next wakeup is due at 2020-08-16 18:44:04.165765+08:00 (in 59.997795 seconds)
[2020-08-16 18:43:04,168][base.py:123][INFO][10152] - Running job "time_task (trigger: interval[0:01:00], next run at: 2020-08-16 18:44:04 CST)" (scheduled at 2020-08-16 18:43:04.165765+08:00)
[2020-08-16 18:43:04,169][base.py:144][INFO][10152] - Job "time_task (trigger: interval[0:01:00], next run at: 2020-08-16 18:44:04 CST)" executed successfully
[2020-08-16 18:44:04,167][base.py:940][DEBUG][8232] - Looking for jobs to run
[2020-08-16 18:44:04,168][base.py:1020][DEBUG][8232] - Next wakeup is due at 2020-08-16 18:45:04.165765+08:00 (in 59.998711 seconds)
[2020-08-16 18:44:04,168][base.py:123][INFO][10436] - Running job "time_task (trigger: interval[0:01:00], next run at: 2020-08-16 18:45:04 CST)" (scheduled at 2020-08-16 18:44:04.165765+08:00)
[2020-08-16 18:44:04,169][base.py:144][INFO][10436] - Job "time_task (trigger: interval[0:01:00], next run at: 2020-08-16 18:45:04 CST)" executed successfully
[2020-08-16 18:45:04,167][base.py:940][DEBUG][8232] - Looking for jobs to run
[2020-08-16 18:45:04,168][base.py:1020][DEBUG][8232] - Next wakeup is due at 2020-08-16 18:46:04.165765+08:00 (in 59.998116 seconds)
[2020-08-16 18:45:04,168][base.py:123][INFO][10040] - Running job "time_task (trigger: interval[0:01:00], next run at: 2020-08-16 18:46:04 CST)" (scheduled at 2020-08-16 18:45:04.165765+08:00)
[2020-08-16 18:45:04,169][base.py:144][INFO][10040] - Job "time_task (trigger: interval[0:01:00], next run at: 2020-08-16 18:46:04 CST)" executed successfully
[2020-08-16 18:46:04,168][base.py:940][DEBUG][8232] - Looking for jobs to run
[2020-08-16 18:46:04,169][base.py:1020][DEBUG][8232] - Next wakeup is due at 2020-08-16 18:47:04.165765+08:00 (in 59.997575 seconds)
[2020-08-16 18:46:04,169][base.py:123][INFO][11688] - Running job "time_task (trigger: interval[0:01:00], next run at: 2020-08-16 18:47:04 CST)" (scheduled at 2020-08-16 18:46:04.165765+08:00)
[2020-08-16 18:46:04,170][base.py:144][INFO][11688] - Job "time_task (trigger: interval[0:01:00], next run at: 2020-08-16 18:47:04 CST)" executed successfully
[2020-08-16 18:47:04,167][base.py:940][DEBUG][8232] - Looking for jobs to run
[2020-08-16 18:47:04,168][base.py:1020][DEBUG][8232] - Next wakeup is due at 2020-08-16 18:48:04.165765+08:00 (in 59.998529 seconds)
[2020-08-16 18:47:04,168][base.py:123][INFO][4404] - Running job "time_task (trigger: interval[0:01:00], next run at: 2020-08-16 18:48:04 CST)" (scheduled at 2020-08-16 18:47:04.165765+08:00)
[2020-08-16 18:47:04,169][base.py:144][INFO][4404] - Job "time_task (trigger: interval[0:01:00], next run at: 2020-08-16 18:48:04 CST)" executed successfully
[2020-08-16 18:48:04,167][base.py:940][DEBUG][8232] - Looking for jobs to run
[2020-08-16 18:48:04,168][base.py:1020][DEBUG][8232] - Next wakeup is due at 2020-08-16 18:49:04.165765+08:00 (in 59.998544 seconds)
[2020-08-16 18:48:04,168][base.py:123][INFO][2332] - Running job "time_task (trigger: interval[0:01:00], next run at: 2020-08-16 18:49:04 CST)" (scheduled at 2020-08-16 18:48:04.165765+08:00)
[2020-08-16 18:48:04,169][base.py:144][INFO][2332] - Job "time_task (trigger: interval[0:01:00], next run at: 2020-08-16 18:49:04 CST)" executed successfully
[2020-08-16 18:49:04,168][base.py:940][DEBUG][8232] - Looking for jobs to run
[2020-08-16 18:49:04,169][base.py:1020][DEBUG][8232] - Next wakeup is due at 2020-08-16 18:50:04.165765+08:00 (in 59.997604 seconds)
[2020-08-16 18:49:04,169][base.py:123][INFO][10108] - Running job "time_task (trigger: interval[0:01:00], next run at: 2020-08-16 18:50:04 CST)" (scheduled at 2020-08-16 18:49:04.165765+08:00)
[2020-08-16 18:49:04,170][base.py:144][INFO][10108] - Job "time_task (trigger: interval[0:01:00], next run at: 2020-08-16 18:50:04 CST)" executed successfully
[2020-08-16 18:50:04,167][base.py:940][DEBUG][8232] - Looking for jobs to run
[2020-08-16 18:50:04,168][base.py:1020][DEBUG][8232] - Next wakeup is due at 2020-08-16 18:51:04.165765+08:00 (in 59.998014 seconds)
[2020-08-16 18:50:04,168][base.py:123][INFO][5508] - Running job "time_task (trigger: interval[0:01:00], next run at: 2020-08-16 18:51:04 CST)" (scheduled at 2020-08-16 18:50:04.165765+08:00)
[2020-08-16 18:50:04,169][base.py:144][INFO][5508] - Job "time_task (trigger: interval[0:01:00], next run at: 2020-08-16 18:51:04 CST)" executed successfully
[2020-08-16 18:51:04,168][base.py:940][DEBUG][8232] - Looking for jobs to run
[2020-08-16 18:51:04,169][base.py:1020][DEBUG][8232] - Next wakeup is due at 2020-08-16 18:52:04.165765+08:00 (in 59.997172 seconds)
[2020-08-16 18:51:04,169][base.py:123][INFO][4692] - Running job "time_task (trigger: interval[0:01:00], next run at: 2020-08-16 18:52:04 CST)" (scheduled at 2020-08-16 18:51:04.165765+08:00)
[2020-08-16 18:51:04,170][base.py:144][INFO][4692] - Job "time_task (trigger: interval[0:01:00], next run at: 2020-08-16 18:52:04 CST)" executed successfully
[2020-08-16 18:52:04,167][base.py:940][DEBUG][8232] - Looking for jobs to run
[2020-08-16 18:52:04,168][base.py:1020][DEBUG][8232] - Next wakeup is due at 2020-08-16 18:53:04.165765+08:00 (in 59.997778 seconds)
[2020-08-16 18:52:04,168][base.py:123][INFO][11164] - Running job "time_task (trigger: interval[0:01:00], next run at: 2020-08-16 18:53:04 CST)" (scheduled at 2020-08-16 18:52:04.165765+08:00)
[2020-08-16 18:52:04,169][base.py:144][INFO][11164] - Job "time_task (trigger: interval[0:01:00], next run at: 2020-08-16 18:53:04 CST)" executed successfully
[2020-08-16 18:53:04,167][base.py:940][DEBUG][8232] - Looking for jobs to run
[2020-08-16 18:53:04,168][base.py:1020][DEBUG][8232] - Next wakeup is due at 2020-08-16 18:54:04.165765+08:00 (in 59.998257 seconds)
[2020-08-16 18:53:04,168][base.py:123][INFO][10152] - Running job "time_task (trigger: interval[0:01:00], next run at: 2020-08-16 18:54:04 CST)" (scheduled at 2020-08-16 18:53:04.165765+08:00)
[2020-08-16 18:53:04,169][base.py:144][INFO][10152] - Job "time_task (trigger: interval[0:01:00], next run at: 2020-08-16 18:54:04 CST)" executed successfully
[2020-08-16 18:54:04,167][base.py:940][DEBUG][8232] - Looking for jobs to run
[2020-08-16 18:54:04,168][base.py:1020][DEBUG][8232] - Next wakeup is due at 2020-08-16 18:55:04.165765+08:00 (in 59.998138 seconds)
[2020-08-16 18:54:04,168][base.py:123][INFO][10436] - Running job "time_task (trigger: interval[0:01:00], next run at: 2020-08-16 18:55:04 CST)" (scheduled at 2020-08-16 18:54:04.165765+08:00)
[2020-08-16 18:54:04,169][base.py:144][INFO][10436] - Job "time_task (trigger: interval[0:01:00], next run at: 2020-08-16 18:55:04 CST)" executed successfully
[2020-08-16 18:55:04,168][base.py:940][DEBUG][8232] - Looking for jobs to run
[2020-08-16 18:55:04,169][base.py:1020][DEBUG][8232] - Next wakeup is due at 2020-08-16 18:56:04.165765+08:00 (in 59.997509 seconds)
[2020-08-16 18:55:04,169][base.py:123][INFO][10040] - Running job "time_task (trigger: interval[0:01:00], next run at: 2020-08-16 18:56:04 CST)" (scheduled at 2020-08-16 18:55:04.165765+08:00)
[2020-08-16 18:55:04,170][base.py:144][INFO][10040] - Job "time_task (trigger: interval[0:01:00], next run at: 2020-08-16 18:56:04 CST)" executed successfully
[2020-08-16 18:56:04,167][base.py:940][DEBUG][8232] - Looking for jobs to run
[2020-08-16 18:56:04,168][base.py:1020][DEBUG][8232] - Next wakeup is due at 2020-08-16 18:57:04.165765+08:00 (in 59.997980 seconds)
[2020-08-16 18:56:04,168][base.py:123][INFO][11688] - Running job "time_task (trigger: interval[0:01:00], next run at: 2020-08-16 18:57:04 CST)" (scheduled at 2020-08-16 18:56:04.165765+08:00)
[2020-08-16 18:56:04,169][base.py:144][INFO][11688] - Job "time_task (trigger: interval[0:01:00], next run at: 2020-08-16 18:57:04 CST)" executed successfully
[2020-08-16 18:57:04,167][base.py:940][DEBUG][8232] - Looking for jobs to run
[2020-08-16 18:57:04,168][base.py:1020][DEBUG][8232] - Next wakeup is due at 2020-08-16 18:58:04.165765+08:00 (in 59.998262 seconds)
[2020-08-16 18:57:04,168][base.py:123][INFO][4404] - Running job "time_task (trigger: interval[0:01:00], next run at: 2020-08-16 18:58:04 CST)" (scheduled at 2020-08-16 18:57:04.165765+08:00)
[2020-08-16 18:57:04,169][base.py:144][INFO][4404] - Job "time_task (trigger: interval[0:01:00], next run at: 2020-08-16 18:58:04 CST)" executed successfully
[2020-08-16 18:58:04,167][base.py:940][DEBUG][8232] - Looking for jobs to run
[2020-08-16 18:58:04,168][base.py:1020][DEBUG][8232] - Next wakeup is due at 2020-08-16 18:59:04.165765+08:00 (in 59.998119 seconds)
[2020-08-16 18:58:04,168][base.py:123][INFO][2332] - Running job "time_task (trigger: interval[0:01:00], next run at: 2020-08-16 18:59:04 CST)" (scheduled at 2020-08-16 18:58:04.165765+08:00)
[2020-08-16 18:58:04,169][base.py:144][INFO][2332] - Job "time_task (trigger: interval[0:01:00], next run at: 2020-08-16 18:59:04 CST)" executed successfully
[2020-08-16 18:59:04,167][base.py:940][DEBUG][8232] - Looking for jobs to run
[2020-08-16 18:59:04,168][base.py:1020][DEBUG][8232] - Next wakeup is due at 2020-08-16 19:00:04.165765+08:00 (in 59.998087 seconds)
[2020-08-16 18:59:04,168][base.py:123][INFO][10108] - Running job "time_task (trigger: interval[0:01:00], next run at: 2020-08-16 19:00:04 CST)" (scheduled at 2020-08-16 18:59:04.165765+08:00)
[2020-08-16 18:59:04,169][base.py:144][INFO][10108] - Job "time_task (trigger: interval[0:01:00], next run at: 2020-08-16 19:00:04 CST)" executed successfully
[2020-08-16 19:00:04,168][base.py:940][DEBUG][8232] - Looking for jobs to run
[2020-08-16 19:00:04,169][base.py:1020][DEBUG][8232] - Next wakeup is due at 2020-08-16 19:01:04.165765+08:00 (in 59.997406 seconds)
[2020-08-16 19:00:04,169][base.py:123][INFO][5508] - Running job "time_task (trigger: interval[0:01:00], next run at: 2020-08-16 19:01:04 CST)" (scheduled at 2020-08-16 19:00:04.165765+08:00)
[2020-08-16 19:00:04,170][base.py:144][INFO][5508] - Job "time_task (trigger: interval[0:01:00], next run at: 2020-08-16 19:01:04 CST)" executed successfully
[2020-08-16 19:01:04,168][base.py:940][DEBUG][8232] - Looking for jobs to run
[2020-08-16 19:01:04,169][base.py:1020][DEBUG][8232] - Next wakeup is due at 2020-08-16 19:02:04.165765+08:00 (in 59.997648 seconds)
[2020-08-16 19:01:04,169][base.py:123][INFO][4692] - Running job "time_task (trigger: interval[0:01:00], next run at: 2020-08-16 19:02:04 CST)" (scheduled at 2020-08-16 19:01:04.165765+08:00)
[2020-08-16 19:01:04,170][base.py:144][INFO][4692] - Job "time_task (trigger: interval[0:01:00], next run at: 2020-08-16 19:02:04 CST)" executed successfully
[2020-08-16 19:02:04,167][base.py:940][DEBUG][8232] - Looking for jobs to run
[2020-08-16 19:02:04,168][base.py:1020][DEBUG][8232] - Next wakeup is due at 2020-08-16 19:03:04.165765+08:00 (in 59.998110 seconds)
[2020-08-16 19:02:04,168][base.py:123][INFO][11164] - Running job "time_task (trigger: interval[0:01:00], next run at: 2020-08-16 19:03:04 CST)" (scheduled at 2020-08-16 19:02:04.165765+08:00)
[2020-08-16 19:02:04,169][base.py:144][INFO][11164] - Job "time_task (trigger: interval[0:01:00], next run at: 2020-08-16 19:03:04 CST)" executed successfully
[2020-08-16 19:03:04,167][base.py:940][DEBUG][8232] - Looking for jobs to run
[2020-08-16 19:03:04,168][base.py:1020][DEBUG][8232] - Next wakeup is due at 2020-08-16 19:04:04.165765+08:00 (in 59.998019 seconds)
[2020-08-16 19:03:04,168][base.py:123][INFO][2332] - Running job "time_task (trigger: interval[0:01:00], next run at: 2020-08-16 19:04:04 CST)" (scheduled at 2020-08-16 19:03:04.165765+08:00)
[2020-08-16 19:03:04,169][base.py:144][INFO][2332] - Job "time_task (trigger: interval[0:01:00], next run at: 2020-08-16 19:04:04 CST)" executed successfully
[2020-08-16 19:04:04,168][base.py:940][DEBUG][8232] - Looking for jobs to run
[2020-08-16 19:04:04,169][base.py:1020][DEBUG][8232] - Next wakeup is due at 2020-08-16 19:05:04.165765+08:00 (in 59.997564 seconds)
[2020-08-16 19:04:04,169][base.py:123][INFO][10436] - Running job "time_task (trigger: interval[0:01:00], next run at: 2020-08-16 19:05:04 CST)" (scheduled at 2020-08-16 19:04:04.165765+08:00)
[2020-08-16 19:04:04,170][base.py:144][INFO][10436] - Job "time_task (trigger: interval[0:01:00], next run at: 2020-08-16 19:05:04 CST)" executed successfully
[2020-08-16 19:05:04,167][base.py:940][DEBUG][8232] - Looking for jobs to run
[2020-08-16 19:05:04,168][base.py:1020][DEBUG][8232] - Next wakeup is due at 2020-08-16 19:06:04.165765+08:00 (in 59.998451 seconds)
[2020-08-16 19:05:04,168][base.py:123][INFO][10040] - Running job "time_task (trigger: interval[0:01:00], next run at: 2020-08-16 19:06:04 CST)" (scheduled at 2020-08-16 19:05:04.165765+08:00)
[2020-08-16 19:05:04,169][base.py:144][INFO][10040] - Job "time_task (trigger: interval[0:01:00], next run at: 2020-08-16 19:06:04 CST)" executed successfully
[2020-08-16 19:06:04,167][base.py:940][DEBUG][8232] - Looking for jobs to run
[2020-08-16 19:06:04,168][base.py:1020][DEBUG][8232] - Next wakeup is due at 2020-08-16 19:07:04.165765+08:00 (in 59.998406 seconds)
[2020-08-16 19:06:04,168][base.py:123][INFO][11688] - Running job "time_task (trigger: interval[0:01:00], next run at: 2020-08-16 19:07:04 CST)" (scheduled at 2020-08-16 19:06:04.165765+08:00)
[2020-08-16 19:06:04,169][base.py:144][INFO][11688] - Job "time_task (trigger: interval[0:01:00], next run at: 2020-08-16 19:07:04 CST)" executed successfully
[2020-08-16 19:07:04,167][base.py:940][DEBUG][8232] - Looking for jobs to run
[2020-08-16 19:07:04,168][base.py:1020][DEBUG][8232] - Next wakeup is due at 2020-08-16 19:08:04.165765+08:00 (in 59.997893 seconds)
[2020-08-16 19:07:04,168][base.py:123][INFO][4404] - Running job "time_task (trigger: interval[0:01:00], next run at: 2020-08-16 19:08:04 CST)" (scheduled at 2020-08-16 19:07:04.165765+08:00)
[2020-08-16 19:07:04,169][base.py:144][INFO][4404] - Job "time_task (trigger: interval[0:01:00], next run at: 2020-08-16 19:08:04 CST)" executed successfully
[2020-08-16 19:08:04,167][base.py:940][DEBUG][8232] - Looking for jobs to run
[2020-08-16 19:08:04,167][base.py:1020][DEBUG][8232] - Next wakeup is due at 2020-08-16 19:09:04.165765+08:00 (in 59.998049 seconds)
[2020-08-16 19:08:04,168][base.py:123][INFO][10152] - Running job "time_task (trigger: interval[0:01:00], next run at: 2020-08-16 19:09:04 CST)" (scheduled at 2020-08-16 19:08:04.165765+08:00)
[2020-08-16 19:08:04,169][base.py:144][INFO][10152] - Job "time_task (trigger: interval[0:01:00], next run at: 2020-08-16 19:09:04 CST)" executed successfully
[2020-08-16 19:09:04,168][base.py:940][DEBUG][8232] - Looking for jobs to run
[2020-08-16 19:09:04,169][base.py:1020][DEBUG][8232] - Next wakeup is due at 2020-08-16 19:10:04.165765+08:00 (in 59.997054 seconds)
[2020-08-16 19:09:04,169][base.py:123][INFO][10108] - Running job "time_task (trigger: interval[0:01:00], next run at: 2020-08-16 19:10:04 CST)" (scheduled at 2020-08-16 19:09:04.165765+08:00)
[2020-08-16 19:09:04,170][base.py:144][INFO][10108] - Job "time_task (trigger: interval[0:01:00], next run at: 2020-08-16 19:10:04 CST)" executed successfully
[2020-08-16 19:10:04,168][base.py:940][DEBUG][8232] - Looking for jobs to run
[2020-08-16 19:10:04,169][base.py:1020][DEBUG][8232] - Next wakeup is due at 2020-08-16 19:11:04.165765+08:00 (in 59.997243 seconds)
[2020-08-16 19:10:04,169][base.py:123][INFO][5508] - Running job "time_task (trigger: interval[0:01:00], next run at: 2020-08-16 19:11:04 CST)" (scheduled at 2020-08-16 19:10:04.165765+08:00)
[2020-08-16 19:10:04,170][base.py:144][INFO][5508] - Job "time_task (trigger: interval[0:01:00], next run at: 2020-08-16 19:11:04 CST)" executed successfully
[2020-08-16 19:11:04,168][base.py:940][DEBUG][8232] - Looking for jobs to run
[2020-08-16 19:11:04,169][base.py:1020][DEBUG][8232] - Next wakeup is due at 2020-08-16 19:12:04.165765+08:00 (in 59.997593 seconds)
[2020-08-16 19:11:04,169][base.py:123][INFO][4692] - Running job "time_task (trigger: interval[0:01:00], next run at: 2020-08-16 19:12:04 CST)" (scheduled at 2020-08-16 19:11:04.165765+08:00)
[2020-08-16 19:11:04,170][base.py:144][INFO][4692] - Job "time_task (trigger: interval[0:01:00], next run at: 2020-08-16 19:12:04 CST)" executed successfully
[2020-08-16 19:12:04,167][base.py:940][DEBUG][8232] - Looking for jobs to run
[2020-08-16 19:12:04,168][base.py:1020][DEBUG][8232] - Next wakeup is due at 2020-08-16 19:13:04.165765+08:00 (in 59.998097 seconds)
[2020-08-16 19:12:04,168][base.py:123][INFO][11164] - Running job "time_task (trigger: interval[0:01:00], next run at: 2020-08-16 19:13:04 CST)" (scheduled at 2020-08-16 19:12:04.165765+08:00)
[2020-08-16 19:12:04,169][base.py:144][INFO][11164] - Job "time_task (trigger: interval[0:01:00], next run at: 2020-08-16 19:13:04 CST)" executed successfully
[2020-08-16 19:13:04,168][base.py:940][DEBUG][8232] - Looking for jobs to run
[2020-08-16 19:13:04,168][base.py:1020][DEBUG][8232] - Next wakeup is due at 2020-08-16 19:14:04.165765+08:00 (in 59.997303 seconds)
[2020-08-16 19:13:04,168][base.py:123][INFO][2332] - Running job "time_task (trigger: interval[0:01:00], next run at: 2020-08-16 19:14:04 CST)" (scheduled at 2020-08-16 19:13:04.165765+08:00)
[2020-08-16 19:13:04,169][base.py:144][INFO][2332] - Job "time_task (trigger: interval[0:01:00], next run at: 2020-08-16 19:14:04 CST)" executed successfully
[2020-08-16 19:14:04,180][base.py:940][DEBUG][8232] - Looking for jobs to run
[2020-08-16 19:14:04,181][base.py:1020][DEBUG][8232] - Next wakeup is due at 2020-08-16 19:15:04.165765+08:00 (in 59.985174 seconds)
[2020-08-16 19:14:04,181][base.py:123][INFO][10436] - Running job "time_task (trigger: interval[0:01:00], next run at: 2020-08-16 19:15:04 CST)" (scheduled at 2020-08-16 19:14:04.165765+08:00)
[2020-08-16 19:14:04,182][base.py:144][INFO][10436] - Job "time_task (trigger: interval[0:01:00], next run at: 2020-08-16 19:15:04 CST)" executed successfully
[2020-08-16 19:15:04,168][base.py:940][DEBUG][8232] - Looking for jobs to run
[2020-08-16 19:15:04,169][base.py:1020][DEBUG][8232] - Next wakeup is due at 2020-08-16 19:16:04.165765+08:00 (in 59.997687 seconds)
[2020-08-16 19:15:04,169][base.py:123][INFO][10040] - Running job "time_task (trigger: interval[0:01:00], next run at: 2020-08-16 19:16:04 CST)" (scheduled at 2020-08-16 19:15:04.165765+08:00)
[2020-08-16 19:15:04,169][base.py:144][INFO][10040] - Job "time_task (trigger: interval[0:01:00], next run at: 2020-08-16 19:16:04 CST)" executed successfully
[2020-08-16 19:16:04,167][base.py:940][DEBUG][8232] - Looking for jobs to run
[2020-08-16 19:16:04,168][base.py:1020][DEBUG][8232] - Next wakeup is due at 2020-08-16 19:17:04.165765+08:00 (in 59.998035 seconds)
[2020-08-16 19:16:04,168][base.py:123][INFO][11688] - Running job "time_task (trigger: interval[0:01:00], next run at: 2020-08-16 19:17:04 CST)" (scheduled at 2020-08-16 19:16:04.165765+08:00)
[2020-08-16 19:16:04,169][base.py:144][INFO][11688] - Job "time_task (trigger: interval[0:01:00], next run at: 2020-08-16 19:17:04 CST)" executed successfully
[2020-08-16 19:17:04,167][base.py:940][DEBUG][8232] - Looking for jobs to run
[2020-08-16 19:17:04,168][base.py:1020][DEBUG][8232] - Next wakeup is due at 2020-08-16 19:18:04.165765+08:00 (in 59.997992 seconds)
[2020-08-16 19:17:04,168][base.py:123][INFO][4404] - Running job "time_task (trigger: interval[0:01:00], next run at: 2020-08-16 19:18:04 CST)" (scheduled at 2020-08-16 19:17:04.165765+08:00)
[2020-08-16 19:17:04,169][base.py:144][INFO][4404] - Job "time_task (trigger: interval[0:01:00], next run at: 2020-08-16 19:18:04 CST)" executed successfully
[2020-08-16 19:18:04,167][base.py:940][DEBUG][8232] - Looking for jobs to run
[2020-08-16 19:18:04,168][base.py:1020][DEBUG][8232] - Next wakeup is due at 2020-08-16 19:19:04.165765+08:00 (in 59.998130 seconds)
[2020-08-16 19:18:04,168][base.py:123][INFO][10152] - Running job "time_task (trigger: interval[0:01:00], next run at: 2020-08-16 19:19:04 CST)" (scheduled at 2020-08-16 19:18:04.165765+08:00)
[2020-08-16 19:18:04,169][base.py:144][INFO][10152] - Job "time_task (trigger: interval[0:01:00], next run at: 2020-08-16 19:19:04 CST)" executed successfully
[2020-08-16 19:19:04,169][base.py:940][DEBUG][8232] - Looking for jobs to run
[2020-08-16 19:19:04,169][base.py:1020][DEBUG][8232] - Next wakeup is due at 2020-08-16 19:20:04.165765+08:00 (in 59.996239 seconds)
[2020-08-16 19:19:04,170][base.py:123][INFO][10108] - Running job "time_task (trigger: interval[0:01:00], next run at: 2020-08-16 19:20:04 CST)" (scheduled at 2020-08-16 19:19:04.165765+08:00)
[2020-08-16 19:19:04,170][base.py:144][INFO][10108] - Job "time_task (trigger: interval[0:01:00], next run at: 2020-08-16 19:20:04 CST)" executed successfully
[2020-08-16 19:20:04,168][base.py:940][DEBUG][8232] - Looking for jobs to run
[2020-08-16 19:20:04,168][base.py:1020][DEBUG][8232] - Next wakeup is due at 2020-08-16 19:21:04.165765+08:00 (in 59.997660 seconds)
[2020-08-16 19:20:04,169][base.py:123][INFO][5508] - Running job "time_task (trigger: interval[0:01:00], next run at: 2020-08-16 19:21:04 CST)" (scheduled at 2020-08-16 19:20:04.165765+08:00)
[2020-08-16 19:20:04,170][base.py:144][INFO][5508] - Job "time_task (trigger: interval[0:01:00], next run at: 2020-08-16 19:21:04 CST)" executed successfully
[2020-08-16 19:21:04,167][base.py:940][DEBUG][8232] - Looking for jobs to run
[2020-08-16 19:21:04,168][base.py:1020][DEBUG][8232] - Next wakeup is due at 2020-08-16 19:22:04.165765+08:00 (in 59.998143 seconds)
[2020-08-16 19:21:04,168][base.py:123][INFO][4692] - Running job "time_task (trigger: interval[0:01:00], next run at: 2020-08-16 19:22:04 CST)" (scheduled at 2020-08-16 19:21:04.165765+08:00)
[2020-08-16 19:21:04,169][base.py:144][INFO][4692] - Job "time_task (trigger: interval[0:01:00], next run at: 2020-08-16 19:22:04 CST)" executed successfully
[2020-08-16 19:22:04,168][base.py:940][DEBUG][8232] - Looking for jobs to run
[2020-08-16 19:22:04,168][base.py:1020][DEBUG][8232] - Next wakeup is due at 2020-08-16 19:23:04.165765+08:00 (in 59.997756 seconds)
[2020-08-16 19:22:04,168][base.py:123][INFO][11164] - Running job "time_task (trigger: interval[0:01:00], next run at: 2020-08-16 19:23:04 CST)" (scheduled at 2020-08-16 19:22:04.165765+08:00)
[2020-08-16 19:22:04,169][base.py:144][INFO][11164] - Job "time_task (trigger: interval[0:01:00], next run at: 2020-08-16 19:23:04 CST)" executed successfully
[2020-08-16 19:23:04,167][base.py:940][DEBUG][8232] - Looking for jobs to run
[2020-08-16 19:23:04,168][base.py:1020][DEBUG][8232] - Next wakeup is due at 2020-08-16 19:24:04.165765+08:00 (in 59.998048 seconds)
[2020-08-16 19:23:04,168][base.py:123][INFO][2332] - Running job "time_task (trigger: interval[0:01:00], next run at: 2020-08-16 19:24:04 CST)" (scheduled at 2020-08-16 19:23:04.165765+08:00)
[2020-08-16 19:23:04,169][base.py:144][INFO][2332] - Job "time_task (trigger: interval[0:01:00], next run at: 2020-08-16 19:24:04 CST)" executed successfully
[2020-08-16 19:24:04,168][base.py:940][DEBUG][8232] - Looking for jobs to run
[2020-08-16 19:24:04,169][base.py:1020][DEBUG][8232] - Next wakeup is due at 2020-08-16 19:25:04.165765+08:00 (in 59.997034 seconds)
[2020-08-16 19:24:04,169][base.py:123][INFO][10436] - Running job "time_task (trigger: interval[0:01:00], next run at: 2020-08-16 19:25:04 CST)" (scheduled at 2020-08-16 19:24:04.165765+08:00)
[2020-08-16 19:24:04,170][base.py:144][INFO][10436] - Job "time_task (trigger: interval[0:01:00], next run at: 2020-08-16 19:25:04 CST)" executed successfully
[2020-08-16 19:25:04,168][base.py:940][DEBUG][8232] - Looking for jobs to run
[2020-08-16 19:25:04,169][base.py:1020][DEBUG][8232] - Next wakeup is due at 2020-08-16 19:26:04.165765+08:00 (in 59.997397 seconds)
[2020-08-16 19:25:04,169][base.py:123][INFO][10040] - Running job "time_task (trigger: interval[0:01:00], next run at: 2020-08-16 19:26:04 CST)" (scheduled at 2020-08-16 19:25:04.165765+08:00)
[2020-08-16 19:25:04,170][base.py:144][INFO][10040] - Job "time_task (trigger: interval[0:01:00], next run at: 2020-08-16 19:26:04 CST)" executed successfully
[2020-08-16 19:26:04,167][base.py:940][DEBUG][8232] - Looking for jobs to run
[2020-08-16 19:26:04,168][base.py:1020][DEBUG][8232] - Next wakeup is due at 2020-08-16 19:27:04.165765+08:00 (in 59.998150 seconds)
[2020-08-16 19:26:04,168][base.py:123][INFO][11688] - Running job "time_task (trigger: interval[0:01:00], next run at: 2020-08-16 19:27:04 CST)" (scheduled at 2020-08-16 19:26:04.165765+08:00)
[2020-08-16 19:26:04,169][base.py:144][INFO][11688] - Job "time_task (trigger: interval[0:01:00], next run at: 2020-08-16 19:27:04 CST)" executed successfully
[2020-08-16 19:27:04,168][base.py:940][DEBUG][8232] - Looking for jobs to run
[2020-08-16 19:27:04,169][base.py:1020][DEBUG][8232] - Next wakeup is due at 2020-08-16 19:28:04.165765+08:00 (in 59.997455 seconds)
[2020-08-16 19:27:04,169][base.py:123][INFO][4404] - Running job "time_task (trigger: interval[0:01:00], next run at: 2020-08-16 19:28:04 CST)" (scheduled at 2020-08-16 19:27:04.165765+08:00)
[2020-08-16 19:27:04,170][base.py:144][INFO][4404] - Job "time_task (trigger: interval[0:01:00], next run at: 2020-08-16 19:28:04 CST)" executed successfully
[2020-08-16 19:28:04,167][base.py:940][DEBUG][8232] - Looking for jobs to run
[2020-08-16 19:28:04,168][base.py:1020][DEBUG][8232] - Next wakeup is due at 2020-08-16 19:29:04.165765+08:00 (in 59.997990 seconds)
[2020-08-16 19:28:04,168][base.py:123][INFO][10152] - Running job "time_task (trigger: interval[0:01:00], next run at: 2020-08-16 19:29:04 CST)" (scheduled at 2020-08-16 19:28:04.165765+08:00)
[2020-08-16 19:28:04,169][base.py:144][INFO][10152] - Job "time_task (trigger: interval[0:01:00], next run at: 2020-08-16 19:29:04 CST)" executed successfully
[2020-08-16 19:29:04,168][base.py:940][DEBUG][8232] - Looking for jobs to run
[2020-08-16 19:29:04,169][base.py:1020][DEBUG][8232] - Next wakeup is due at 2020-08-16 19:30:04.165765+08:00 (in 59.997197 seconds)
[2020-08-16 19:29:04,169][base.py:123][INFO][10108] - Running job "time_task (trigger: interval[0:01:00], next run at: 2020-08-16 19:30:04 CST)" (scheduled at 2020-08-16 19:29:04.165765+08:00)
[2020-08-16 19:29:04,170][base.py:144][INFO][10108] - Job "time_task (trigger: interval[0:01:00], next run at: 2020-08-16 19:30:04 CST)" executed successfully
[2020-08-16 19:30:04,167][base.py:940][DEBUG][8232] - Looking for jobs to run
[2020-08-16 19:30:04,168][base.py:1020][DEBUG][8232] - Next wakeup is due at 2020-08-16 19:31:04.165765+08:00 (in 59.997905 seconds)
[2020-08-16 19:30:04,168][base.py:123][INFO][5508] - Running job "time_task (trigger: interval[0:01:00], next run at: 2020-08-16 19:31:04 CST)" (scheduled at 2020-08-16 19:30:04.165765+08:00)
[2020-08-16 19:30:04,169][base.py:144][INFO][5508] - Job "time_task (trigger: interval[0:01:00], next run at: 2020-08-16 19:31:04 CST)" executed successfully
[2020-08-16 19:31:04,167][base.py:940][DEBUG][8232] - Looking for jobs to run
[2020-08-16 19:31:04,168][base.py:1020][DEBUG][8232] - Next wakeup is due at 2020-08-16 19:32:04.165765+08:00 (in 59.998068 seconds)
[2020-08-16 19:31:04,169][base.py:123][INFO][4692] - Running job "time_task (trigger: interval[0:01:00], next run at: 2020-08-16 19:32:04 CST)" (scheduled at 2020-08-16 19:31:04.165765+08:00)
[2020-08-16 19:31:04,169][base.py:144][INFO][4692] - Job "time_task (trigger: interval[0:01:00], next run at: 2020-08-16 19:32:04 CST)" executed successfully
[2020-08-16 19:32:04,168][base.py:940][DEBUG][8232] - Looking for jobs to run
[2020-08-16 19:32:04,169][base.py:1020][DEBUG][8232] - Next wakeup is due at 2020-08-16 19:33:04.165765+08:00 (in 59.997572 seconds)
[2020-08-16 19:32:04,169][base.py:123][INFO][11164] - Running job "time_task (trigger: interval[0:01:00], next run at: 2020-08-16 19:33:04 CST)" (scheduled at 2020-08-16 19:32:04.165765+08:00)
[2020-08-16 19:32:04,170][base.py:144][INFO][11164] - Job "time_task (trigger: interval[0:01:00], next run at: 2020-08-16 19:33:04 CST)" executed successfully
[2020-08-16 19:33:04,167][base.py:940][DEBUG][8232] - Looking for jobs to run
[2020-08-16 19:33:04,168][base.py:1020][DEBUG][8232] - Next wakeup is due at 2020-08-16 19:34:04.165765+08:00 (in 59.998510 seconds)
[2020-08-16 19:33:04,168][base.py:123][INFO][2332] - Running job "time_task (trigger: interval[0:01:00], next run at: 2020-08-16 19:34:04 CST)" (scheduled at 2020-08-16 19:33:04.165765+08:00)
[2020-08-16 19:33:04,169][base.py:144][INFO][2332] - Job "time_task (trigger: interval[0:01:00], next run at: 2020-08-16 19:34:04 CST)" executed successfully
[2020-08-16 19:34:04,167][base.py:940][DEBUG][8232] - Looking for jobs to run
[2020-08-16 19:34:04,168][base.py:1020][DEBUG][8232] - Next wakeup is due at 2020-08-16 19:35:04.165765+08:00 (in 59.997933 seconds)
[2020-08-16 19:34:04,168][base.py:123][INFO][10436] - Running job "time_task (trigger: interval[0:01:00], next run at: 2020-08-16 19:35:04 CST)" (scheduled at 2020-08-16 19:34:04.165765+08:00)
[2020-08-16 19:34:04,169][base.py:144][INFO][10436] - Job "time_task (trigger: interval[0:01:00], next run at: 2020-08-16 19:35:04 CST)" executed successfully
[2020-08-16 19:35:04,167][base.py:940][DEBUG][8232] - Looking for jobs to run
[2020-08-16 19:35:04,168][base.py:1020][DEBUG][8232] - Next wakeup is due at 2020-08-16 19:36:04.165765+08:00 (in 59.998731 seconds)
[2020-08-16 19:35:04,168][base.py:123][INFO][10040] - Running job "time_task (trigger: interval[0:01:00], next run at: 2020-08-16 19:36:04 CST)" (scheduled at 2020-08-16 19:35:04.165765+08:00)
[2020-08-16 19:35:04,169][base.py:144][INFO][10040] - Job "time_task (trigger: interval[0:01:00], next run at: 2020-08-16 19:36:04 CST)" executed successfully
[2020-08-16 19:36:04,167][base.py:940][DEBUG][8232] - Looking for jobs to run
[2020-08-16 19:36:04,168][base.py:1020][DEBUG][8232] - Next wakeup is due at 2020-08-16 19:37:04.165765+08:00 (in 59.998603 seconds)
[2020-08-16 19:36:04,168][base.py:123][INFO][11688] - Running job "time_task (trigger: interval[0:01:00], next run at: 2020-08-16 19:37:04 CST)" (scheduled at 2020-08-16 19:36:04.165765+08:00)
[2020-08-16 19:36:04,169][base.py:144][INFO][11688] - Job "time_task (trigger: interval[0:01:00], next run at: 2020-08-16 19:37:04 CST)" executed successfully
[2020-08-16 19:37:04,167][base.py:940][DEBUG][8232] - Looking for jobs to run
[2020-08-16 19:37:04,168][base.py:1020][DEBUG][8232] - Next wakeup is due at 2020-08-16 19:38:04.165765+08:00 (in 59.998175 seconds)
[2020-08-16 19:37:04,168][base.py:123][INFO][4404] - Running job "time_task (trigger: interval[0:01:00], next run at: 2020-08-16 19:38:04 CST)" (scheduled at 2020-08-16 19:37:04.165765+08:00)
[2020-08-16 19:37:04,169][base.py:144][INFO][4404] - Job "time_task (trigger: interval[0:01:00], next run at: 2020-08-16 19:38:04 CST)" executed successfully
[2020-08-16 19:38:04,168][base.py:940][DEBUG][8232] - Looking for jobs to run
[2020-08-16 19:38:04,169][base.py:1020][DEBUG][8232] - Next wakeup is due at 2020-08-16 19:39:04.165765+08:00 (in 59.997526 seconds)
[2020-08-16 19:38:04,169][base.py:123][INFO][10152] - Running job "time_task (trigger: interval[0:01:00], next run at: 2020-08-16 19:39:04 CST)" (scheduled at 2020-08-16 19:38:04.165765+08:00)
[2020-08-16 19:38:04,170][base.py:144][INFO][10152] - Job "time_task (trigger: interval[0:01:00], next run at: 2020-08-16 19:39:04 CST)" executed successfully
[2020-08-16 22:46:18,796][base.py:440][INFO][12928] - Adding job tentatively -- it will be properly scheduled when the scheduler starts
[2020-08-16 22:46:18,797][base.py:881][INFO][12928] - Added job "time_task" to job store "default"
[2020-08-16 22:46:18,797][base.py:166][INFO][12928] - Scheduler started
[2020-08-16 22:46:18,798][base.py:940][DEBUG][10148] - Looking for jobs to run
[2020-08-16 22:46:18,798][base.py:1020][DEBUG][10148] - Next wakeup is due at 2020-08-16 22:47:18.796867+08:00 (in 59.998000 seconds)
[2020-08-16 22:46:18,826][_internal.py:113][INFO][12928] -  * Running on http://127.0.0.1:5000/ (Press CTRL+C to quit)
[2020-08-16 22:46:50,590][_internal.py:113][INFO][10032] - 127.0.0.1 - - [16/Aug/2020 22:46:50] "[33mGET / HTTP/1.1[0m" 404 -
[2020-08-16 22:46:51,731][_internal.py:113][INFO][1736] - 127.0.0.1 - - [16/Aug/2020 22:46:51] "[33mGET /favicon.ico HTTP/1.1[0m" 404 -
[2020-08-16 22:46:54,743][_internal.py:113][INFO][2448] - 127.0.0.1 - - [16/Aug/2020 22:46:54] "[33mGET /user/test HTTP/1.1[0m" 404 -
[2020-08-16 22:47:18,797][base.py:940][DEBUG][10148] - Looking for jobs to run
[2020-08-16 22:47:18,798][base.py:123][INFO][3816] - Running job "time_task (trigger: interval[0:01:00], next run at: 2020-08-16 22:47:18 CST)" (scheduled at 2020-08-16 22:47:18.796867+08:00)
[2020-08-16 22:47:18,799][base.py:1020][DEBUG][10148] - Next wakeup is due at 2020-08-16 22:48:18.796867+08:00 (in 59.999000 seconds)
[2020-08-16 22:47:18,800][base.py:144][INFO][3816] - Job "time_task (trigger: interval[0:01:00], next run at: 2020-08-16 22:48:18 CST)" executed successfully
[2020-08-16 22:48:17,874][base.py:440][INFO][13740] - Adding job tentatively -- it will be properly scheduled when the scheduler starts
[2020-08-16 22:48:17,875][base.py:881][INFO][13740] - Added job "time_task" to job store "default"
[2020-08-16 22:48:17,875][base.py:166][INFO][13740] - Scheduler started
[2020-08-16 22:48:17,876][base.py:940][DEBUG][9768] - Looking for jobs to run
[2020-08-16 22:48:17,876][base.py:1020][DEBUG][9768] - Next wakeup is due at 2020-08-16 22:49:17.874019+08:00 (in 59.998001 seconds)
[2020-08-16 22:48:17,902][_internal.py:113][INFO][13740] -  * Running on http://127.0.0.1:5000/ (Press CTRL+C to quit)
[2020-08-16 22:48:20,999][base.py:440][INFO][6596] - Adding job tentatively -- it will be properly scheduled when the scheduler starts
[2020-08-16 22:48:21,001][base.py:881][INFO][6596] - Added job "time_task" to job store "default"
[2020-08-16 22:48:21,001][base.py:166][INFO][6596] - Scheduler started
[2020-08-16 22:48:21,009][base.py:940][DEBUG][13000] - Looking for jobs to run
[2020-08-16 22:48:21,010][base.py:1020][DEBUG][13000] - Next wakeup is due at 2020-08-16 22:49:20.999847+08:00 (in 59.989994 seconds)
[2020-08-16 22:48:21,057][_internal.py:113][INFO][6596] -  * Running on http://127.0.0.1:5000/ (Press CTRL+C to quit)
[2020-08-16 22:48:27,349][_internal.py:113][INFO][12524] - 127.0.0.1 - - [16/Aug/2020 22:48:27] "[33mGET /user/test HTTP/1.1[0m" 404 -
[2020-08-16 22:48:35,861][base.py:440][INFO][10532] - Adding job tentatively -- it will be properly scheduled when the scheduler starts
[2020-08-16 22:48:35,864][base.py:881][INFO][10532] - Added job "time_task" to job store "default"
[2020-08-16 22:48:35,864][base.py:166][INFO][10532] - Scheduler started
[2020-08-16 22:48:35,865][base.py:940][DEBUG][6720] - Looking for jobs to run
[2020-08-16 22:48:35,866][base.py:1020][DEBUG][6720] - Next wakeup is due at 2020-08-16 22:49:35.861378+08:00 (in 59.995002 seconds)
[2020-08-16 22:49:02,046][_internal.py:113][INFO][10532] -  * Running on http://127.0.0.1:5000/ (Press CTRL+C to quit)
[2020-08-16 22:49:34,541][base.py:440][INFO][4052] - Adding job tentatively -- it will be properly scheduled when the scheduler starts
[2020-08-16 22:49:34,542][base.py:881][INFO][4052] - Added job "time_task" to job store "default"
[2020-08-16 22:49:34,542][base.py:166][INFO][4052] - Scheduler started
[2020-08-16 22:49:34,542][base.py:940][DEBUG][368] - Looking for jobs to run
[2020-08-16 22:49:34,543][base.py:1020][DEBUG][368] - Next wakeup is due at 2020-08-16 22:50:34.541895+08:00 (in 59.997987 seconds)
[2020-08-16 22:49:34,568][_internal.py:113][INFO][4052] -  * Running on http://127.0.0.1:5000/ (Press CTRL+C to quit)
[2020-08-16 22:49:40,208][_internal.py:113][INFO][12752] - 127.0.0.1 - - [16/Aug/2020 22:49:40] "[37mGET /test HTTP/1.1[0m" 200 -
[2020-08-16 22:49:49,827][base.py:440][INFO][10688] - Adding job tentatively -- it will be properly scheduled when the scheduler starts
[2020-08-16 22:49:49,829][base.py:881][INFO][10688] - Added job "time_task" to job store "default"
[2020-08-16 22:49:49,829][base.py:166][INFO][10688] - Scheduler started
[2020-08-16 22:49:49,829][base.py:940][DEBUG][10076] - Looking for jobs to run
[2020-08-16 22:49:49,829][base.py:1020][DEBUG][10076] - Next wakeup is due at 2020-08-16 22:50:49.827955+08:00 (in 59.998016 seconds)
[2020-08-16 22:49:49,860][_internal.py:113][INFO][10688] -  * Running on http://127.0.0.1:5000/ (Press CTRL+C to quit)
[2020-08-16 22:49:53,817][_internal.py:113][INFO][2400] - 127.0.0.1 - - [16/Aug/2020 22:49:53] "[37mGET /test HTTP/1.1[0m" 200 -
[2020-08-16 22:50:10,864][_internal.py:113][INFO][11700] - 127.0.0.1 - - [16/Aug/2020 22:50:10] "[33mGET /v1/test HTTP/1.1[0m" 404 -
[2020-08-16 22:50:49,830][base.py:940][DEBUG][10076] - Looking for jobs to run
[2020-08-16 22:50:49,831][base.py:123][INFO][7044] - Running job "time_task (trigger: interval[0:01:00], next run at: 2020-08-16 22:50:49 CST)" (scheduled at 2020-08-16 22:50:49.827955+08:00)
[2020-08-16 22:50:49,832][base.py:1020][DEBUG][10076] - Next wakeup is due at 2020-08-16 22:51:49.827955+08:00 (in 59.997250 seconds)
[2020-08-16 22:50:49,833][base.py:144][INFO][7044] - Job "time_task (trigger: interval[0:01:00], next run at: 2020-08-16 22:51:49 CST)" executed successfully
[2020-08-16 22:50:54,808][_internal.py:113][INFO][10196] - 127.0.0.1 - - [16/Aug/2020 22:50:54] "[33mGET /index HTTP/1.1[0m" 404 -
[2020-08-16 22:51:01,882][_internal.py:113][INFO][9924] - 127.0.0.1 - - [16/Aug/2020 22:51:01] "[33mGET /v1/index HTTP/1.1[0m" 404 -
[2020-08-16 22:51:24,800][_internal.py:113][INFO][6312] - 127.0.0.1 - - [16/Aug/2020 22:51:24] "[33mGET /index HTTP/1.1[0m" 404 -
[2020-08-16 22:51:33,378][base.py:440][INFO][10732] - Adding job tentatively -- it will be properly scheduled when the scheduler starts
[2020-08-16 22:51:33,379][base.py:881][INFO][10732] - Added job "time_task" to job store "default"
[2020-08-16 22:51:33,379][base.py:166][INFO][10732] - Scheduler started
[2020-08-16 22:51:33,379][base.py:940][DEBUG][1380] - Looking for jobs to run
[2020-08-16 22:51:33,379][base.py:1020][DEBUG][1380] - Next wakeup is due at 2020-08-16 22:52:33.378249+08:00 (in 59.999001 seconds)
[2020-08-16 22:51:33,405][_internal.py:113][INFO][10732] -  * Running on http://127.0.0.1:5000/ (Press CTRL+C to quit)
[2020-08-16 22:51:35,307][_internal.py:113][INFO][2840] - 127.0.0.1 - - [16/Aug/2020 22:51:35] "[33mGET /index HTTP/1.1[0m" 404 -
[2020-08-16 22:51:36,657][_internal.py:113][INFO][9196] - 127.0.0.1 - - [16/Aug/2020 22:51:36] "[33mGET /index HTTP/1.1[0m" 404 -
[2020-08-16 22:52:33,380][base.py:940][DEBUG][1380] - Looking for jobs to run
[2020-08-16 22:52:33,381][base.py:123][INFO][12756] - Running job "time_task (trigger: interval[0:01:00], next run at: 2020-08-16 22:52:33 CST)" (scheduled at 2020-08-16 22:52:33.378249+08:00)
[2020-08-16 22:52:33,382][base.py:1020][DEBUG][1380] - Next wakeup is due at 2020-08-16 22:53:33.378249+08:00 (in 59.997845 seconds)
[2020-08-16 22:52:33,383][base.py:144][INFO][12756] - Job "time_task (trigger: interval[0:01:00], next run at: 2020-08-16 22:53:33 CST)" executed successfully
[2020-08-16 22:53:33,381][base.py:940][DEBUG][1380] - Looking for jobs to run
[2020-08-16 22:53:33,382][base.py:123][INFO][12756] - Running job "time_task (trigger: interval[0:01:00], next run at: 2020-08-16 22:53:33 CST)" (scheduled at 2020-08-16 22:53:33.378249+08:00)
[2020-08-16 22:53:33,383][base.py:144][INFO][12756] - Job "time_task (trigger: interval[0:01:00], next run at: 2020-08-16 22:53:33 CST)" executed successfully
[2020-08-16 22:53:33,384][base.py:1020][DEBUG][1380] - Next wakeup is due at 2020-08-16 22:54:33.378249+08:00 (in 59.996270 seconds)
[2020-08-16 22:54:26,302][_internal.py:113][INFO][3928] - 127.0.0.1 - - [16/Aug/2020 22:54:26] "[33mGET /index HTTP/1.1[0m" 404 -
[2020-08-16 22:54:27,665][_internal.py:113][INFO][4752] - 127.0.0.1 - - [16/Aug/2020 22:54:27] "[33mGET /index HTTP/1.1[0m" 404 -
[2020-08-16 22:54:33,382][base.py:940][DEBUG][1380] - Looking for jobs to run
[2020-08-16 22:54:33,383][base.py:123][INFO][12756] - Running job "time_task (trigger: interval[0:01:00], next run at: 2020-08-16 22:54:33 CST)" (scheduled at 2020-08-16 22:54:33.378249+08:00)
[2020-08-16 22:54:33,384][base.py:1020][DEBUG][1380] - Next wakeup is due at 2020-08-16 22:55:33.378249+08:00 (in 59.995950 seconds)
[2020-08-16 22:54:33,385][base.py:144][INFO][12756] - Job "time_task (trigger: interval[0:01:00], next run at: 2020-08-16 22:55:33 CST)" executed successfully
[2020-08-16 22:54:36,509][base.py:440][INFO][1376] - Adding job tentatively -- it will be properly scheduled when the scheduler starts
[2020-08-16 22:54:36,510][base.py:881][INFO][1376] - Added job "time_task" to job store "default"
[2020-08-16 22:54:36,510][base.py:166][INFO][1376] - Scheduler started
[2020-08-16 22:54:36,510][base.py:940][DEBUG][11776] - Looking for jobs to run
[2020-08-16 22:54:36,511][base.py:1020][DEBUG][11776] - Next wakeup is due at 2020-08-16 22:55:36.509504+08:00 (in 59.998013 seconds)
[2020-08-16 22:54:36,538][_internal.py:113][INFO][1376] -  * Running on http://127.0.0.1:5000/ (Press CTRL+C to quit)
[2020-08-16 22:54:38,529][_internal.py:113][INFO][11672] - 127.0.0.1 - - [16/Aug/2020 22:54:38] "[37mGET /index HTTP/1.1[0m" 200 -
[2020-08-16 22:55:36,511][base.py:940][DEBUG][11776] - Looking for jobs to run
[2020-08-16 22:55:36,512][base.py:123][INFO][1044] - Running job "time_task (trigger: interval[0:01:00], next run at: 2020-08-16 22:55:36 CST)" (scheduled at 2020-08-16 22:55:36.509504+08:00)
[2020-08-16 22:55:36,513][base.py:1020][DEBUG][11776] - Next wakeup is due at 2020-08-16 22:56:36.509504+08:00 (in 59.998260 seconds)
[2020-08-16 22:55:36,514][base.py:144][INFO][1044] - Job "time_task (trigger: interval[0:01:00], next run at: 2020-08-16 22:56:36 CST)" executed successfully
[2020-08-16 22:55:43,716][_internal.py:113][INFO][2504] - 127.0.0.1 - - [16/Aug/2020 22:55:43] "[33mGET /v1/test HTTP/1.1[0m" 404 -
[2020-08-16 22:56:36,515][base.py:940][DEBUG][11776] - Looking for jobs to run
[2020-08-16 22:56:36,516][base.py:123][INFO][1044] - Running job "time_task (trigger: interval[0:01:00], next run at: 2020-08-16 22:56:36 CST)" (scheduled at 2020-08-16 22:56:36.509504+08:00)
[2020-08-16 22:56:36,517][base.py:144][INFO][1044] - Job "time_task (trigger: interval[0:01:00], next run at: 2020-08-16 22:56:36 CST)" executed successfully
[2020-08-16 22:56:36,518][base.py:1020][DEBUG][11776] - Next wakeup is due at 2020-08-16 22:57:36.509504+08:00 (in 59.994342 seconds)
[2020-08-16 22:57:28,239][_internal.py:113][INFO][9668] - 127.0.0.1 - - [16/Aug/2020 22:57:28] "[33mGET /v1/test HTTP/1.1[0m" 404 -
[2020-08-16 22:57:36,513][base.py:940][DEBUG][11776] - Looking for jobs to run
[2020-08-16 22:57:36,514][base.py:123][INFO][1044] - Running job "time_task (trigger: interval[0:01:00], next run at: 2020-08-16 22:57:36 CST)" (scheduled at 2020-08-16 22:57:36.509504+08:00)
[2020-08-16 22:57:36,515][base.py:1020][DEBUG][11776] - Next wakeup is due at 2020-08-16 22:58:36.509504+08:00 (in 59.995733 seconds)
[2020-08-16 22:57:36,515][base.py:144][INFO][1044] - Job "time_task (trigger: interval[0:01:00], next run at: 2020-08-16 22:58:36 CST)" executed successfully
[2020-08-16 22:57:56,317][base.py:440][INFO][8316] - Adding job tentatively -- it will be properly scheduled when the scheduler starts
[2020-08-16 22:57:56,319][base.py:881][INFO][8316] - Added job "time_task" to job store "default"
[2020-08-16 22:57:56,319][base.py:166][INFO][8316] - Scheduler started
[2020-08-16 22:57:56,321][base.py:940][DEBUG][11576] - Looking for jobs to run
[2020-08-16 22:57:56,321][base.py:1020][DEBUG][11576] - Next wakeup is due at 2020-08-16 22:58:56.316037+08:00 (in 59.995003 seconds)
[2020-08-16 22:58:27,370][_internal.py:113][INFO][8316] -  * Running on http://127.0.0.1:5000/ (Press CTRL+C to quit)
[2020-08-16 22:58:32,122][_internal.py:113][INFO][12936] - 127.0.0.1 - - [16/Aug/2020 22:58:32] "[33mGET /v1/test HTTP/1.1[0m" 404 -
[2020-08-16 22:58:38,753][_internal.py:113][INFO][12080] - 127.0.0.1 - - [16/Aug/2020 22:58:38] "[33mGET /v1/test HTTP/1.1[0m" 404 -
[2020-08-16 22:58:44,152][_internal.py:113][INFO][3076] - 127.0.0.1 - - [16/Aug/2020 22:58:44] "[33mGET /v1/test HTTP/1.1[0m" 404 -
[2020-08-16 22:59:06,012][base.py:440][INFO][1140] - Adding job tentatively -- it will be properly scheduled when the scheduler starts
[2020-08-16 22:59:06,013][base.py:881][INFO][1140] - Added job "time_task" to job store "default"
[2020-08-16 22:59:06,013][base.py:166][INFO][1140] - Scheduler started
[2020-08-16 22:59:06,014][base.py:940][DEBUG][7160] - Looking for jobs to run
[2020-08-16 22:59:06,014][base.py:1020][DEBUG][7160] - Next wakeup is due at 2020-08-16 23:00:06.012718+08:00 (in 59.997989 seconds)
[2020-08-16 22:59:06,040][_internal.py:113][INFO][1140] -  * Running on http://127.0.0.1:5000/ (Press CTRL+C to quit)
[2020-08-16 22:59:17,070][_internal.py:113][INFO][12976] - 127.0.0.1 - - [16/Aug/2020 22:59:17] "[33mGET /v1/test HTTP/1.1[0m" 404 -
[2020-08-16 22:59:22,285][_internal.py:113][INFO][13864] - 127.0.0.1 - - [16/Aug/2020 22:59:22] "[33mGET /test HTTP/1.1[0m" 404 -
[2020-08-16 23:00:06,015][base.py:940][DEBUG][7160] - Looking for jobs to run
[2020-08-16 23:00:06,017][base.py:123][INFO][2732] - Running job "time_task (trigger: interval[0:01:00], next run at: 2020-08-16 23:00:06 CST)" (scheduled at 2020-08-16 23:00:06.012718+08:00)
[2020-08-16 23:00:06,019][base.py:1020][DEBUG][7160] - Next wakeup is due at 2020-08-16 23:01:06.012718+08:00 (in 59.995875 seconds)
[2020-08-16 23:00:06,020][base.py:144][INFO][2732] - Job "time_task (trigger: interval[0:01:00], next run at: 2020-08-16 23:01:06 CST)" executed successfully
[2020-08-16 23:01:06,017][base.py:940][DEBUG][7160] - Looking for jobs to run
[2020-08-16 23:01:06,017][base.py:123][INFO][2732] - Running job "time_task (trigger: interval[0:01:00], next run at: 2020-08-16 23:01:06 CST)" (scheduled at 2020-08-16 23:01:06.012718+08:00)
[2020-08-16 23:01:06,017][base.py:1020][DEBUG][7160] - Next wakeup is due at 2020-08-16 23:02:06.012718+08:00 (in 59.995230 seconds)
[2020-08-16 23:01:06,018][base.py:144][INFO][2732] - Job "time_task (trigger: interval[0:01:00], next run at: 2020-08-16 23:02:06 CST)" executed successfully
[2020-08-16 23:02:06,014][base.py:940][DEBUG][7160] - Looking for jobs to run
[2020-08-16 23:02:06,015][base.py:123][INFO][9924] - Running job "time_task (trigger: interval[0:01:00], next run at: 2020-08-16 23:02:06 CST)" (scheduled at 2020-08-16 23:02:06.012718+08:00)
[2020-08-16 23:02:06,016][base.py:1020][DEBUG][7160] - Next wakeup is due at 2020-08-16 23:03:06.012718+08:00 (in 59.997893 seconds)
[2020-08-16 23:02:06,017][base.py:144][INFO][9924] - Job "time_task (trigger: interval[0:01:00], next run at: 2020-08-16 23:03:06 CST)" executed successfully
[2020-08-16 23:03:06,014][base.py:940][DEBUG][7160] - Looking for jobs to run
[2020-08-16 23:03:06,014][base.py:123][INFO][7504] - Running job "time_task (trigger: interval[0:01:00], next run at: 2020-08-16 23:03:06 CST)" (scheduled at 2020-08-16 23:03:06.012718+08:00)
[2020-08-16 23:03:06,014][base.py:144][INFO][7504] - Job "time_task (trigger: interval[0:01:00], next run at: 2020-08-16 23:03:06 CST)" executed successfully
[2020-08-16 23:03:06,015][base.py:1020][DEBUG][7160] - Next wakeup is due at 2020-08-16 23:04:06.012718+08:00 (in 59.997821 seconds)
[2020-08-16 23:04:06,014][base.py:940][DEBUG][7160] - Looking for jobs to run
[2020-08-16 23:04:06,014][base.py:123][INFO][2732] - Running job "time_task (trigger: interval[0:01:00], next run at: 2020-08-16 23:04:06 CST)" (scheduled at 2020-08-16 23:04:06.012718+08:00)
[2020-08-16 23:04:06,014][base.py:1020][DEBUG][7160] - Next wakeup is due at 2020-08-16 23:05:06.012718+08:00 (in 59.998500 seconds)
[2020-08-16 23:04:06,014][base.py:144][INFO][2732] - Job "time_task (trigger: interval[0:01:00], next run at: 2020-08-16 23:05:06 CST)" executed successfully
[2020-08-16 23:22:58,636][base.py:440][INFO][2372] - Adding job tentatively -- it will be properly scheduled when the scheduler starts
[2020-08-16 23:22:58,637][base.py:881][INFO][2372] - Added job "time_task" to job store "default"
[2020-08-16 23:22:58,637][base.py:166][INFO][2372] - Scheduler started
[2020-08-16 23:22:58,637][base.py:940][DEBUG][3156] - Looking for jobs to run
[2020-08-16 23:22:58,637][base.py:1020][DEBUG][3156] - Next wakeup is due at 2020-08-16 23:23:58.635359+08:00 (in 59.998000 seconds)
[2020-08-16 23:23:09,996][base.py:440][INFO][12264] - Adding job tentatively -- it will be properly scheduled when the scheduler starts
[2020-08-16 23:23:09,997][base.py:881][INFO][12264] - Added job "time_task" to job store "default"
[2020-08-16 23:23:09,997][base.py:166][INFO][12264] - Scheduler started
[2020-08-16 23:23:09,997][base.py:940][DEBUG][1136] - Looking for jobs to run
[2020-08-16 23:23:09,997][base.py:1020][DEBUG][1136] - Next wakeup is due at 2020-08-16 23:24:09.996780+08:00 (in 59.999000 seconds)
[2020-08-16 23:23:10,022][_internal.py:113][INFO][12264] -  * Running on http://127.0.0.1:5000/ (Press CTRL+C to quit)
[2020-08-16 23:23:22,482][_internal.py:113][INFO][2904] - 127.0.0.1 - - [16/Aug/2020 23:23:22] "[33mGET /test HTTP/1.1[0m" 404 -
[2020-08-16 23:23:28,578][_internal.py:113][INFO][12592] - 127.0.0.1 - - [16/Aug/2020 23:23:28] "[33mGET /v1/test HTTP/1.1[0m" 404 -
[2020-08-16 23:24:04,849][base.py:440][INFO][11204] - Adding job tentatively -- it will be properly scheduled when the scheduler starts
[2020-08-16 23:24:04,849][base.py:881][INFO][11204] - Added job "time_task" to job store "default"
[2020-08-16 23:24:04,849][base.py:166][INFO][11204] - Scheduler started
[2020-08-16 23:24:04,850][base.py:940][DEBUG][1256] - Looking for jobs to run
[2020-08-16 23:24:04,850][base.py:1020][DEBUG][1256] - Next wakeup is due at 2020-08-16 23:25:04.848621+08:00 (in 59.998001 seconds)
[2020-08-16 23:24:04,875][_internal.py:113][INFO][11204] -  * Running on http://127.0.0.1:5000/ (Press CTRL+C to quit)
[2020-08-16 23:24:08,543][_internal.py:113][INFO][13096] - 127.0.0.1 - - [16/Aug/2020 23:24:08] "[33mGET /v1/test HTTP/1.1[0m" 404 -
[2020-08-16 23:24:21,925][base.py:440][INFO][12312] - Adding job tentatively -- it will be properly scheduled when the scheduler starts
[2020-08-16 23:24:21,925][base.py:881][INFO][12312] - Added job "time_task" to job store "default"
[2020-08-16 23:24:21,926][base.py:166][INFO][12312] - Scheduler started
[2020-08-16 23:24:21,926][base.py:940][DEBUG][11860] - Looking for jobs to run
[2020-08-16 23:24:21,926][base.py:1020][DEBUG][11860] - Next wakeup is due at 2020-08-16 23:25:21.924705+08:00 (in 59.998002 seconds)
[2020-08-16 23:24:21,955][_internal.py:113][INFO][12312] -  * Running on http://127.0.0.1:5000/ (Press CTRL+C to quit)
[2020-08-16 23:24:25,862][_internal.py:113][INFO][6876] - 127.0.0.1 - - [16/Aug/2020 23:24:25] "[33mGET /v1/test123 HTTP/1.1[0m" 404 -
[2020-08-16 23:24:29,913][_internal.py:113][INFO][896] - 127.0.0.1 - - [16/Aug/2020 23:24:29] "[33mGET /test123 HTTP/1.1[0m" 404 -
[2020-08-16 23:24:32,454][_internal.py:113][INFO][10952] - 127.0.0.1 - - [16/Aug/2020 23:24:32] "[33mGET /test HTTP/1.1[0m" 404 -
[2020-08-16 23:25:21,926][base.py:940][DEBUG][11860] - Looking for jobs to run
[2020-08-16 23:25:21,927][base.py:123][INFO][11996] - Running job "time_task (trigger: interval[0:01:00], next run at: 2020-08-16 23:25:21 CST)" (scheduled at 2020-08-16 23:25:21.924705+08:00)
[2020-08-16 23:25:21,928][base.py:1020][DEBUG][11860] - Next wakeup is due at 2020-08-16 23:26:21.924705+08:00 (in 59.998219 seconds)
[2020-08-16 23:25:21,929][base.py:144][INFO][11996] - Job "time_task (trigger: interval[0:01:00], next run at: 2020-08-16 23:26:21 CST)" executed successfully
[2020-08-16 23:26:21,929][base.py:940][DEBUG][11860] - Looking for jobs to run
[2020-08-16 23:26:21,930][base.py:123][INFO][11996] - Running job "time_task (trigger: interval[0:01:00], next run at: 2020-08-16 23:26:21 CST)" (scheduled at 2020-08-16 23:26:21.924705+08:00)
[2020-08-16 23:26:21,931][base.py:1020][DEBUG][11860] - Next wakeup is due at 2020-08-16 23:27:21.924705+08:00 (in 59.995301 seconds)
[2020-08-16 23:26:21,931][base.py:144][INFO][11996] - Job "time_task (trigger: interval[0:01:00], next run at: 2020-08-16 23:27:21 CST)" executed successfully
[2020-08-16 23:27:21,927][base.py:940][DEBUG][11860] - Looking for jobs to run
[2020-08-16 23:27:21,928][base.py:123][INFO][14280] - Running job "time_task (trigger: interval[0:01:00], next run at: 2020-08-16 23:27:21 CST)" (scheduled at 2020-08-16 23:27:21.924705+08:00)
[2020-08-16 23:27:21,929][base.py:1020][DEBUG][11860] - Next wakeup is due at 2020-08-16 23:28:21.924705+08:00 (in 59.996834 seconds)
[2020-08-16 23:27:21,929][base.py:144][INFO][14280] - Job "time_task (trigger: interval[0:01:00], next run at: 2020-08-16 23:28:21 CST)" executed successfully
[2020-08-16 23:28:21,928][base.py:940][DEBUG][11860] - Looking for jobs to run
[2020-08-16 23:28:21,929][base.py:123][INFO][11996] - Running job "time_task (trigger: interval[0:01:00], next run at: 2020-08-16 23:28:21 CST)" (scheduled at 2020-08-16 23:28:21.924705+08:00)
[2020-08-16 23:28:21,930][base.py:144][INFO][11996] - Job "time_task (trigger: interval[0:01:00], next run at: 2020-08-16 23:28:21 CST)" executed successfully
[2020-08-16 23:28:21,931][base.py:1020][DEBUG][11860] - Next wakeup is due at 2020-08-16 23:29:21.924705+08:00 (in 59.996420 seconds)
[2020-08-16 23:29:21,928][base.py:940][DEBUG][11860] - Looking for jobs to run
[2020-08-16 23:29:21,928][base.py:123][INFO][14280] - Running job "time_task (trigger: interval[0:01:00], next run at: 2020-08-16 23:29:21 CST)" (scheduled at 2020-08-16 23:29:21.924705+08:00)
[2020-08-16 23:29:21,929][base.py:1020][DEBUG][11860] - Next wakeup is due at 2020-08-16 23:30:21.924705+08:00 (in 59.996021 seconds)
[2020-08-16 23:29:21,929][base.py:144][INFO][14280] - Job "time_task (trigger: interval[0:01:00], next run at: 2020-08-16 23:30:21 CST)" executed successfully
[2020-08-16 23:30:21,926][base.py:940][DEBUG][11860] - Looking for jobs to run
[2020-08-16 23:30:21,926][base.py:123][INFO][7416] - Running job "time_task (trigger: interval[0:01:00], next run at: 2020-08-16 23:30:21 CST)" (scheduled at 2020-08-16 23:30:21.924705+08:00)
[2020-08-16 23:30:21,927][base.py:1020][DEBUG][11860] - Next wakeup is due at 2020-08-16 23:31:21.924705+08:00 (in 59.997975 seconds)
[2020-08-16 23:30:21,927][base.py:144][INFO][7416] - Job "time_task (trigger: interval[0:01:00], next run at: 2020-08-16 23:31:21 CST)" executed successfully
[2020-08-16 23:31:21,926][base.py:940][DEBUG][11860] - Looking for jobs to run
[2020-08-16 23:31:21,927][base.py:123][INFO][5412] - Running job "time_task (trigger: interval[0:01:00], next run at: 2020-08-16 23:31:21 CST)" (scheduled at 2020-08-16 23:31:21.924705+08:00)
[2020-08-16 23:31:21,928][base.py:1020][DEBUG][11860] - Next wakeup is due at 2020-08-16 23:32:21.924705+08:00 (in 59.998414 seconds)
[2020-08-16 23:31:21,928][base.py:144][INFO][5412] - Job "time_task (trigger: interval[0:01:00], next run at: 2020-08-16 23:32:21 CST)" executed successfully
[2020-08-16 23:32:21,929][base.py:940][DEBUG][11860] - Looking for jobs to run
[2020-08-16 23:32:21,930][base.py:123][INFO][14280] - Running job "time_task (trigger: interval[0:01:00], next run at: 2020-08-16 23:32:21 CST)" (scheduled at 2020-08-16 23:32:21.924705+08:00)
[2020-08-16 23:32:21,931][base.py:144][INFO][14280] - Job "time_task (trigger: interval[0:01:00], next run at: 2020-08-16 23:32:21 CST)" executed successfully
[2020-08-16 23:32:21,932][base.py:1020][DEBUG][11860] - Next wakeup is due at 2020-08-16 23:33:21.924705+08:00 (in 59.995424 seconds)
[2020-08-16 23:33:21,928][base.py:940][DEBUG][11860] - Looking for jobs to run
[2020-08-16 23:33:21,929][base.py:123][INFO][9120] - Running job "time_task (trigger: interval[0:01:00], next run at: 2020-08-16 23:33:21 CST)" (scheduled at 2020-08-16 23:33:21.924705+08:00)
[2020-08-16 23:33:21,930][base.py:144][INFO][9120] - Job "time_task (trigger: interval[0:01:00], next run at: 2020-08-16 23:33:21 CST)" executed successfully
[2020-08-16 23:33:21,931][base.py:1020][DEBUG][11860] - Next wakeup is due at 2020-08-16 23:34:21.924705+08:00 (in 59.996130 seconds)
[2020-08-16 23:34:21,929][base.py:940][DEBUG][11860] - Looking for jobs to run
[2020-08-16 23:34:21,930][base.py:123][INFO][11996] - Running job "time_task (trigger: interval[0:01:00], next run at: 2020-08-16 23:34:21 CST)" (scheduled at 2020-08-16 23:34:21.924705+08:00)
[2020-08-16 23:34:21,930][base.py:144][INFO][11996] - Job "time_task (trigger: interval[0:01:00], next run at: 2020-08-16 23:34:21 CST)" executed successfully
[2020-08-16 23:34:21,931][base.py:1020][DEBUG][11860] - Next wakeup is due at 2020-08-16 23:35:21.924705+08:00 (in 59.995549 seconds)
[2020-08-16 23:35:21,928][base.py:940][DEBUG][11860] - Looking for jobs to run
[2020-08-16 23:35:21,929][base.py:1020][DEBUG][11860] - Next wakeup is due at 2020-08-16 23:36:21.924705+08:00 (in 59.996027 seconds)
[2020-08-16 23:35:21,929][base.py:123][INFO][5412] - Running job "time_task (trigger: interval[0:01:00], next run at: 2020-08-16 23:36:21 CST)" (scheduled at 2020-08-16 23:35:21.924705+08:00)
[2020-08-16 23:35:21,930][base.py:144][INFO][5412] - Job "time_task (trigger: interval[0:01:00], next run at: 2020-08-16 23:36:21 CST)" executed successfully
[2020-08-16 23:36:21,926][base.py:940][DEBUG][11860] - Looking for jobs to run
[2020-08-16 23:36:21,927][base.py:1020][DEBUG][11860] - Next wakeup is due at 2020-08-16 23:37:21.924705+08:00 (in 59.998036 seconds)
[2020-08-16 23:36:21,927][base.py:123][INFO][8864] - Running job "time_task (trigger: interval[0:01:00], next run at: 2020-08-16 23:37:21 CST)" (scheduled at 2020-08-16 23:36:21.924705+08:00)
[2020-08-16 23:36:21,928][base.py:144][INFO][8864] - Job "time_task (trigger: interval[0:01:00], next run at: 2020-08-16 23:37:21 CST)" executed successfully
[2020-08-16 23:37:21,926][base.py:940][DEBUG][11860] - Looking for jobs to run
[2020-08-16 23:37:21,927][base.py:1020][DEBUG][11860] - Next wakeup is due at 2020-08-16 23:38:21.924705+08:00 (in 59.997942 seconds)
[2020-08-16 23:37:21,927][base.py:123][INFO][9120] - Running job "time_task (trigger: interval[0:01:00], next run at: 2020-08-16 23:38:21 CST)" (scheduled at 2020-08-16 23:37:21.924705+08:00)
[2020-08-16 23:37:21,928][base.py:144][INFO][9120] - Job "time_task (trigger: interval[0:01:00], next run at: 2020-08-16 23:38:21 CST)" executed successfully
[2020-08-16 23:38:21,926][base.py:940][DEBUG][11860] - Looking for jobs to run
[2020-08-16 23:38:21,927][base.py:1020][DEBUG][11860] - Next wakeup is due at 2020-08-16 23:39:21.924705+08:00 (in 59.998627 seconds)
[2020-08-16 23:38:21,927][base.py:123][INFO][4116] - Running job "time_task (trigger: interval[0:01:00], next run at: 2020-08-16 23:39:21 CST)" (scheduled at 2020-08-16 23:38:21.924705+08:00)
[2020-08-16 23:38:21,928][base.py:144][INFO][4116] - Job "time_task (trigger: interval[0:01:00], next run at: 2020-08-16 23:39:21 CST)" executed successfully
[2020-08-16 23:39:21,926][base.py:940][DEBUG][11860] - Looking for jobs to run
[2020-08-16 23:39:21,927][base.py:1020][DEBUG][11860] - Next wakeup is due at 2020-08-16 23:40:21.924705+08:00 (in 59.997838 seconds)
[2020-08-16 23:39:21,927][base.py:123][INFO][1872] - Running job "time_task (trigger: interval[0:01:00], next run at: 2020-08-16 23:40:21 CST)" (scheduled at 2020-08-16 23:39:21.924705+08:00)
[2020-08-16 23:39:21,928][base.py:144][INFO][1872] - Job "time_task (trigger: interval[0:01:00], next run at: 2020-08-16 23:40:21 CST)" executed successfully
[2020-08-16 23:40:21,925][base.py:940][DEBUG][11860] - Looking for jobs to run
[2020-08-16 23:40:21,926][base.py:1020][DEBUG][11860] - Next wakeup is due at 2020-08-16 23:41:21.924705+08:00 (in 59.998745 seconds)
[2020-08-16 23:40:21,926][base.py:123][INFO][5412] - Running job "time_task (trigger: interval[0:01:00], next run at: 2020-08-16 23:41:21 CST)" (scheduled at 2020-08-16 23:40:21.924705+08:00)
[2020-08-16 23:40:21,927][base.py:144][INFO][5412] - Job "time_task (trigger: interval[0:01:00], next run at: 2020-08-16 23:41:21 CST)" executed successfully
