[2020-08-05 00:00:13,227][base.py:440][INFO][8292] - Adding job tentatively -- it will be properly scheduled when the scheduler starts
[2020-08-05 00:00:13,228][base.py:881][INFO][8292] - Added job "time_task" to job store "default"
[2020-08-05 00:00:13,228][base.py:166][INFO][8292] - Scheduler started
[2020-08-05 00:00:13,228][base.py:940][DEBUG][5956] - Looking for jobs to run
[2020-08-05 00:00:13,229][base.py:1020][DEBUG][5956] - Next wakeup is due at 2020-08-05 00:01:13.227055+08:00 (in 59.998004 seconds)
[2020-08-05 00:00:13,246][_internal.py:113][INFO][8292] -  * Running on http://0.0.0.0:5000/ (Press CTRL+C to quit)
[2020-08-05 00:01:13,228][base.py:940][DEBUG][5956] - Looking for jobs to run
[2020-08-05 00:01:13,230][base.py:123][INFO][14640] - Running job "time_task (trigger: interval[0:01:00], next run at: 2020-08-05 00:01:13 CST)" (scheduled at 2020-08-05 00:01:13.227055+08:00)
[2020-08-05 00:01:13,231][base.py:1020][DEBUG][5956] - Next wakeup is due at 2020-08-05 00:02:13.227055+08:00 (in 59.998654 seconds)
[2020-08-05 00:01:13,237][base.py:144][INFO][14640] - Job "time_task (trigger: interval[0:01:00], next run at: 2020-08-05 00:02:13 CST)" executed successfully
[2020-08-05 00:02:13,237][base.py:940][DEBUG][5956] - Looking for jobs to run
[2020-08-05 00:02:13,238][base.py:123][INFO][14640] - Running job "time_task (trigger: interval[0:01:00], next run at: 2020-08-05 00:02:13 CST)" (scheduled at 2020-08-05 00:02:13.227055+08:00)
[2020-08-05 00:02:13,239][base.py:144][INFO][14640] - Job "time_task (trigger: interval[0:01:00], next run at: 2020-08-05 00:02:13 CST)" executed successfully
[2020-08-05 00:02:13,240][base.py:1020][DEBUG][5956] - Next wakeup is due at 2020-08-05 00:03:13.227055+08:00 (in 59.989899 seconds)
[2020-08-05 00:03:26,729][base.py:440][INFO][7008] - Adding job tentatively -- it will be properly scheduled when the scheduler starts
[2020-08-05 00:03:26,730][base.py:881][INFO][7008] - Added job "time_task" to job store "default"
[2020-08-05 00:03:26,730][base.py:166][INFO][7008] - Scheduler started
[2020-08-05 00:03:26,730][base.py:940][DEBUG][872] - Looking for jobs to run
[2020-08-05 00:03:26,730][base.py:1020][DEBUG][872] - Next wakeup is due at 2020-08-05 00:04:26.729207+08:00 (in 59.998733 seconds)
[2020-08-05 00:03:26,748][_internal.py:113][INFO][7008] -  * Running on http://0.0.0.0:5000/ (Press CTRL+C to quit)
[2020-08-05 21:58:12,118][base.py:440][INFO][8868] - Adding job tentatively -- it will be properly scheduled when the scheduler starts
[2020-08-05 21:58:12,125][base.py:881][INFO][8868] - Added job "time_task" to job store "default"
[2020-08-05 21:58:12,125][base.py:166][INFO][8868] - Scheduler started
[2020-08-05 21:58:12,125][base.py:940][DEBUG][14504] - Looking for jobs to run
[2020-08-05 21:58:12,126][base.py:1020][DEBUG][14504] - Next wakeup is due at 2020-08-05 21:59:12.118670+08:00 (in 59.992004 seconds)
[2020-08-05 21:58:12,144][_internal.py:113][INFO][8868] -  * Running on http://0.0.0.0:5000/ (Press CTRL+C to quit)
[2020-08-05 21:59:12,120][base.py:940][DEBUG][14504] - Looking for jobs to run
[2020-08-05 21:59:12,121][base.py:123][INFO][14096] - Running job "time_task (trigger: interval[0:01:00], next run at: 2020-08-05 21:59:12 CST)" (scheduled at 2020-08-05 21:59:12.118670+08:00)
[2020-08-05 21:59:12,122][base.py:1020][DEBUG][14504] - Next wakeup is due at 2020-08-05 22:00:12.118670+08:00 (in 59.998425 seconds)
[2020-08-05 21:59:12,123][base.py:144][INFO][14096] - Job "time_task (trigger: interval[0:01:00], next run at: 2020-08-05 22:00:12 CST)" executed successfully
[2020-08-05 22:00:12,124][base.py:940][DEBUG][14504] - Looking for jobs to run
[2020-08-05 22:00:12,124][base.py:123][INFO][14096] - Running job "time_task (trigger: interval[0:01:00], next run at: 2020-08-05 22:00:12 CST)" (scheduled at 2020-08-05 22:00:12.118670+08:00)
[2020-08-05 22:00:12,125][base.py:144][INFO][14096] - Job "time_task (trigger: interval[0:01:00], next run at: 2020-08-05 22:00:12 CST)" executed successfully
[2020-08-05 22:00:12,126][base.py:1020][DEBUG][14504] - Next wakeup is due at 2020-08-05 22:01:12.118670+08:00 (in 59.994647 seconds)
[2020-08-05 22:00:37,225][_internal.py:113][INFO][13064] - 127.0.0.1 - - [05/Aug/2020 22:00:37] "[37mGET / HTTP/1.1[0m" 200 -
[2020-08-05 22:00:37,368][_internal.py:113][INFO][13088] - 127.0.0.1 - - [05/Aug/2020 22:00:37] "[33mGET /favicon.ico HTTP/1.1[0m" 404 -
[2020-08-05 22:01:12,121][base.py:940][DEBUG][14504] - Looking for jobs to run
[2020-08-05 22:01:12,122][base.py:123][INFO][5748] - Running job "time_task (trigger: interval[0:01:00], next run at: 2020-08-05 22:01:12 CST)" (scheduled at 2020-08-05 22:01:12.118670+08:00)
[2020-08-05 22:01:12,123][base.py:1020][DEBUG][14504] - Next wakeup is due at 2020-08-05 22:02:12.118670+08:00 (in 59.997535 seconds)
[2020-08-05 22:01:12,124][base.py:144][INFO][5748] - Job "time_task (trigger: interval[0:01:00], next run at: 2020-08-05 22:02:12 CST)" executed successfully
[2020-08-05 22:01:16,208][_internal.py:113][INFO][7496] - 127.0.0.1 - - [05/Aug/2020 22:01:16] "[33mGET /user?get HTTP/1.1[0m" 404 -
[2020-08-05 22:01:21,265][_internal.py:113][INFO][13476] - 127.0.0.1 - - [05/Aug/2020 22:01:21] "[33mGET /user?get=name HTTP/1.1[0m" 404 -
[2020-08-05 22:01:36,730][_internal.py:113][INFO][4804] - 127.0.0.1 - - [05/Aug/2020 22:01:36] "[37mGET /users?get=name HTTP/1.1[0m" 200 -
[2020-08-05 22:02:12,122][base.py:940][DEBUG][14504] - Looking for jobs to run
[2020-08-05 22:02:12,123][base.py:123][INFO][2952] - Running job "time_task (trigger: interval[0:01:00], next run at: 2020-08-05 22:02:12 CST)" (scheduled at 2020-08-05 22:02:12.118670+08:00)
[2020-08-05 22:02:12,124][base.py:1020][DEBUG][14504] - Next wakeup is due at 2020-08-05 22:03:12.118670+08:00 (in 59.995766 seconds)
[2020-08-05 22:02:12,124][base.py:144][INFO][2952] - Job "time_task (trigger: interval[0:01:00], next run at: 2020-08-05 22:03:12 CST)" executed successfully
[2020-08-05 22:02:35,361][_internal.py:113][INFO][10688] - 127.0.0.1 - - [05/Aug/2020 22:02:35] "[33mGET /users/get/name HTTP/1.1[0m" 404 -
[2020-08-05 22:02:39,613][_internal.py:113][INFO][10772] - 127.0.0.1 - - [05/Aug/2020 22:02:39] "[37mGET /users/get HTTP/1.1[0m" 200 -
[2020-08-05 22:02:48,144][_internal.py:113][INFO][556] - 127.0.0.1 - - [05/Aug/2020 22:02:48] "[37mGET /users/get?name=123 HTTP/1.1[0m" 200 -
[2020-08-05 22:03:12,122][base.py:940][DEBUG][14504] - Looking for jobs to run
[2020-08-05 22:03:12,123][base.py:123][INFO][5748] - Running job "time_task (trigger: interval[0:01:00], next run at: 2020-08-05 22:03:12 CST)" (scheduled at 2020-08-05 22:03:12.118670+08:00)
[2020-08-05 22:03:12,124][base.py:144][INFO][5748] - Job "time_task (trigger: interval[0:01:00], next run at: 2020-08-05 22:03:12 CST)" executed successfully
[2020-08-05 22:03:12,125][base.py:1020][DEBUG][14504] - Next wakeup is due at 2020-08-05 22:04:12.118670+08:00 (in 59.996581 seconds)
[2020-08-05 22:04:12,122][base.py:940][DEBUG][14504] - Looking for jobs to run
[2020-08-05 22:04:12,122][base.py:123][INFO][11788] - Running job "time_task (trigger: interval[0:01:00], next run at: 2020-08-05 22:04:12 CST)" (scheduled at 2020-08-05 22:04:12.118670+08:00)
[2020-08-05 22:04:12,123][base.py:144][INFO][11788] - Job "time_task (trigger: interval[0:01:00], next run at: 2020-08-05 22:04:12 CST)" executed successfully
[2020-08-05 22:04:12,123][base.py:1020][DEBUG][14504] - Next wakeup is due at 2020-08-05 22:05:12.118670+08:00 (in 59.995914 seconds)
[2020-08-05 22:05:12,120][base.py:940][DEBUG][14504] - Looking for jobs to run
[2020-08-05 22:05:12,121][base.py:123][INFO][14096] - Running job "time_task (trigger: interval[0:01:00], next run at: 2020-08-05 22:05:12 CST)" (scheduled at 2020-08-05 22:05:12.118670+08:00)
[2020-08-05 22:05:12,122][base.py:144][INFO][14096] - Job "time_task (trigger: interval[0:01:00], next run at: 2020-08-05 22:05:12 CST)" executed successfully
[2020-08-05 22:05:12,123][base.py:1020][DEBUG][14504] - Next wakeup is due at 2020-08-05 22:06:12.118670+08:00 (in 59.998566 seconds)
[2020-08-05 22:06:12,122][base.py:940][DEBUG][14504] - Looking for jobs to run
[2020-08-05 22:06:12,122][base.py:123][INFO][5748] - Running job "time_task (trigger: interval[0:01:00], next run at: 2020-08-05 22:06:12 CST)" (scheduled at 2020-08-05 22:06:12.118670+08:00)
[2020-08-05 22:06:12,123][base.py:1020][DEBUG][14504] - Next wakeup is due at 2020-08-05 22:07:12.118670+08:00 (in 59.996018 seconds)
[2020-08-05 22:06:12,123][base.py:144][INFO][5748] - Job "time_task (trigger: interval[0:01:00], next run at: 2020-08-05 22:07:12 CST)" executed successfully
[2020-08-05 22:07:12,121][base.py:940][DEBUG][14504] - Looking for jobs to run
[2020-08-05 22:07:12,122][base.py:123][INFO][2952] - Running job "time_task (trigger: interval[0:01:00], next run at: 2020-08-05 22:07:12 CST)" (scheduled at 2020-08-05 22:07:12.118670+08:00)
[2020-08-05 22:07:12,122][base.py:1020][DEBUG][14504] - Next wakeup is due at 2020-08-05 22:08:12.118670+08:00 (in 59.997294 seconds)
[2020-08-05 22:07:12,123][base.py:144][INFO][2952] - Job "time_task (trigger: interval[0:01:00], next run at: 2020-08-05 22:08:12 CST)" executed successfully
[2020-08-05 22:08:12,121][base.py:940][DEBUG][14504] - Looking for jobs to run
[2020-08-05 22:08:12,122][base.py:123][INFO][14096] - Running job "time_task (trigger: interval[0:01:00], next run at: 2020-08-05 22:08:12 CST)" (scheduled at 2020-08-05 22:08:12.118670+08:00)
[2020-08-05 22:08:12,123][base.py:1020][DEBUG][14504] - Next wakeup is due at 2020-08-05 22:09:12.118670+08:00 (in 59.997132 seconds)
[2020-08-05 22:08:12,123][base.py:144][INFO][14096] - Job "time_task (trigger: interval[0:01:00], next run at: 2020-08-05 22:09:12 CST)" executed successfully
[2020-08-05 22:09:08,706][base.py:440][INFO][11104] - Adding job tentatively -- it will be properly scheduled when the scheduler starts
[2020-08-05 22:09:08,707][base.py:881][INFO][11104] - Added job "time_task" to job store "default"
[2020-08-05 22:09:08,708][base.py:166][INFO][11104] - Scheduler started
[2020-08-05 22:09:08,708][base.py:940][DEBUG][13280] - Looking for jobs to run
[2020-08-05 22:09:08,708][base.py:1020][DEBUG][13280] - Next wakeup is due at 2020-08-05 22:10:08.706660+08:00 (in 59.998001 seconds)
[2020-08-05 22:09:08,726][_internal.py:113][INFO][11104] -  * Running on http://0.0.0.0:5000/ (Press CTRL+C to quit)
[2020-08-05 22:09:20,883][_internal.py:113][INFO][8640] - 127.0.0.1 - - [05/Aug/2020 22:09:20] "[37mGET /users/get?name=123 HTTP/1.1[0m" 200 -
[2020-08-05 22:09:47,077][_internal.py:113][INFO][14516] - 127.0.0.1 - - [05/Aug/2020 22:09:47] "[37mGET /users/insert?name=123 HTTP/1.1[0m" 200 -
[2020-08-05 22:10:08,709][base.py:940][DEBUG][13280] - Looking for jobs to run
[2020-08-05 22:10:08,710][base.py:123][INFO][11364] - Running job "time_task (trigger: interval[0:01:00], next run at: 2020-08-05 22:10:08 CST)" (scheduled at 2020-08-05 22:10:08.706660+08:00)
[2020-08-05 22:10:08,711][base.py:1020][DEBUG][13280] - Next wakeup is due at 2020-08-05 22:11:08.706660+08:00 (in 59.997378 seconds)
[2020-08-05 22:10:08,712][base.py:144][INFO][11364] - Job "time_task (trigger: interval[0:01:00], next run at: 2020-08-05 22:11:08 CST)" executed successfully
[2020-08-05 22:11:08,723][base.py:940][DEBUG][13280] - Looking for jobs to run
[2020-08-05 22:11:08,724][base.py:123][INFO][11364] - Running job "time_task (trigger: interval[0:01:00], next run at: 2020-08-05 22:11:08 CST)" (scheduled at 2020-08-05 22:11:08.706660+08:00)
[2020-08-05 22:11:08,725][base.py:1020][DEBUG][13280] - Next wakeup is due at 2020-08-05 22:12:08.706660+08:00 (in 59.982953 seconds)
[2020-08-05 22:11:08,726][base.py:144][INFO][11364] - Job "time_task (trigger: interval[0:01:00], next run at: 2020-08-05 22:12:08 CST)" executed successfully
[2020-08-05 22:11:10,939][_internal.py:113][INFO][4044] - 127.0.0.1 - - [05/Aug/2020 22:11:10] "[37mGET /users/insert?123 HTTP/1.1[0m" 200 -
[2020-08-05 22:11:26,788][_internal.py:113][INFO][12580] - 127.0.0.1 - - [05/Aug/2020 22:11:26] "[37mGET /users/as HTTP/1.1[0m" 200 -
[2020-08-05 22:11:38,386][_internal.py:113][INFO][10168] - 127.0.0.1 - - [05/Aug/2020 22:11:38] "[33mGET /users？insert HTTP/1.1[0m" 404 -
[2020-08-05 22:11:41,588][_internal.py:113][INFO][11288] - 127.0.0.1 - - [05/Aug/2020 22:11:41] "[37mGET /users?insert HTTP/1.1[0m" 200 -
[2020-08-05 22:12:08,710][base.py:940][DEBUG][13280] - Looking for jobs to run
[2020-08-05 22:12:08,711][base.py:123][INFO][12912] - Running job "time_task (trigger: interval[0:01:00], next run at: 2020-08-05 22:12:08 CST)" (scheduled at 2020-08-05 22:12:08.706660+08:00)
[2020-08-05 22:12:08,712][base.py:1020][DEBUG][13280] - Next wakeup is due at 2020-08-05 22:13:08.706660+08:00 (in 59.996581 seconds)
[2020-08-05 22:12:08,713][base.py:144][INFO][12912] - Job "time_task (trigger: interval[0:01:00], next run at: 2020-08-05 22:13:08 CST)" executed successfully
[2020-08-05 22:13:08,709][base.py:940][DEBUG][13280] - Looking for jobs to run
[2020-08-05 22:13:08,709][base.py:123][INFO][12416] - Running job "time_task (trigger: interval[0:01:00], next run at: 2020-08-05 22:13:08 CST)" (scheduled at 2020-08-05 22:13:08.706660+08:00)
[2020-08-05 22:13:08,709][base.py:144][INFO][12416] - Job "time_task (trigger: interval[0:01:00], next run at: 2020-08-05 22:13:08 CST)" executed successfully
[2020-08-05 22:13:08,710][base.py:1020][DEBUG][13280] - Next wakeup is due at 2020-08-05 22:14:08.706660+08:00 (in 59.997057 seconds)
[2020-08-05 22:14:08,709][base.py:940][DEBUG][13280] - Looking for jobs to run
[2020-08-05 22:14:08,709][base.py:123][INFO][12912] - Running job "time_task (trigger: interval[0:01:00], next run at: 2020-08-05 22:14:08 CST)" (scheduled at 2020-08-05 22:14:08.706660+08:00)
[2020-08-05 22:14:08,710][base.py:144][INFO][12912] - Job "time_task (trigger: interval[0:01:00], next run at: 2020-08-05 22:14:08 CST)" executed successfully
[2020-08-05 22:14:08,711][base.py:1020][DEBUG][13280] - Next wakeup is due at 2020-08-05 22:15:08.706660+08:00 (in 59.997103 seconds)
[2020-08-05 22:15:08,710][base.py:940][DEBUG][13280] - Looking for jobs to run
[2020-08-05 22:15:08,711][base.py:123][INFO][11364] - Running job "time_task (trigger: interval[0:01:00], next run at: 2020-08-05 22:15:08 CST)" (scheduled at 2020-08-05 22:15:08.706660+08:00)
[2020-08-05 22:15:08,712][base.py:144][INFO][11364] - Job "time_task (trigger: interval[0:01:00], next run at: 2020-08-05 22:15:08 CST)" executed successfully
[2020-08-05 22:15:08,713][base.py:1020][DEBUG][13280] - Next wakeup is due at 2020-08-05 22:16:08.706660+08:00 (in 59.996573 seconds)
[2020-08-05 22:16:08,723][base.py:940][DEBUG][13280] - Looking for jobs to run
[2020-08-05 22:16:08,724][base.py:123][INFO][12416] - Running job "time_task (trigger: interval[0:01:00], next run at: 2020-08-05 22:16:08 CST)" (scheduled at 2020-08-05 22:16:08.706660+08:00)
[2020-08-05 22:16:08,725][base.py:144][INFO][12416] - Job "time_task (trigger: interval[0:01:00], next run at: 2020-08-05 22:16:08 CST)" executed successfully
[2020-08-05 22:16:08,726][base.py:1020][DEBUG][13280] - Next wakeup is due at 2020-08-05 22:17:08.706660+08:00 (in 59.983549 seconds)
[2020-08-05 22:17:08,710][base.py:940][DEBUG][13280] - Looking for jobs to run
[2020-08-05 22:17:08,710][base.py:123][INFO][12912] - Running job "time_task (trigger: interval[0:01:00], next run at: 2020-08-05 22:17:08 CST)" (scheduled at 2020-08-05 22:17:08.706660+08:00)
[2020-08-05 22:17:08,711][base.py:144][INFO][12912] - Job "time_task (trigger: interval[0:01:00], next run at: 2020-08-05 22:17:08 CST)" executed successfully
[2020-08-05 22:17:08,712][base.py:1020][DEBUG][13280] - Next wakeup is due at 2020-08-05 22:18:08.706660+08:00 (in 59.996571 seconds)
[2020-08-05 22:18:08,709][base.py:940][DEBUG][13280] - Looking for jobs to run
[2020-08-05 22:18:08,709][base.py:123][INFO][10612] - Running job "time_task (trigger: interval[0:01:00], next run at: 2020-08-05 22:18:08 CST)" (scheduled at 2020-08-05 22:18:08.706660+08:00)
[2020-08-05 22:18:08,710][base.py:144][INFO][10612] - Job "time_task (trigger: interval[0:01:00], next run at: 2020-08-05 22:18:08 CST)" executed successfully
[2020-08-05 22:18:08,711][base.py:1020][DEBUG][13280] - Next wakeup is due at 2020-08-05 22:19:08.706660+08:00 (in 59.997066 seconds)
[2020-08-05 22:19:08,710][base.py:940][DEBUG][13280] - Looking for jobs to run
[2020-08-05 22:19:08,710][base.py:123][INFO][13816] - Running job "time_task (trigger: interval[0:01:00], next run at: 2020-08-05 22:19:08 CST)" (scheduled at 2020-08-05 22:19:08.706660+08:00)
[2020-08-05 22:19:08,711][base.py:1020][DEBUG][13280] - Next wakeup is due at 2020-08-05 22:20:08.706660+08:00 (in 59.996454 seconds)
[2020-08-05 22:19:08,711][base.py:144][INFO][13816] - Job "time_task (trigger: interval[0:01:00], next run at: 2020-08-05 22:20:08 CST)" executed successfully
[2020-08-05 22:20:08,708][base.py:940][DEBUG][13280] - Looking for jobs to run
[2020-08-05 22:20:08,708][base.py:1020][DEBUG][13280] - Next wakeup is due at 2020-08-05 22:21:08.706660+08:00 (in 59.998246 seconds)
[2020-08-05 22:20:08,708][base.py:123][INFO][14192] - Running job "time_task (trigger: interval[0:01:00], next run at: 2020-08-05 22:21:08 CST)" (scheduled at 2020-08-05 22:20:08.706660+08:00)
[2020-08-05 22:20:08,708][base.py:144][INFO][14192] - Job "time_task (trigger: interval[0:01:00], next run at: 2020-08-05 22:21:08 CST)" executed successfully
[2020-08-05 22:21:08,707][base.py:940][DEBUG][13280] - Looking for jobs to run
[2020-08-05 22:21:08,707][base.py:1020][DEBUG][13280] - Next wakeup is due at 2020-08-05 22:22:08.706660+08:00 (in 59.999061 seconds)
[2020-08-05 22:21:08,707][base.py:123][INFO][12028] - Running job "time_task (trigger: interval[0:01:00], next run at: 2020-08-05 22:22:08 CST)" (scheduled at 2020-08-05 22:21:08.706660+08:00)
[2020-08-05 22:21:08,707][base.py:144][INFO][12028] - Job "time_task (trigger: interval[0:01:00], next run at: 2020-08-05 22:22:08 CST)" executed successfully
[2020-08-05 22:22:08,708][base.py:940][DEBUG][13280] - Looking for jobs to run
[2020-08-05 22:22:08,709][base.py:1020][DEBUG][13280] - Next wakeup is due at 2020-08-05 22:23:08.706660+08:00 (in 59.998530 seconds)
[2020-08-05 22:22:08,709][base.py:123][INFO][10612] - Running job "time_task (trigger: interval[0:01:00], next run at: 2020-08-05 22:23:08 CST)" (scheduled at 2020-08-05 22:22:08.706660+08:00)
[2020-08-05 22:22:08,710][base.py:144][INFO][10612] - Job "time_task (trigger: interval[0:01:00], next run at: 2020-08-05 22:23:08 CST)" executed successfully
[2020-08-05 22:23:08,709][base.py:940][DEBUG][13280] - Looking for jobs to run
[2020-08-05 22:23:08,710][base.py:1020][DEBUG][13280] - Next wakeup is due at 2020-08-05 22:24:08.706660+08:00 (in 59.997042 seconds)
[2020-08-05 22:23:08,710][base.py:123][INFO][11740] - Running job "time_task (trigger: interval[0:01:00], next run at: 2020-08-05 22:24:08 CST)" (scheduled at 2020-08-05 22:23:08.706660+08:00)
[2020-08-05 22:23:08,711][base.py:144][INFO][11740] - Job "time_task (trigger: interval[0:01:00], next run at: 2020-08-05 22:24:08 CST)" executed successfully
[2020-08-05 22:23:57,504][_internal.py:113][INFO][9288] - 127.0.0.1 - - [05/Aug/2020 22:23:57] "[33mGET /user/test HTTP/1.1[0m" 404 -
[2020-08-05 22:24:02,243][_internal.py:113][INFO][11112] - 127.0.0.1 - - [05/Aug/2020 22:24:02] "[37mGET /users/get HTTP/1.1[0m" 200 -
[2020-08-05 22:24:08,708][base.py:940][DEBUG][13280] - Looking for jobs to run
[2020-08-05 22:24:08,708][base.py:1020][DEBUG][13280] - Next wakeup is due at 2020-08-05 22:25:08.706660+08:00 (in 59.997981 seconds)
[2020-08-05 22:24:08,708][base.py:123][INFO][13840] - Running job "time_task (trigger: interval[0:01:00], next run at: 2020-08-05 22:25:08 CST)" (scheduled at 2020-08-05 22:24:08.706660+08:00)
[2020-08-05 22:24:08,708][base.py:144][INFO][13840] - Job "time_task (trigger: interval[0:01:00], next run at: 2020-08-05 22:25:08 CST)" executed successfully
[2020-08-05 22:25:08,707][base.py:940][DEBUG][13280] - Looking for jobs to run
[2020-08-05 22:25:08,708][base.py:1020][DEBUG][13280] - Next wakeup is due at 2020-08-05 22:26:08.706660+08:00 (in 59.999279 seconds)
[2020-08-05 22:25:08,708][base.py:123][INFO][12912] - Running job "time_task (trigger: interval[0:01:00], next run at: 2020-08-05 22:26:08 CST)" (scheduled at 2020-08-05 22:25:08.706660+08:00)
[2020-08-05 22:25:08,709][base.py:144][INFO][12912] - Job "time_task (trigger: interval[0:01:00], next run at: 2020-08-05 22:26:08 CST)" executed successfully
[2020-08-05 22:25:26,015][_internal.py:113][INFO][7096] - 127.0.0.1 - - [05/Aug/2020 22:25:26] "[37mGET /users HTTP/1.1[0m" 200 -
[2020-08-05 22:26:08,708][base.py:940][DEBUG][13280] - Looking for jobs to run
[2020-08-05 22:26:08,709][base.py:1020][DEBUG][13280] - Next wakeup is due at 2020-08-05 22:27:08.706660+08:00 (in 59.997844 seconds)
[2020-08-05 22:26:08,709][base.py:123][INFO][13140] - Running job "time_task (trigger: interval[0:01:00], next run at: 2020-08-05 22:27:08 CST)" (scheduled at 2020-08-05 22:26:08.706660+08:00)
[2020-08-05 22:26:08,710][base.py:144][INFO][13140] - Job "time_task (trigger: interval[0:01:00], next run at: 2020-08-05 22:27:08 CST)" executed successfully
[2020-08-05 22:27:08,708][base.py:940][DEBUG][13280] - Looking for jobs to run
[2020-08-05 22:27:08,709][base.py:1020][DEBUG][13280] - Next wakeup is due at 2020-08-05 22:28:08.706660+08:00 (in 59.998456 seconds)
[2020-08-05 22:27:08,709][base.py:123][INFO][11364] - Running job "time_task (trigger: interval[0:01:00], next run at: 2020-08-05 22:28:08 CST)" (scheduled at 2020-08-05 22:27:08.706660+08:00)
[2020-08-05 22:27:08,710][base.py:144][INFO][11364] - Job "time_task (trigger: interval[0:01:00], next run at: 2020-08-05 22:28:08 CST)" executed successfully
[2020-08-05 22:28:08,708][base.py:940][DEBUG][13280] - Looking for jobs to run
[2020-08-05 22:28:08,708][base.py:1020][DEBUG][13280] - Next wakeup is due at 2020-08-05 22:29:08.706660+08:00 (in 59.998035 seconds)
[2020-08-05 22:28:08,709][base.py:123][INFO][11740] - Running job "time_task (trigger: interval[0:01:00], next run at: 2020-08-05 22:29:08 CST)" (scheduled at 2020-08-05 22:28:08.706660+08:00)
[2020-08-05 22:28:08,709][base.py:144][INFO][11740] - Job "time_task (trigger: interval[0:01:00], next run at: 2020-08-05 22:29:08 CST)" executed successfully
[2020-08-05 22:29:08,708][base.py:940][DEBUG][13280] - Looking for jobs to run
[2020-08-05 22:29:08,708][base.py:1020][DEBUG][13280] - Next wakeup is due at 2020-08-05 22:30:08.706660+08:00 (in 59.998648 seconds)
[2020-08-05 22:29:08,708][base.py:123][INFO][13816] - Running job "time_task (trigger: interval[0:01:00], next run at: 2020-08-05 22:30:08 CST)" (scheduled at 2020-08-05 22:29:08.706660+08:00)
[2020-08-05 22:29:08,708][base.py:144][INFO][13816] - Job "time_task (trigger: interval[0:01:00], next run at: 2020-08-05 22:30:08 CST)" executed successfully
[2020-08-05 22:30:08,707][base.py:940][DEBUG][13280] - Looking for jobs to run
[2020-08-05 22:30:08,707][base.py:1020][DEBUG][13280] - Next wakeup is due at 2020-08-05 22:31:08.706660+08:00 (in 59.998988 seconds)
[2020-08-05 22:30:08,707][base.py:123][INFO][14192] - Running job "time_task (trigger: interval[0:01:00], next run at: 2020-08-05 22:31:08 CST)" (scheduled at 2020-08-05 22:30:08.706660+08:00)
[2020-08-05 22:30:08,708][base.py:144][INFO][14192] - Job "time_task (trigger: interval[0:01:00], next run at: 2020-08-05 22:31:08 CST)" executed successfully
[2020-08-05 22:38:03,619][base.py:440][INFO][1496] - Adding job tentatively -- it will be properly scheduled when the scheduler starts
[2020-08-05 22:38:03,620][base.py:881][INFO][1496] - Added job "time_task" to job store "default"
[2020-08-05 22:38:03,620][base.py:166][INFO][1496] - Scheduler started
[2020-08-05 22:38:03,620][base.py:940][DEBUG][8596] - Looking for jobs to run
[2020-08-05 22:38:03,620][base.py:1020][DEBUG][8596] - Next wakeup is due at 2020-08-05 22:39:03.619790+08:00 (in 59.999000 seconds)
[2020-08-05 22:38:03,639][_internal.py:113][INFO][1496] -  * Running on http://0.0.0.0:5000/ (Press CTRL+C to quit)
[2020-08-05 22:38:05,517][_internal.py:113][INFO][3336] - 127.0.0.1 - - [05/Aug/2020 22:38:05] "[37mGET /users HTTP/1.1[0m" 200 -
[2020-08-05 22:38:06,088][_internal.py:113][INFO][8944] - 127.0.0.1 - - [05/Aug/2020 22:38:06] "[37mGET /users HTTP/1.1[0m" 200 -
[2020-08-05 22:38:42,304][app.py:1892][ERROR][2952] - Exception on /users [POST]
Traceback (most recent call last):
  File "D:\Poject\python\temp\venv\lib\site-packages\flask\app.py", line 1950, in full_dispatch_request
    rv = self.dispatch_request()
  File "D:\Poject\python\temp\venv\lib\site-packages\flask\app.py", line 1936, in dispatch_request
    return self.view_functions[rule.endpoint](**req.view_args)
  File "D:\Poject\python\temp\venv\lib\site-packages\flask_restful\__init__.py", line 468, in wrapper
    resp = resource(*args, **kwargs)
  File "D:\Poject\python\temp\venv\lib\site-packages\flask\views.py", line 89, in view
    return self.dispatch_request(*args, **kwargs)
  File "D:\Poject\python\temp\venv\lib\site-packages\flask_restful\__init__.py", line 583, in dispatch_request
    resp = meth(*args, **kwargs)
  File "D:\Poject\python\temp\application\controllers\userController.py", line 47, in post
    user_id = mongo.db.users.insert_one(user).inserted_id
  File "D:\Poject\python\temp\venv\lib\site-packages\pymongo\collection.py", line 692, in insert_one
    common.validate_is_document_type("document", document)
  File "D:\Poject\python\temp\venv\lib\site-packages\pymongo\common.py", line 505, in validate_is_document_type
    "collections.MutableMapping" % (option,))
TypeError: document must be an instance of dict, bson.son.SON, bson.raw_bson.RawBSONDocument, or a type that inherits from collections.MutableMapping
[2020-08-05 22:38:42,308][_internal.py:113][INFO][2952] - 127.0.0.1 - - [05/Aug/2020 22:38:42] "[35m[1mPOST /users HTTP/1.1[0m" 500 -
[2020-08-05 22:38:57,092][_internal.py:113][INFO][3664] - 127.0.0.1 - - [05/Aug/2020 22:38:57] "[37mPOST /users HTTP/1.1[0m" 200 -
[2020-08-05 22:39:03,620][base.py:940][DEBUG][8596] - Looking for jobs to run
[2020-08-05 22:39:03,620][base.py:123][INFO][7632] - Running job "time_task (trigger: interval[0:01:00], next run at: 2020-08-05 22:39:03 CST)" (scheduled at 2020-08-05 22:39:03.619790+08:00)
[2020-08-05 22:39:03,620][base.py:1020][DEBUG][8596] - Next wakeup is due at 2020-08-05 22:40:03.619790+08:00 (in 59.999360 seconds)
[2020-08-05 22:39:03,621][base.py:144][INFO][7632] - Job "time_task (trigger: interval[0:01:00], next run at: 2020-08-05 22:40:03 CST)" executed successfully
[2020-08-05 22:39:04,825][_internal.py:113][INFO][3312] - 127.0.0.1 - - [05/Aug/2020 22:39:04] "[37mGET /users HTTP/1.1[0m" 200 -
[2020-08-05 22:40:03,622][base.py:940][DEBUG][8596] - Looking for jobs to run
[2020-08-05 22:40:03,623][base.py:123][INFO][7632] - Running job "time_task (trigger: interval[0:01:00], next run at: 2020-08-05 22:40:03 CST)" (scheduled at 2020-08-05 22:40:03.619790+08:00)
[2020-08-05 22:40:03,623][base.py:1020][DEBUG][8596] - Next wakeup is due at 2020-08-05 22:41:03.619790+08:00 (in 59.997653 seconds)
[2020-08-05 22:40:03,624][base.py:144][INFO][7632] - Job "time_task (trigger: interval[0:01:00], next run at: 2020-08-05 22:41:03 CST)" executed successfully
[2020-08-05 22:49:25,745][base.py:440][INFO][15188] - Adding job tentatively -- it will be properly scheduled when the scheduler starts
[2020-08-05 22:49:25,747][base.py:881][INFO][15188] - Added job "time_task" to job store "default"
[2020-08-05 22:49:25,747][base.py:166][INFO][15188] - Scheduler started
[2020-08-05 22:49:25,747][base.py:940][DEBUG][12752] - Looking for jobs to run
[2020-08-05 22:49:25,748][base.py:1020][DEBUG][12752] - Next wakeup is due at 2020-08-05 22:50:25.745160+08:00 (in 59.997001 seconds)
[2020-08-05 22:49:25,767][_internal.py:113][INFO][15188] -  * Running on http://0.0.0.0:5000/ (Press CTRL+C to quit)
[2020-08-05 22:49:26,545][_internal.py:113][INFO][256] - 127.0.0.1 - - [05/Aug/2020 22:49:26] "[37mGET /users HTTP/1.1[0m" 200 -
[2020-08-05 22:49:27,780][_internal.py:113][INFO][2856] - 127.0.0.1 - - [05/Aug/2020 22:49:27] "[37mGET /users HTTP/1.1[0m" 200 -
[2020-08-05 22:50:25,746][base.py:940][DEBUG][12752] - Looking for jobs to run
[2020-08-05 22:50:25,747][base.py:123][INFO][12616] - Running job "time_task (trigger: interval[0:01:00], next run at: 2020-08-05 22:50:25 CST)" (scheduled at 2020-08-05 22:50:25.745160+08:00)
[2020-08-05 22:50:25,748][base.py:1020][DEBUG][12752] - Next wakeup is due at 2020-08-05 22:51:25.745160+08:00 (in 59.998691 seconds)
[2020-08-05 22:50:25,749][base.py:144][INFO][12616] - Job "time_task (trigger: interval[0:01:00], next run at: 2020-08-05 22:51:25 CST)" executed successfully
[2020-08-05 22:51:25,750][base.py:940][DEBUG][12752] - Looking for jobs to run
[2020-08-05 22:51:25,750][base.py:123][INFO][12616] - Running job "time_task (trigger: interval[0:01:00], next run at: 2020-08-05 22:51:25 CST)" (scheduled at 2020-08-05 22:51:25.745160+08:00)
[2020-08-05 22:51:25,751][base.py:1020][DEBUG][12752] - Next wakeup is due at 2020-08-05 22:52:25.745160+08:00 (in 59.994794 seconds)
[2020-08-05 22:51:25,751][base.py:144][INFO][12616] - Job "time_task (trigger: interval[0:01:00], next run at: 2020-08-05 22:52:25 CST)" executed successfully
[2020-08-05 22:52:25,747][base.py:940][DEBUG][12752] - Looking for jobs to run
[2020-08-05 22:52:25,747][base.py:123][INFO][6972] - Running job "time_task (trigger: interval[0:01:00], next run at: 2020-08-05 22:52:25 CST)" (scheduled at 2020-08-05 22:52:25.745160+08:00)
[2020-08-05 22:52:25,747][base.py:144][INFO][6972] - Job "time_task (trigger: interval[0:01:00], next run at: 2020-08-05 22:52:25 CST)" executed successfully
[2020-08-05 22:52:25,748][base.py:1020][DEBUG][12752] - Next wakeup is due at 2020-08-05 22:53:25.745160+08:00 (in 59.997879 seconds)
[2020-08-05 22:53:25,746][base.py:940][DEBUG][12752] - Looking for jobs to run
[2020-08-05 22:53:25,746][base.py:123][INFO][12616] - Running job "time_task (trigger: interval[0:01:00], next run at: 2020-08-05 22:53:25 CST)" (scheduled at 2020-08-05 22:53:25.745160+08:00)
[2020-08-05 22:53:25,747][base.py:1020][DEBUG][12752] - Next wakeup is due at 2020-08-05 22:54:25.745160+08:00 (in 59.998868 seconds)
[2020-08-05 22:53:25,747][base.py:144][INFO][12616] - Job "time_task (trigger: interval[0:01:00], next run at: 2020-08-05 22:54:25 CST)" executed successfully
[2020-08-05 22:54:25,746][base.py:940][DEBUG][12752] - Looking for jobs to run
[2020-08-05 22:54:25,746][base.py:123][INFO][6972] - Running job "time_task (trigger: interval[0:01:00], next run at: 2020-08-05 22:54:25 CST)" (scheduled at 2020-08-05 22:54:25.745160+08:00)
[2020-08-05 22:54:25,746][base.py:144][INFO][6972] - Job "time_task (trigger: interval[0:01:00], next run at: 2020-08-05 22:54:25 CST)" executed successfully
[2020-08-05 22:54:25,747][base.py:1020][DEBUG][12752] - Next wakeup is due at 2020-08-05 22:55:25.745160+08:00 (in 59.998166 seconds)
[2020-08-05 22:55:25,747][base.py:940][DEBUG][12752] - Looking for jobs to run
[2020-08-05 22:55:25,747][base.py:123][INFO][6780] - Running job "time_task (trigger: interval[0:01:00], next run at: 2020-08-05 22:55:25 CST)" (scheduled at 2020-08-05 22:55:25.745160+08:00)
[2020-08-05 22:55:25,748][base.py:144][INFO][6780] - Job "time_task (trigger: interval[0:01:00], next run at: 2020-08-05 22:55:25 CST)" executed successfully
[2020-08-05 22:55:25,748][base.py:1020][DEBUG][12752] - Next wakeup is due at 2020-08-05 22:56:25.745160+08:00 (in 59.997393 seconds)
[2020-08-05 22:56:25,748][base.py:940][DEBUG][12752] - Looking for jobs to run
[2020-08-05 22:56:25,748][base.py:123][INFO][11888] - Running job "time_task (trigger: interval[0:01:00], next run at: 2020-08-05 22:56:25 CST)" (scheduled at 2020-08-05 22:56:25.745160+08:00)
[2020-08-05 22:56:25,748][base.py:144][INFO][11888] - Job "time_task (trigger: interval[0:01:00], next run at: 2020-08-05 22:56:25 CST)" executed successfully
[2020-08-05 22:56:25,749][base.py:1020][DEBUG][12752] - Next wakeup is due at 2020-08-05 22:57:25.745160+08:00 (in 59.997018 seconds)
[2020-08-05 22:57:25,747][base.py:940][DEBUG][12752] - Looking for jobs to run
[2020-08-05 22:57:25,747][base.py:123][INFO][7188] - Running job "time_task (trigger: interval[0:01:00], next run at: 2020-08-05 22:57:25 CST)" (scheduled at 2020-08-05 22:57:25.745160+08:00)
[2020-08-05 22:57:25,747][base.py:144][INFO][7188] - Job "time_task (trigger: interval[0:01:00], next run at: 2020-08-05 22:57:25 CST)" executed successfully
[2020-08-05 22:57:25,748][base.py:1020][DEBUG][12752] - Next wakeup is due at 2020-08-05 22:58:25.745160+08:00 (in 59.997601 seconds)
[2020-08-05 22:58:25,746][base.py:940][DEBUG][12752] - Looking for jobs to run
[2020-08-05 22:58:25,746][base.py:123][INFO][12616] - Running job "time_task (trigger: interval[0:01:00], next run at: 2020-08-05 22:58:25 CST)" (scheduled at 2020-08-05 22:58:25.745160+08:00)
[2020-08-05 22:58:25,746][base.py:144][INFO][12616] - Job "time_task (trigger: interval[0:01:00], next run at: 2020-08-05 22:58:25 CST)" executed successfully
[2020-08-05 22:58:25,747][base.py:1020][DEBUG][12752] - Next wakeup is due at 2020-08-05 22:59:25.745160+08:00 (in 59.998452 seconds)
[2020-08-05 22:59:25,747][base.py:940][DEBUG][12752] - Looking for jobs to run
[2020-08-05 22:59:25,748][base.py:123][INFO][11888] - Running job "time_task (trigger: interval[0:01:00], next run at: 2020-08-05 22:59:25 CST)" (scheduled at 2020-08-05 22:59:25.745160+08:00)
[2020-08-05 22:59:25,749][base.py:1020][DEBUG][12752] - Next wakeup is due at 2020-08-05 23:00:25.745160+08:00 (in 59.998092 seconds)
[2020-08-05 22:59:25,750][base.py:144][INFO][11888] - Job "time_task (trigger: interval[0:01:00], next run at: 2020-08-05 23:00:25 CST)" executed successfully
[2020-08-05 23:00:25,749][base.py:940][DEBUG][12752] - Looking for jobs to run
[2020-08-05 23:00:25,749][base.py:1020][DEBUG][12752] - Next wakeup is due at 2020-08-05 23:01:25.745160+08:00 (in 59.995599 seconds)
[2020-08-05 23:00:25,749][base.py:123][INFO][14360] - Running job "time_task (trigger: interval[0:01:00], next run at: 2020-08-05 23:01:25 CST)" (scheduled at 2020-08-05 23:00:25.745160+08:00)
[2020-08-05 23:00:25,749][base.py:144][INFO][14360] - Job "time_task (trigger: interval[0:01:00], next run at: 2020-08-05 23:01:25 CST)" executed successfully
[2020-08-05 23:01:25,745][base.py:940][DEBUG][12752] - Looking for jobs to run
[2020-08-05 23:01:25,746][base.py:1020][DEBUG][12752] - Next wakeup is due at 2020-08-05 23:02:25.745160+08:00 (in 59.999193 seconds)
[2020-08-05 23:01:25,746][base.py:123][INFO][14948] - Running job "time_task (trigger: interval[0:01:00], next run at: 2020-08-05 23:02:25 CST)" (scheduled at 2020-08-05 23:01:25.745160+08:00)
[2020-08-05 23:01:25,747][base.py:144][INFO][14948] - Job "time_task (trigger: interval[0:01:00], next run at: 2020-08-05 23:02:25 CST)" executed successfully
[2020-08-05 23:02:25,747][base.py:940][DEBUG][12752] - Looking for jobs to run
[2020-08-05 23:02:25,748][base.py:1020][DEBUG][12752] - Next wakeup is due at 2020-08-05 23:03:25.745160+08:00 (in 59.997721 seconds)
[2020-08-05 23:02:25,748][base.py:123][INFO][6780] - Running job "time_task (trigger: interval[0:01:00], next run at: 2020-08-05 23:03:25 CST)" (scheduled at 2020-08-05 23:02:25.745160+08:00)
[2020-08-05 23:02:25,749][base.py:144][INFO][6780] - Job "time_task (trigger: interval[0:01:00], next run at: 2020-08-05 23:03:25 CST)" executed successfully
[2020-08-05 23:03:25,747][base.py:940][DEBUG][12752] - Looking for jobs to run
[2020-08-05 23:03:25,747][base.py:1020][DEBUG][12752] - Next wakeup is due at 2020-08-05 23:04:25.745160+08:00 (in 59.997758 seconds)
[2020-08-05 23:03:25,747][base.py:123][INFO][8356] - Running job "time_task (trigger: interval[0:01:00], next run at: 2020-08-05 23:04:25 CST)" (scheduled at 2020-08-05 23:03:25.745160+08:00)
[2020-08-05 23:03:25,748][base.py:144][INFO][8356] - Job "time_task (trigger: interval[0:01:00], next run at: 2020-08-05 23:04:25 CST)" executed successfully
[2020-08-05 23:04:25,746][base.py:940][DEBUG][12752] - Looking for jobs to run
[2020-08-05 23:04:25,746][base.py:1020][DEBUG][12752] - Next wakeup is due at 2020-08-05 23:05:25.745160+08:00 (in 59.999085 seconds)
[2020-08-05 23:04:25,746][base.py:123][INFO][12912] - Running job "time_task (trigger: interval[0:01:00], next run at: 2020-08-05 23:05:25 CST)" (scheduled at 2020-08-05 23:04:25.745160+08:00)
[2020-08-05 23:04:25,746][base.py:144][INFO][12912] - Job "time_task (trigger: interval[0:01:00], next run at: 2020-08-05 23:05:25 CST)" executed successfully
[2020-08-05 23:05:25,746][base.py:940][DEBUG][12752] - Looking for jobs to run
[2020-08-05 23:05:25,747][base.py:1020][DEBUG][12752] - Next wakeup is due at 2020-08-05 23:06:25.745160+08:00 (in 59.998484 seconds)
[2020-08-05 23:05:25,747][base.py:123][INFO][6196] - Running job "time_task (trigger: interval[0:01:00], next run at: 2020-08-05 23:06:25 CST)" (scheduled at 2020-08-05 23:05:25.745160+08:00)
[2020-08-05 23:05:25,748][base.py:144][INFO][6196] - Job "time_task (trigger: interval[0:01:00], next run at: 2020-08-05 23:06:25 CST)" executed successfully
[2020-08-05 23:06:25,747][base.py:940][DEBUG][12752] - Looking for jobs to run
[2020-08-05 23:06:25,747][base.py:1020][DEBUG][12752] - Next wakeup is due at 2020-08-05 23:07:25.745160+08:00 (in 59.997739 seconds)
[2020-08-05 23:06:25,747][base.py:123][INFO][7188] - Running job "time_task (trigger: interval[0:01:00], next run at: 2020-08-05 23:07:25 CST)" (scheduled at 2020-08-05 23:06:25.745160+08:00)
[2020-08-05 23:06:25,747][base.py:144][INFO][7188] - Job "time_task (trigger: interval[0:01:00], next run at: 2020-08-05 23:07:25 CST)" executed successfully
[2020-08-05 23:07:25,745][base.py:940][DEBUG][12752] - Looking for jobs to run
[2020-08-05 23:07:25,745][base.py:1020][DEBUG][12752] - Next wakeup is due at 2020-08-05 23:08:25.745160+08:00 (in 59.999190 seconds)
[2020-08-05 23:07:25,745][base.py:123][INFO][12616] - Running job "time_task (trigger: interval[0:01:00], next run at: 2020-08-05 23:08:25 CST)" (scheduled at 2020-08-05 23:07:25.745160+08:00)
[2020-08-05 23:07:25,746][base.py:144][INFO][12616] - Job "time_task (trigger: interval[0:01:00], next run at: 2020-08-05 23:08:25 CST)" executed successfully
[2020-08-05 23:08:25,746][base.py:940][DEBUG][12752] - Looking for jobs to run
[2020-08-05 23:08:25,746][base.py:1020][DEBUG][12752] - Next wakeup is due at 2020-08-05 23:09:25.745160+08:00 (in 59.999149 seconds)
[2020-08-05 23:08:25,746][base.py:123][INFO][6972] - Running job "time_task (trigger: interval[0:01:00], next run at: 2020-08-05 23:09:25 CST)" (scheduled at 2020-08-05 23:08:25.745160+08:00)
[2020-08-05 23:08:25,746][base.py:144][INFO][6972] - Job "time_task (trigger: interval[0:01:00], next run at: 2020-08-05 23:09:25 CST)" executed successfully
[2020-08-05 23:09:25,747][base.py:940][DEBUG][12752] - Looking for jobs to run
[2020-08-05 23:09:25,747][base.py:1020][DEBUG][12752] - Next wakeup is due at 2020-08-05 23:10:25.745160+08:00 (in 59.997875 seconds)
[2020-08-05 23:09:25,747][base.py:123][INFO][12912] - Running job "time_task (trigger: interval[0:01:00], next run at: 2020-08-05 23:10:25 CST)" (scheduled at 2020-08-05 23:09:25.745160+08:00)
[2020-08-05 23:09:25,747][base.py:144][INFO][12912] - Job "time_task (trigger: interval[0:01:00], next run at: 2020-08-05 23:10:25 CST)" executed successfully
[2020-08-05 23:10:25,745][base.py:940][DEBUG][12752] - Looking for jobs to run
[2020-08-05 23:10:25,746][base.py:1020][DEBUG][12752] - Next wakeup is due at 2020-08-05 23:11:25.745160+08:00 (in 59.999845 seconds)
[2020-08-05 23:10:25,747][base.py:123][INFO][14360] - Running job "time_task (trigger: interval[0:01:00], next run at: 2020-08-05 23:11:25 CST)" (scheduled at 2020-08-05 23:10:25.745160+08:00)
[2020-08-05 23:10:25,748][base.py:144][INFO][14360] - Job "time_task (trigger: interval[0:01:00], next run at: 2020-08-05 23:11:25 CST)" executed successfully
[2020-08-05 23:11:25,747][base.py:940][DEBUG][12752] - Looking for jobs to run
[2020-08-05 23:11:25,747][base.py:1020][DEBUG][12752] - Next wakeup is due at 2020-08-05 23:12:25.745160+08:00 (in 59.997954 seconds)
[2020-08-05 23:11:25,747][base.py:123][INFO][7188] - Running job "time_task (trigger: interval[0:01:00], next run at: 2020-08-05 23:12:25 CST)" (scheduled at 2020-08-05 23:11:25.745160+08:00)
[2020-08-05 23:11:25,747][base.py:144][INFO][7188] - Job "time_task (trigger: interval[0:01:00], next run at: 2020-08-05 23:12:25 CST)" executed successfully
[2020-08-05 23:12:25,745][base.py:940][DEBUG][12752] - Looking for jobs to run
[2020-08-05 23:12:25,746][base.py:1020][DEBUG][12752] - Next wakeup is due at 2020-08-05 23:13:25.745160+08:00 (in 59.999579 seconds)
[2020-08-05 23:12:25,746][base.py:123][INFO][6780] - Running job "time_task (trigger: interval[0:01:00], next run at: 2020-08-05 23:13:25 CST)" (scheduled at 2020-08-05 23:12:25.745160+08:00)
[2020-08-05 23:12:25,747][base.py:144][INFO][6780] - Job "time_task (trigger: interval[0:01:00], next run at: 2020-08-05 23:13:25 CST)" executed successfully
[2020-08-05 23:13:25,747][base.py:940][DEBUG][12752] - Looking for jobs to run
[2020-08-05 23:13:25,747][base.py:1020][DEBUG][12752] - Next wakeup is due at 2020-08-05 23:14:25.745160+08:00 (in 59.997607 seconds)
[2020-08-05 23:13:25,748][base.py:123][INFO][6972] - Running job "time_task (trigger: interval[0:01:00], next run at: 2020-08-05 23:14:25 CST)" (scheduled at 2020-08-05 23:13:25.745160+08:00)
[2020-08-05 23:13:25,748][base.py:144][INFO][6972] - Job "time_task (trigger: interval[0:01:00], next run at: 2020-08-05 23:14:25 CST)" executed successfully
[2020-08-05 23:14:25,745][base.py:940][DEBUG][12752] - Looking for jobs to run
[2020-08-05 23:14:25,745][base.py:1020][DEBUG][12752] - Next wakeup is due at 2020-08-05 23:15:25.745160+08:00 (in 59.999422 seconds)
[2020-08-05 23:14:25,746][base.py:123][INFO][11888] - Running job "time_task (trigger: interval[0:01:00], next run at: 2020-08-05 23:15:25 CST)" (scheduled at 2020-08-05 23:14:25.745160+08:00)
[2020-08-05 23:14:25,746][base.py:144][INFO][11888] - Job "time_task (trigger: interval[0:01:00], next run at: 2020-08-05 23:15:25 CST)" executed successfully
[2020-08-05 23:15:25,747][base.py:940][DEBUG][12752] - Looking for jobs to run
[2020-08-05 23:15:25,748][base.py:1020][DEBUG][12752] - Next wakeup is due at 2020-08-05 23:16:25.745160+08:00 (in 59.998065 seconds)
[2020-08-05 23:15:25,748][base.py:123][INFO][6196] - Running job "time_task (trigger: interval[0:01:00], next run at: 2020-08-05 23:16:25 CST)" (scheduled at 2020-08-05 23:15:25.745160+08:00)
[2020-08-05 23:15:25,749][base.py:144][INFO][6196] - Job "time_task (trigger: interval[0:01:00], next run at: 2020-08-05 23:16:25 CST)" executed successfully
[2020-08-05 23:16:25,747][base.py:940][DEBUG][12752] - Looking for jobs to run
[2020-08-05 23:16:25,748][base.py:1020][DEBUG][12752] - Next wakeup is due at 2020-08-05 23:17:25.745160+08:00 (in 59.998077 seconds)
[2020-08-05 23:16:25,748][base.py:123][INFO][14948] - Running job "time_task (trigger: interval[0:01:00], next run at: 2020-08-05 23:17:25 CST)" (scheduled at 2020-08-05 23:16:25.745160+08:00)
[2020-08-05 23:16:25,749][base.py:144][INFO][14948] - Job "time_task (trigger: interval[0:01:00], next run at: 2020-08-05 23:17:25 CST)" executed successfully
[2020-08-05 23:17:25,748][base.py:940][DEBUG][12752] - Looking for jobs to run
[2020-08-05 23:17:25,748][base.py:1020][DEBUG][12752] - Next wakeup is due at 2020-08-05 23:18:25.745160+08:00 (in 59.997156 seconds)
[2020-08-05 23:17:25,749][base.py:123][INFO][12616] - Running job "time_task (trigger: interval[0:01:00], next run at: 2020-08-05 23:18:25 CST)" (scheduled at 2020-08-05 23:17:25.745160+08:00)
[2020-08-05 23:17:25,749][base.py:144][INFO][12616] - Job "time_task (trigger: interval[0:01:00], next run at: 2020-08-05 23:18:25 CST)" executed successfully
[2020-08-05 23:18:25,746][base.py:940][DEBUG][12752] - Looking for jobs to run
[2020-08-05 23:18:25,746][base.py:1020][DEBUG][12752] - Next wakeup is due at 2020-08-05 23:19:25.745160+08:00 (in 59.998322 seconds)
[2020-08-05 23:18:25,747][base.py:123][INFO][6972] - Running job "time_task (trigger: interval[0:01:00], next run at: 2020-08-05 23:19:25 CST)" (scheduled at 2020-08-05 23:18:25.745160+08:00)
[2020-08-05 23:18:25,747][base.py:144][INFO][6972] - Job "time_task (trigger: interval[0:01:00], next run at: 2020-08-05 23:19:25 CST)" executed successfully
[2020-08-05 23:19:25,745][base.py:940][DEBUG][12752] - Looking for jobs to run
[2020-08-05 23:19:25,745][base.py:1020][DEBUG][12752] - Next wakeup is due at 2020-08-05 23:20:25.745160+08:00 (in 59.999237 seconds)
[2020-08-05 23:19:25,746][base.py:123][INFO][11888] - Running job "time_task (trigger: interval[0:01:00], next run at: 2020-08-05 23:20:25 CST)" (scheduled at 2020-08-05 23:19:25.745160+08:00)
[2020-08-05 23:19:25,746][base.py:144][INFO][11888] - Job "time_task (trigger: interval[0:01:00], next run at: 2020-08-05 23:20:25 CST)" executed successfully
[2020-08-05 23:20:25,746][base.py:940][DEBUG][12752] - Looking for jobs to run
[2020-08-05 23:20:25,746][base.py:1020][DEBUG][12752] - Next wakeup is due at 2020-08-05 23:21:25.745160+08:00 (in 59.998755 seconds)
[2020-08-05 23:20:25,747][base.py:123][INFO][14360] - Running job "time_task (trigger: interval[0:01:00], next run at: 2020-08-05 23:21:25 CST)" (scheduled at 2020-08-05 23:20:25.745160+08:00)
[2020-08-05 23:20:25,747][base.py:144][INFO][14360] - Job "time_task (trigger: interval[0:01:00], next run at: 2020-08-05 23:21:25 CST)" executed successfully
[2020-08-05 23:21:25,745][base.py:940][DEBUG][12752] - Looking for jobs to run
[2020-08-05 23:21:25,745][base.py:1020][DEBUG][12752] - Next wakeup is due at 2020-08-05 23:22:25.745160+08:00 (in 59.999362 seconds)
[2020-08-05 23:21:25,746][base.py:123][INFO][7188] - Running job "time_task (trigger: interval[0:01:00], next run at: 2020-08-05 23:22:25 CST)" (scheduled at 2020-08-05 23:21:25.745160+08:00)
[2020-08-05 23:21:25,746][base.py:144][INFO][7188] - Job "time_task (trigger: interval[0:01:00], next run at: 2020-08-05 23:22:25 CST)" executed successfully
[2020-08-05 23:22:25,747][base.py:940][DEBUG][12752] - Looking for jobs to run
[2020-08-05 23:22:25,748][base.py:1020][DEBUG][12752] - Next wakeup is due at 2020-08-05 23:23:25.745160+08:00 (in 59.997628 seconds)
[2020-08-05 23:22:25,748][base.py:123][INFO][12616] - Running job "time_task (trigger: interval[0:01:00], next run at: 2020-08-05 23:23:25 CST)" (scheduled at 2020-08-05 23:22:25.745160+08:00)
[2020-08-05 23:22:25,749][base.py:144][INFO][12616] - Job "time_task (trigger: interval[0:01:00], next run at: 2020-08-05 23:23:25 CST)" executed successfully
[2020-08-05 23:23:25,747][base.py:940][DEBUG][12752] - Looking for jobs to run
[2020-08-05 23:23:25,747][base.py:1020][DEBUG][12752] - Next wakeup is due at 2020-08-05 23:24:25.745160+08:00 (in 59.997904 seconds)
[2020-08-05 23:23:25,748][base.py:123][INFO][6972] - Running job "time_task (trigger: interval[0:01:00], next run at: 2020-08-05 23:24:25 CST)" (scheduled at 2020-08-05 23:23:25.745160+08:00)
[2020-08-05 23:23:25,748][base.py:144][INFO][6972] - Job "time_task (trigger: interval[0:01:00], next run at: 2020-08-05 23:24:25 CST)" executed successfully
[2020-08-05 23:24:25,746][base.py:940][DEBUG][12752] - Looking for jobs to run
[2020-08-05 23:24:25,746][base.py:1020][DEBUG][12752] - Next wakeup is due at 2020-08-05 23:25:25.745160+08:00 (in 59.998774 seconds)
[2020-08-05 23:24:25,746][base.py:123][INFO][11888] - Running job "time_task (trigger: interval[0:01:00], next run at: 2020-08-05 23:25:25 CST)" (scheduled at 2020-08-05 23:24:25.745160+08:00)
[2020-08-05 23:24:25,746][base.py:144][INFO][11888] - Job "time_task (trigger: interval[0:01:00], next run at: 2020-08-05 23:25:25 CST)" executed successfully
[2020-08-05 23:25:25,745][base.py:940][DEBUG][12752] - Looking for jobs to run
[2020-08-05 23:25:25,745][base.py:1020][DEBUG][12752] - Next wakeup is due at 2020-08-05 23:26:25.745160+08:00 (in 59.999529 seconds)
[2020-08-05 23:25:25,746][base.py:123][INFO][14360] - Running job "time_task (trigger: interval[0:01:00], next run at: 2020-08-05 23:26:25 CST)" (scheduled at 2020-08-05 23:25:25.745160+08:00)
[2020-08-05 23:25:25,746][base.py:144][INFO][14360] - Job "time_task (trigger: interval[0:01:00], next run at: 2020-08-05 23:26:25 CST)" executed successfully
[2020-08-05 23:26:25,746][base.py:940][DEBUG][12752] - Looking for jobs to run
[2020-08-05 23:26:25,746][base.py:1020][DEBUG][12752] - Next wakeup is due at 2020-08-05 23:27:25.745160+08:00 (in 59.998407 seconds)
[2020-08-05 23:26:25,747][base.py:123][INFO][14948] - Running job "time_task (trigger: interval[0:01:00], next run at: 2020-08-05 23:27:25 CST)" (scheduled at 2020-08-05 23:26:25.745160+08:00)
[2020-08-05 23:26:25,748][base.py:144][INFO][14948] - Job "time_task (trigger: interval[0:01:00], next run at: 2020-08-05 23:27:25 CST)" executed successfully
[2020-08-05 23:27:25,746][base.py:940][DEBUG][12752] - Looking for jobs to run
[2020-08-05 23:27:25,746][base.py:1020][DEBUG][12752] - Next wakeup is due at 2020-08-05 23:28:25.745160+08:00 (in 59.998299 seconds)
[2020-08-05 23:27:25,747][base.py:123][INFO][12616] - Running job "time_task (trigger: interval[0:01:00], next run at: 2020-08-05 23:28:25 CST)" (scheduled at 2020-08-05 23:27:25.745160+08:00)
[2020-08-05 23:27:25,747][base.py:144][INFO][12616] - Job "time_task (trigger: interval[0:01:00], next run at: 2020-08-05 23:28:25 CST)" executed successfully
[2020-08-05 23:28:25,746][base.py:940][DEBUG][12752] - Looking for jobs to run
[2020-08-05 23:28:25,746][base.py:1020][DEBUG][12752] - Next wakeup is due at 2020-08-05 23:29:25.745160+08:00 (in 59.999079 seconds)
[2020-08-05 23:28:25,747][base.py:123][INFO][6972] - Running job "time_task (trigger: interval[0:01:00], next run at: 2020-08-05 23:29:25 CST)" (scheduled at 2020-08-05 23:28:25.745160+08:00)
[2020-08-05 23:28:25,747][base.py:144][INFO][6972] - Job "time_task (trigger: interval[0:01:00], next run at: 2020-08-05 23:29:25 CST)" executed successfully
[2020-08-05 23:29:25,746][base.py:940][DEBUG][12752] - Looking for jobs to run
[2020-08-05 23:29:25,747][base.py:1020][DEBUG][12752] - Next wakeup is due at 2020-08-05 23:30:25.745160+08:00 (in 59.998825 seconds)
[2020-08-05 23:29:25,747][base.py:123][INFO][11888] - Running job "time_task (trigger: interval[0:01:00], next run at: 2020-08-05 23:30:25 CST)" (scheduled at 2020-08-05 23:29:25.745160+08:00)
[2020-08-05 23:29:25,748][base.py:144][INFO][11888] - Job "time_task (trigger: interval[0:01:00], next run at: 2020-08-05 23:30:25 CST)" executed successfully
[2020-08-05 23:30:25,746][base.py:940][DEBUG][12752] - Looking for jobs to run
[2020-08-05 23:30:25,746][base.py:1020][DEBUG][12752] - Next wakeup is due at 2020-08-05 23:31:25.745160+08:00 (in 59.998678 seconds)
[2020-08-05 23:30:25,747][base.py:123][INFO][6196] - Running job "time_task (trigger: interval[0:01:00], next run at: 2020-08-05 23:31:25 CST)" (scheduled at 2020-08-05 23:30:25.745160+08:00)
[2020-08-05 23:30:25,747][base.py:144][INFO][6196] - Job "time_task (trigger: interval[0:01:00], next run at: 2020-08-05 23:31:25 CST)" executed successfully
[2020-08-05 23:31:25,746][base.py:940][DEBUG][12752] - Looking for jobs to run
[2020-08-05 23:31:25,746][base.py:1020][DEBUG][12752] - Next wakeup is due at 2020-08-05 23:32:25.745160+08:00 (in 59.998540 seconds)
[2020-08-05 23:31:25,746][base.py:123][INFO][7188] - Running job "time_task (trigger: interval[0:01:00], next run at: 2020-08-05 23:32:25 CST)" (scheduled at 2020-08-05 23:31:25.745160+08:00)
[2020-08-05 23:31:25,746][base.py:144][INFO][7188] - Job "time_task (trigger: interval[0:01:00], next run at: 2020-08-05 23:32:25 CST)" executed successfully
[2020-08-05 23:32:25,746][base.py:940][DEBUG][12752] - Looking for jobs to run
[2020-08-05 23:32:25,747][base.py:1020][DEBUG][12752] - Next wakeup is due at 2020-08-05 23:33:25.745160+08:00 (in 59.998907 seconds)
[2020-08-05 23:32:25,747][base.py:123][INFO][12616] - Running job "time_task (trigger: interval[0:01:00], next run at: 2020-08-05 23:33:25 CST)" (scheduled at 2020-08-05 23:32:25.745160+08:00)
[2020-08-05 23:32:25,748][base.py:144][INFO][12616] - Job "time_task (trigger: interval[0:01:00], next run at: 2020-08-05 23:33:25 CST)" executed successfully
[2020-08-05 23:33:25,746][base.py:940][DEBUG][12752] - Looking for jobs to run
[2020-08-05 23:33:25,746][base.py:1020][DEBUG][12752] - Next wakeup is due at 2020-08-05 23:34:25.745160+08:00 (in 59.998377 seconds)
[2020-08-05 23:33:25,747][base.py:123][INFO][6972] - Running job "time_task (trigger: interval[0:01:00], next run at: 2020-08-05 23:34:25 CST)" (scheduled at 2020-08-05 23:33:25.745160+08:00)
[2020-08-05 23:33:25,747][base.py:144][INFO][6972] - Job "time_task (trigger: interval[0:01:00], next run at: 2020-08-05 23:34:25 CST)" executed successfully
[2020-08-05 23:34:25,745][base.py:940][DEBUG][12752] - Looking for jobs to run
[2020-08-05 23:34:25,746][base.py:1020][DEBUG][12752] - Next wakeup is due at 2020-08-05 23:35:25.745160+08:00 (in 59.999226 seconds)
[2020-08-05 23:34:25,746][base.py:123][INFO][12912] - Running job "time_task (trigger: interval[0:01:00], next run at: 2020-08-05 23:35:25 CST)" (scheduled at 2020-08-05 23:34:25.745160+08:00)
[2020-08-05 23:34:25,747][base.py:144][INFO][12912] - Job "time_task (trigger: interval[0:01:00], next run at: 2020-08-05 23:35:25 CST)" executed successfully
[2020-08-05 23:35:25,746][base.py:940][DEBUG][12752] - Looking for jobs to run
[2020-08-05 23:35:25,747][base.py:1020][DEBUG][12752] - Next wakeup is due at 2020-08-05 23:36:25.745160+08:00 (in 59.998173 seconds)
[2020-08-05 23:35:25,747][base.py:123][INFO][6196] - Running job "time_task (trigger: interval[0:01:00], next run at: 2020-08-05 23:36:25 CST)" (scheduled at 2020-08-05 23:35:25.745160+08:00)
[2020-08-05 23:35:25,749][base.py:144][INFO][6196] - Job "time_task (trigger: interval[0:01:00], next run at: 2020-08-05 23:36:25 CST)" executed successfully
[2020-08-05 23:36:25,747][base.py:940][DEBUG][12752] - Looking for jobs to run
[2020-08-05 23:36:25,747][base.py:1020][DEBUG][12752] - Next wakeup is due at 2020-08-05 23:37:25.745160+08:00 (in 59.997598 seconds)
[2020-08-05 23:36:25,748][base.py:123][INFO][7188] - Running job "time_task (trigger: interval[0:01:00], next run at: 2020-08-05 23:37:25 CST)" (scheduled at 2020-08-05 23:36:25.745160+08:00)
[2020-08-05 23:36:25,748][base.py:144][INFO][7188] - Job "time_task (trigger: interval[0:01:00], next run at: 2020-08-05 23:37:25 CST)" executed successfully
[2020-08-05 23:37:25,747][base.py:940][DEBUG][12752] - Looking for jobs to run
[2020-08-05 23:37:25,747][base.py:1020][DEBUG][12752] - Next wakeup is due at 2020-08-05 23:38:25.745160+08:00 (in 59.998091 seconds)
[2020-08-05 23:37:25,747][base.py:123][INFO][6780] - Running job "time_task (trigger: interval[0:01:00], next run at: 2020-08-05 23:38:25 CST)" (scheduled at 2020-08-05 23:37:25.745160+08:00)
[2020-08-05 23:37:25,747][base.py:144][INFO][6780] - Job "time_task (trigger: interval[0:01:00], next run at: 2020-08-05 23:38:25 CST)" executed successfully
[2020-08-05 23:38:25,746][base.py:940][DEBUG][12752] - Looking for jobs to run
[2020-08-05 23:38:25,746][base.py:1020][DEBUG][12752] - Next wakeup is due at 2020-08-05 23:39:25.745160+08:00 (in 59.998450 seconds)
[2020-08-05 23:38:25,747][base.py:123][INFO][8356] - Running job "time_task (trigger: interval[0:01:00], next run at: 2020-08-05 23:39:25 CST)" (scheduled at 2020-08-05 23:38:25.745160+08:00)
[2020-08-05 23:38:25,747][base.py:144][INFO][8356] - Job "time_task (trigger: interval[0:01:00], next run at: 2020-08-05 23:39:25 CST)" executed successfully
[2020-08-05 23:57:09,153][base.py:940][DEBUG][12752] - Looking for jobs to run
[2020-08-05 23:57:09,153][base.py:1020][DEBUG][12752] - Next wakeup is due at 2020-08-05 23:57:25.745160+08:00 (in 16.591368 seconds)
[2020-08-05 23:57:09,153][base.py:120][WARNING][11888] - Run time of job "time_task (trigger: interval[0:01:00], next run at: 2020-08-05 23:57:25 CST)" was missed by 0:00:43.408632
[2020-08-05 23:57:25,746][base.py:940][DEBUG][12752] - Looking for jobs to run
[2020-08-05 23:57:25,746][base.py:1020][DEBUG][12752] - Next wakeup is due at 2020-08-05 23:58:25.745160+08:00 (in 59.998970 seconds)
[2020-08-05 23:57:25,746][base.py:123][INFO][14360] - Running job "time_task (trigger: interval[0:01:00], next run at: 2020-08-05 23:58:25 CST)" (scheduled at 2020-08-05 23:57:25.745160+08:00)
[2020-08-05 23:57:25,746][base.py:144][INFO][14360] - Job "time_task (trigger: interval[0:01:00], next run at: 2020-08-05 23:58:25 CST)" executed successfully
[2020-08-05 23:58:25,745][base.py:940][DEBUG][12752] - Looking for jobs to run
[2020-08-05 23:58:25,746][base.py:1020][DEBUG][12752] - Next wakeup is due at 2020-08-05 23:59:25.745160+08:00 (in 59.999846 seconds)
[2020-08-05 23:58:25,746][base.py:123][INFO][7188] - Running job "time_task (trigger: interval[0:01:00], next run at: 2020-08-05 23:59:25 CST)" (scheduled at 2020-08-05 23:58:25.745160+08:00)
[2020-08-05 23:58:25,747][base.py:144][INFO][7188] - Job "time_task (trigger: interval[0:01:00], next run at: 2020-08-05 23:59:25 CST)" executed successfully
[2020-08-06 07:41:21,628][base.py:940][DEBUG][12752] - Looking for jobs to run
[2020-08-06 07:41:21,631][base.py:1020][DEBUG][12752] - Next wakeup is due at 2020-08-06 07:41:25.745160+08:00 (in 4.116695 seconds)
[2020-08-06 07:41:21,631][base.py:120][WARNING][6780] - Run time of job "time_task (trigger: interval[0:01:00], next run at: 2020-08-06 07:41:25 CST)" was missed by 0:00:55.886271
[2020-08-06 07:41:25,748][base.py:940][DEBUG][12752] - Looking for jobs to run
[2020-08-06 07:41:25,748][base.py:1020][DEBUG][12752] - Next wakeup is due at 2020-08-06 07:42:25.745160+08:00 (in 59.996584 seconds)
[2020-08-06 07:41:25,748][base.py:123][INFO][6972] - Running job "time_task (trigger: interval[0:01:00], next run at: 2020-08-06 07:42:25 CST)" (scheduled at 2020-08-06 07:41:25.745160+08:00)
[2020-08-06 07:41:25,748][base.py:144][INFO][6972] - Job "time_task (trigger: interval[0:01:00], next run at: 2020-08-06 07:42:25 CST)" executed successfully
[2020-08-06 07:42:25,745][base.py:940][DEBUG][12752] - Looking for jobs to run
[2020-08-06 07:42:25,745][base.py:1020][DEBUG][12752] - Next wakeup is due at 2020-08-06 07:43:25.745160+08:00 (in 59.999567 seconds)
[2020-08-06 07:42:25,745][base.py:123][INFO][12912] - Running job "time_task (trigger: interval[0:01:00], next run at: 2020-08-06 07:43:25 CST)" (scheduled at 2020-08-06 07:42:25.745160+08:00)
[2020-08-06 07:42:25,745][base.py:144][INFO][12912] - Job "time_task (trigger: interval[0:01:00], next run at: 2020-08-06 07:43:25 CST)" executed successfully
[2020-08-06 07:43:25,745][base.py:940][DEBUG][12752] - Looking for jobs to run
[2020-08-06 07:43:25,746][base.py:1020][DEBUG][12752] - Next wakeup is due at 2020-08-06 07:44:25.745160+08:00 (in 59.999505 seconds)
[2020-08-06 07:43:25,746][base.py:123][INFO][14360] - Running job "time_task (trigger: interval[0:01:00], next run at: 2020-08-06 07:44:25 CST)" (scheduled at 2020-08-06 07:43:25.745160+08:00)
[2020-08-06 07:43:25,747][base.py:144][INFO][14360] - Job "time_task (trigger: interval[0:01:00], next run at: 2020-08-06 07:44:25 CST)" executed successfully
[2020-08-06 07:44:25,747][base.py:940][DEBUG][12752] - Looking for jobs to run
[2020-08-06 07:44:25,747][base.py:1020][DEBUG][12752] - Next wakeup is due at 2020-08-06 07:45:25.745160+08:00 (in 59.997730 seconds)
[2020-08-06 07:44:25,747][base.py:123][INFO][7188] - Running job "time_task (trigger: interval[0:01:00], next run at: 2020-08-06 07:45:25 CST)" (scheduled at 2020-08-06 07:44:25.745160+08:00)
[2020-08-06 07:44:25,747][base.py:144][INFO][7188] - Job "time_task (trigger: interval[0:01:00], next run at: 2020-08-06 07:45:25 CST)" executed successfully
[2020-08-06 07:45:25,746][base.py:940][DEBUG][12752] - Looking for jobs to run
[2020-08-06 07:45:25,747][base.py:1020][DEBUG][12752] - Next wakeup is due at 2020-08-06 07:46:25.745160+08:00 (in 59.998794 seconds)
[2020-08-06 07:45:25,747][base.py:123][INFO][6780] - Running job "time_task (trigger: interval[0:01:00], next run at: 2020-08-06 07:46:25 CST)" (scheduled at 2020-08-06 07:45:25.745160+08:00)
[2020-08-06 07:45:25,748][base.py:144][INFO][6780] - Job "time_task (trigger: interval[0:01:00], next run at: 2020-08-06 07:46:25 CST)" executed successfully
[2020-08-06 07:46:25,747][base.py:940][DEBUG][12752] - Looking for jobs to run
[2020-08-06 07:46:25,748][base.py:1020][DEBUG][12752] - Next wakeup is due at 2020-08-06 07:47:25.745160+08:00 (in 59.998059 seconds)
[2020-08-06 07:46:25,748][base.py:123][INFO][6972] - Running job "time_task (trigger: interval[0:01:00], next run at: 2020-08-06 07:47:25 CST)" (scheduled at 2020-08-06 07:46:25.745160+08:00)
[2020-08-06 07:46:25,749][base.py:144][INFO][6972] - Job "time_task (trigger: interval[0:01:00], next run at: 2020-08-06 07:47:25 CST)" executed successfully
[2020-08-06 07:47:25,747][base.py:940][DEBUG][12752] - Looking for jobs to run
[2020-08-06 07:47:25,748][base.py:1020][DEBUG][12752] - Next wakeup is due at 2020-08-06 07:48:25.745160+08:00 (in 59.997223 seconds)
[2020-08-06 07:47:25,748][base.py:123][INFO][12912] - Running job "time_task (trigger: interval[0:01:00], next run at: 2020-08-06 07:48:25 CST)" (scheduled at 2020-08-06 07:47:25.745160+08:00)
[2020-08-06 07:47:25,749][base.py:144][INFO][12912] - Job "time_task (trigger: interval[0:01:00], next run at: 2020-08-06 07:48:25 CST)" executed successfully
[2020-08-06 07:48:25,747][base.py:940][DEBUG][12752] - Looking for jobs to run
[2020-08-06 07:48:25,748][base.py:1020][DEBUG][12752] - Next wakeup is due at 2020-08-06 07:49:25.745160+08:00 (in 59.998099 seconds)
[2020-08-06 07:48:25,748][base.py:123][INFO][6196] - Running job "time_task (trigger: interval[0:01:00], next run at: 2020-08-06 07:49:25 CST)" (scheduled at 2020-08-06 07:48:25.745160+08:00)
[2020-08-06 07:48:25,749][base.py:144][INFO][6196] - Job "time_task (trigger: interval[0:01:00], next run at: 2020-08-06 07:49:25 CST)" executed successfully
[2020-08-06 07:49:25,747][base.py:940][DEBUG][12752] - Looking for jobs to run
[2020-08-06 07:49:25,748][base.py:1020][DEBUG][12752] - Next wakeup is due at 2020-08-06 07:50:25.745160+08:00 (in 59.997955 seconds)
[2020-08-06 07:49:25,748][base.py:123][INFO][7188] - Running job "time_task (trigger: interval[0:01:00], next run at: 2020-08-06 07:50:25 CST)" (scheduled at 2020-08-06 07:49:25.745160+08:00)
[2020-08-06 07:49:25,749][base.py:144][INFO][7188] - Job "time_task (trigger: interval[0:01:00], next run at: 2020-08-06 07:50:25 CST)" executed successfully
[2020-08-06 07:50:25,746][base.py:940][DEBUG][12752] - Looking for jobs to run
[2020-08-06 07:50:25,747][base.py:1020][DEBUG][12752] - Next wakeup is due at 2020-08-06 07:51:25.745160+08:00 (in 59.998863 seconds)
[2020-08-06 07:50:25,747][base.py:123][INFO][6780] - Running job "time_task (trigger: interval[0:01:00], next run at: 2020-08-06 07:51:25 CST)" (scheduled at 2020-08-06 07:50:25.745160+08:00)
[2020-08-06 07:50:25,748][base.py:144][INFO][6780] - Job "time_task (trigger: interval[0:01:00], next run at: 2020-08-06 07:51:25 CST)" executed successfully
[2020-08-06 07:51:25,746][base.py:940][DEBUG][12752] - Looking for jobs to run
[2020-08-06 07:51:25,747][base.py:1020][DEBUG][12752] - Next wakeup is due at 2020-08-06 07:52:25.745160+08:00 (in 59.998491 seconds)
[2020-08-06 07:51:25,747][base.py:123][INFO][8356] - Running job "time_task (trigger: interval[0:01:00], next run at: 2020-08-06 07:52:25 CST)" (scheduled at 2020-08-06 07:51:25.745160+08:00)
[2020-08-06 07:51:25,748][base.py:144][INFO][8356] - Job "time_task (trigger: interval[0:01:00], next run at: 2020-08-06 07:52:25 CST)" executed successfully
[2020-08-06 07:52:25,747][base.py:940][DEBUG][12752] - Looking for jobs to run
[2020-08-06 07:52:25,748][base.py:1020][DEBUG][12752] - Next wakeup is due at 2020-08-06 07:53:25.745160+08:00 (in 59.997937 seconds)
[2020-08-06 07:52:25,748][base.py:123][INFO][11888] - Running job "time_task (trigger: interval[0:01:00], next run at: 2020-08-06 07:53:25 CST)" (scheduled at 2020-08-06 07:52:25.745160+08:00)
[2020-08-06 07:52:25,749][base.py:144][INFO][11888] - Job "time_task (trigger: interval[0:01:00], next run at: 2020-08-06 07:53:25 CST)" executed successfully
[2020-08-06 07:53:25,747][base.py:940][DEBUG][12752] - Looking for jobs to run
[2020-08-06 07:53:25,748][base.py:1020][DEBUG][12752] - Next wakeup is due at 2020-08-06 07:54:25.745160+08:00 (in 59.997956 seconds)
[2020-08-06 07:53:25,748][base.py:123][INFO][6196] - Running job "time_task (trigger: interval[0:01:00], next run at: 2020-08-06 07:54:25 CST)" (scheduled at 2020-08-06 07:53:25.745160+08:00)
[2020-08-06 07:53:25,749][base.py:144][INFO][6196] - Job "time_task (trigger: interval[0:01:00], next run at: 2020-08-06 07:54:25 CST)" executed successfully
[2020-08-06 07:54:25,746][base.py:940][DEBUG][12752] - Looking for jobs to run
[2020-08-06 07:54:25,747][base.py:1020][DEBUG][12752] - Next wakeup is due at 2020-08-06 07:55:25.745160+08:00 (in 59.998940 seconds)
[2020-08-06 07:54:25,747][base.py:123][INFO][14948] - Running job "time_task (trigger: interval[0:01:00], next run at: 2020-08-06 07:55:25 CST)" (scheduled at 2020-08-06 07:54:25.745160+08:00)
[2020-08-06 07:54:25,748][base.py:144][INFO][14948] - Job "time_task (trigger: interval[0:01:00], next run at: 2020-08-06 07:55:25 CST)" executed successfully
[2020-08-06 07:55:25,747][base.py:940][DEBUG][12752] - Looking for jobs to run
[2020-08-06 07:55:25,748][base.py:1020][DEBUG][12752] - Next wakeup is due at 2020-08-06 07:56:25.745160+08:00 (in 59.997989 seconds)
[2020-08-06 07:55:25,748][base.py:123][INFO][6780] - Running job "time_task (trigger: interval[0:01:00], next run at: 2020-08-06 07:56:25 CST)" (scheduled at 2020-08-06 07:55:25.745160+08:00)
[2020-08-06 07:55:25,749][base.py:144][INFO][6780] - Job "time_task (trigger: interval[0:01:00], next run at: 2020-08-06 07:56:25 CST)" executed successfully
[2020-08-06 07:56:25,747][base.py:940][DEBUG][12752] - Looking for jobs to run
[2020-08-06 07:56:25,748][base.py:1020][DEBUG][12752] - Next wakeup is due at 2020-08-06 07:57:25.745160+08:00 (in 59.998077 seconds)
[2020-08-06 07:56:25,748][base.py:123][INFO][8356] - Running job "time_task (trigger: interval[0:01:00], next run at: 2020-08-06 07:57:25 CST)" (scheduled at 2020-08-06 07:56:25.745160+08:00)
[2020-08-06 07:56:25,749][base.py:144][INFO][8356] - Job "time_task (trigger: interval[0:01:00], next run at: 2020-08-06 07:57:25 CST)" executed successfully
[2020-08-06 07:57:25,748][base.py:940][DEBUG][12752] - Looking for jobs to run
[2020-08-06 07:57:25,748][base.py:1020][DEBUG][12752] - Next wakeup is due at 2020-08-06 07:58:25.745160+08:00 (in 59.997146 seconds)
[2020-08-06 07:57:25,748][base.py:123][INFO][11888] - Running job "time_task (trigger: interval[0:01:00], next run at: 2020-08-06 07:58:25 CST)" (scheduled at 2020-08-06 07:57:25.745160+08:00)
[2020-08-06 07:57:25,750][base.py:144][INFO][11888] - Job "time_task (trigger: interval[0:01:00], next run at: 2020-08-06 07:58:25 CST)" executed successfully
[2020-08-06 07:58:25,747][base.py:940][DEBUG][12752] - Looking for jobs to run
[2020-08-06 07:58:25,748][base.py:1020][DEBUG][12752] - Next wakeup is due at 2020-08-06 07:59:25.745160+08:00 (in 59.997524 seconds)
[2020-08-06 07:58:25,748][base.py:123][INFO][14360] - Running job "time_task (trigger: interval[0:01:00], next run at: 2020-08-06 07:59:25 CST)" (scheduled at 2020-08-06 07:58:25.745160+08:00)
[2020-08-06 07:58:25,749][base.py:144][INFO][14360] - Job "time_task (trigger: interval[0:01:00], next run at: 2020-08-06 07:59:25 CST)" executed successfully
[2020-08-06 07:59:25,747][base.py:940][DEBUG][12752] - Looking for jobs to run
[2020-08-06 07:59:25,748][base.py:1020][DEBUG][12752] - Next wakeup is due at 2020-08-06 08:00:25.745160+08:00 (in 59.997923 seconds)
[2020-08-06 07:59:25,748][base.py:123][INFO][7188] - Running job "time_task (trigger: interval[0:01:00], next run at: 2020-08-06 08:00:25 CST)" (scheduled at 2020-08-06 07:59:25.745160+08:00)
[2020-08-06 07:59:25,749][base.py:144][INFO][7188] - Job "time_task (trigger: interval[0:01:00], next run at: 2020-08-06 08:00:25 CST)" executed successfully
[2020-08-06 08:00:25,746][base.py:940][DEBUG][12752] - Looking for jobs to run
[2020-08-06 08:00:25,747][base.py:1020][DEBUG][12752] - Next wakeup is due at 2020-08-06 08:01:25.745160+08:00 (in 59.998920 seconds)
[2020-08-06 08:00:25,747][base.py:123][INFO][12616] - Running job "time_task (trigger: interval[0:01:00], next run at: 2020-08-06 08:01:25 CST)" (scheduled at 2020-08-06 08:00:25.745160+08:00)
[2020-08-06 08:00:25,748][base.py:144][INFO][12616] - Job "time_task (trigger: interval[0:01:00], next run at: 2020-08-06 08:01:25 CST)" executed successfully
[2020-08-06 08:01:25,746][base.py:940][DEBUG][12752] - Looking for jobs to run
[2020-08-06 08:01:25,747][base.py:1020][DEBUG][12752] - Next wakeup is due at 2020-08-06 08:02:25.745160+08:00 (in 59.998761 seconds)
[2020-08-06 08:01:25,747][base.py:123][INFO][6972] - Running job "time_task (trigger: interval[0:01:00], next run at: 2020-08-06 08:02:25 CST)" (scheduled at 2020-08-06 08:01:25.745160+08:00)
[2020-08-06 08:01:25,748][base.py:144][INFO][6972] - Job "time_task (trigger: interval[0:01:00], next run at: 2020-08-06 08:02:25 CST)" executed successfully
[2020-08-06 08:02:25,746][base.py:940][DEBUG][12752] - Looking for jobs to run
[2020-08-06 08:02:25,747][base.py:1020][DEBUG][12752] - Next wakeup is due at 2020-08-06 08:03:25.745160+08:00 (in 59.998398 seconds)
[2020-08-06 08:02:25,747][base.py:123][INFO][12912] - Running job "time_task (trigger: interval[0:01:00], next run at: 2020-08-06 08:03:25 CST)" (scheduled at 2020-08-06 08:02:25.745160+08:00)
[2020-08-06 08:02:25,748][base.py:144][INFO][12912] - Job "time_task (trigger: interval[0:01:00], next run at: 2020-08-06 08:03:25 CST)" executed successfully
[2020-08-06 08:03:25,747][base.py:940][DEBUG][12752] - Looking for jobs to run
[2020-08-06 08:03:25,748][base.py:1020][DEBUG][12752] - Next wakeup is due at 2020-08-06 08:04:25.745160+08:00 (in 59.997949 seconds)
[2020-08-06 08:03:25,748][base.py:123][INFO][14360] - Running job "time_task (trigger: interval[0:01:00], next run at: 2020-08-06 08:04:25 CST)" (scheduled at 2020-08-06 08:03:25.745160+08:00)
[2020-08-06 08:03:25,749][base.py:144][INFO][14360] - Job "time_task (trigger: interval[0:01:00], next run at: 2020-08-06 08:04:25 CST)" executed successfully
[2020-08-06 08:04:25,746][base.py:940][DEBUG][12752] - Looking for jobs to run
[2020-08-06 08:04:25,747][base.py:1020][DEBUG][12752] - Next wakeup is due at 2020-08-06 08:05:25.745160+08:00 (in 59.998577 seconds)
[2020-08-06 08:04:25,747][base.py:123][INFO][14948] - Running job "time_task (trigger: interval[0:01:00], next run at: 2020-08-06 08:05:25 CST)" (scheduled at 2020-08-06 08:04:25.745160+08:00)
[2020-08-06 08:04:25,748][base.py:144][INFO][14948] - Job "time_task (trigger: interval[0:01:00], next run at: 2020-08-06 08:05:25 CST)" executed successfully
[2020-08-06 08:05:25,746][base.py:940][DEBUG][12752] - Looking for jobs to run
[2020-08-06 08:05:25,747][base.py:1020][DEBUG][12752] - Next wakeup is due at 2020-08-06 08:06:25.745160+08:00 (in 59.998335 seconds)
[2020-08-06 08:05:25,747][base.py:123][INFO][12616] - Running job "time_task (trigger: interval[0:01:00], next run at: 2020-08-06 08:06:25 CST)" (scheduled at 2020-08-06 08:05:25.745160+08:00)
[2020-08-06 08:05:25,748][base.py:144][INFO][12616] - Job "time_task (trigger: interval[0:01:00], next run at: 2020-08-06 08:06:25 CST)" executed successfully
[2020-08-06 08:06:25,747][base.py:940][DEBUG][12752] - Looking for jobs to run
[2020-08-06 08:06:25,748][base.py:1020][DEBUG][12752] - Next wakeup is due at 2020-08-06 08:07:25.745160+08:00 (in 59.997543 seconds)
[2020-08-06 08:06:25,748][base.py:123][INFO][6972] - Running job "time_task (trigger: interval[0:01:00], next run at: 2020-08-06 08:07:25 CST)" (scheduled at 2020-08-06 08:06:25.745160+08:00)
[2020-08-06 08:06:25,749][base.py:144][INFO][6972] - Job "time_task (trigger: interval[0:01:00], next run at: 2020-08-06 08:07:25 CST)" executed successfully
[2020-08-06 08:07:25,747][base.py:940][DEBUG][12752] - Looking for jobs to run
[2020-08-06 08:07:25,748][base.py:1020][DEBUG][12752] - Next wakeup is due at 2020-08-06 08:08:25.745160+08:00 (in 59.997744 seconds)
[2020-08-06 08:07:25,748][base.py:123][INFO][12912] - Running job "time_task (trigger: interval[0:01:00], next run at: 2020-08-06 08:08:25 CST)" (scheduled at 2020-08-06 08:07:25.745160+08:00)
[2020-08-06 08:07:25,749][base.py:144][INFO][12912] - Job "time_task (trigger: interval[0:01:00], next run at: 2020-08-06 08:08:25 CST)" executed successfully
[2020-08-06 08:08:25,747][base.py:940][DEBUG][12752] - Looking for jobs to run
[2020-08-06 08:08:25,747][base.py:1020][DEBUG][12752] - Next wakeup is due at 2020-08-06 08:09:25.745160+08:00 (in 59.997831 seconds)
[2020-08-06 08:08:25,747][base.py:123][INFO][14360] - Running job "time_task (trigger: interval[0:01:00], next run at: 2020-08-06 08:09:25 CST)" (scheduled at 2020-08-06 08:08:25.745160+08:00)
[2020-08-06 08:08:25,747][base.py:144][INFO][14360] - Job "time_task (trigger: interval[0:01:00], next run at: 2020-08-06 08:09:25 CST)" executed successfully
[2020-08-06 08:09:25,746][base.py:940][DEBUG][12752] - Looking for jobs to run
[2020-08-06 08:09:25,746][base.py:1020][DEBUG][12752] - Next wakeup is due at 2020-08-06 08:10:25.745160+08:00 (in 59.999038 seconds)
[2020-08-06 08:09:25,746][base.py:123][INFO][14948] - Running job "time_task (trigger: interval[0:01:00], next run at: 2020-08-06 08:10:25 CST)" (scheduled at 2020-08-06 08:09:25.745160+08:00)
[2020-08-06 08:09:25,746][base.py:144][INFO][14948] - Job "time_task (trigger: interval[0:01:00], next run at: 2020-08-06 08:10:25 CST)" executed successfully
[2020-08-06 08:10:25,746][base.py:940][DEBUG][12752] - Looking for jobs to run
[2020-08-06 08:10:25,747][base.py:1020][DEBUG][12752] - Next wakeup is due at 2020-08-06 08:11:25.745160+08:00 (in 59.998739 seconds)
[2020-08-06 08:10:25,747][base.py:123][INFO][6780] - Running job "time_task (trigger: interval[0:01:00], next run at: 2020-08-06 08:11:25 CST)" (scheduled at 2020-08-06 08:10:25.745160+08:00)
[2020-08-06 08:10:25,748][base.py:144][INFO][6780] - Job "time_task (trigger: interval[0:01:00], next run at: 2020-08-06 08:11:25 CST)" executed successfully
[2020-08-06 08:11:25,747][base.py:940][DEBUG][12752] - Looking for jobs to run
[2020-08-06 08:11:25,747][base.py:1020][DEBUG][12752] - Next wakeup is due at 2020-08-06 08:12:25.745160+08:00 (in 59.998073 seconds)
[2020-08-06 08:11:25,747][base.py:123][INFO][6972] - Running job "time_task (trigger: interval[0:01:00], next run at: 2020-08-06 08:12:25 CST)" (scheduled at 2020-08-06 08:11:25.745160+08:00)
[2020-08-06 08:11:25,747][base.py:144][INFO][6972] - Job "time_task (trigger: interval[0:01:00], next run at: 2020-08-06 08:12:25 CST)" executed successfully
