[2020-08-04 23:26:49,538][__init__.py:15][INFO][2052] - app started
[2020-08-04 23:26:49,538][__init__.py:19][INFO][2052] - Environment -> ProductConfig
[2020-08-04 23:27:19,260][__init__.py:15][INFO][3688] - app started
[2020-08-04 23:27:19,260][__init__.py:19][INFO][3688] - Environment -> ProductConfig
[2020-08-04 23:28:34,678][__init__.py:15][INFO][544] - app started
[2020-08-04 23:28:34,678][__init__.py:19][INFO][544] - Environment -> ProductConfig
[2020-08-04 23:28:52,840][__init__.py:15][INFO][13620] - app started
[2020-08-04 23:28:52,840][__init__.py:19][INFO][13620] - Environment -> ProductConfig
[2020-08-04 23:28:52,943][base.py:440][INFO][13620] - Adding job tentatively -- it will be properly scheduled when the scheduler starts
[2020-08-04 23:28:52,954][base.py:881][INFO][13620] - Added job "time_task" to job store "default"
[2020-08-04 23:28:52,954][base.py:166][INFO][13620] - Scheduler started
[2020-08-04 23:28:52,955][base.py:940][DEBUG][12656] - Looking for jobs to run
[2020-08-04 23:28:52,955][base.py:1020][DEBUG][12656] - Next wakeup is due at 2020-08-04 23:29:52.943137+08:00 (in 59.988009 seconds)
[2020-08-04 23:28:52,973][_internal.py:113][INFO][13620] -  * Running on http://0.0.0.0:5000/ (Press CTRL+C to quit)
[2020-08-04 23:29:39,355][__init__.py:15][INFO][11180] - app started
[2020-08-04 23:29:39,356][__init__.py:19][INFO][11180] - Environment -> ProductConfig
[2020-08-04 23:30:21,930][__init__.py:15][INFO][5480] - app started
[2020-08-04 23:30:21,930][__init__.py:19][INFO][5480] - Environment -> ProductConfig
[2020-08-04 23:31:40,988][__init__.py:15][INFO][11108] - app started
[2020-08-04 23:31:40,988][__init__.py:19][INFO][11108] - Environment -> ProductConfig
[2020-08-04 23:34:08,332][__init__.py:15][INFO][1808] - app started
[2020-08-04 23:34:08,332][__init__.py:19][INFO][1808] - Environment -> ProductConfig
