[2020-08-01 14:30:59,305][base.py:166][INFO][1160] - Scheduler started
[2020-08-01 14:30:59,306][base.py:940][DEBUG][5188] - Looking for jobs to run
[2020-08-01 14:30:59,306][base.py:1016][DEBUG][5188] - No jobs; waiting until a job is added
[2020-08-01 14:30:59,333][_internal.py:113][INFO][1160] -  * Running on http://0.0.0.0:5050/ (Press CTRL+C to quit)
[2020-08-01 14:31:33,040][base.py:166][INFO][12828] - Scheduler started
[2020-08-01 14:31:33,041][base.py:940][DEBUG][2160] - Looking for jobs to run
[2020-08-01 14:31:33,041][base.py:1016][DEBUG][2160] - No jobs; waiting until a job is added
[2020-08-01 14:31:33,058][_internal.py:113][INFO][12828] -  * Running on http://0.0.0.0:5050/ (Press CTRL+C to quit)
[2020-08-01 14:32:06,097][_internal.py:113][INFO][392] - 127.0.0.1 - - [01/Aug/2020 14:32:06] "[33mGET /user/add HTTP/1.1[0m" 404 -
[2020-08-01 14:32:06,348][_internal.py:113][INFO][2376] - 127.0.0.1 - - [01/Aug/2020 14:32:06] "[33mGET /favicon.ico HTTP/1.1[0m" 404 -
[2020-08-01 14:32:08,906][_internal.py:113][INFO][5440] - 127.0.0.1 - - [01/Aug/2020 14:32:08] "[33mGET / HTTP/1.1[0m" 404 -
[2020-08-01 14:32:22,857][_internal.py:113][INFO][9308] - 127.0.0.1 - - [01/Aug/2020 14:32:22] "[33mGET / HTTP/1.1[0m" 404 -
[2020-08-01 14:32:25,043][_internal.py:113][INFO][7516] - 127.0.0.1 - - [01/Aug/2020 14:32:25] "[33mGET /user/add HTTP/1.1[0m" 404 -
[2020-08-01 14:32:27,575][_internal.py:113][INFO][5056] - 127.0.0.1 - - [01/Aug/2020 14:32:27] "[33mGET / HTTP/1.1[0m" 404 -
[2020-08-01 14:35:02,369][base.py:166][INFO][4524] - Scheduler started
[2020-08-01 14:35:02,370][base.py:940][DEBUG][9960] - Looking for jobs to run
[2020-08-01 14:35:02,370][base.py:1016][DEBUG][9960] - No jobs; waiting until a job is added
[2020-08-01 14:35:02,393][_internal.py:113][INFO][4524] -  * Running on http://0.0.0.0:5050/ (Press CTRL+C to quit)
[2020-08-01 14:35:16,320][_internal.py:113][INFO][6656] - 127.0.0.1 - - [01/Aug/2020 14:35:16] "[33mGET / HTTP/1.1[0m" 404 -
[2020-08-01 14:39:29,760][_internal.py:113][INFO][12720] - 127.0.0.1 - - [01/Aug/2020 14:39:29] "[33mGET / HTTP/1.1[0m" 404 -
[2020-08-01 14:39:30,457][_internal.py:113][INFO][7824] - 127.0.0.1 - - [01/Aug/2020 14:39:30] "[33mGET / HTTP/1.1[0m" 404 -
[2020-08-01 14:39:30,644][_internal.py:113][INFO][11248] - 127.0.0.1 - - [01/Aug/2020 14:39:30] "[33mGET / HTTP/1.1[0m" 404 -
[2020-08-01 14:39:30,818][_internal.py:113][INFO][11960] - 127.0.0.1 - - [01/Aug/2020 14:39:30] "[33mGET / HTTP/1.1[0m" 404 -
[2020-08-01 14:39:30,972][_internal.py:113][INFO][6556] - 127.0.0.1 - - [01/Aug/2020 14:39:30] "[33mGET / HTTP/1.1[0m" 404 -
[2020-08-01 14:40:49,572][base.py:166][INFO][6312] - Scheduler started
[2020-08-01 14:40:49,573][base.py:940][DEBUG][10392] - Looking for jobs to run
[2020-08-01 14:40:49,573][base.py:1016][DEBUG][10392] - No jobs; waiting until a job is added
[2020-08-01 14:40:49,589][_internal.py:113][INFO][6312] -  * Running on http://0.0.0.0:5050/ (Press CTRL+C to quit)
[2020-08-01 14:41:03,708][_internal.py:113][INFO][8744] - 127.0.0.1 - - [01/Aug/2020 14:41:03] "[33mGET / HTTP/1.1[0m" 404 -
[2020-08-01 14:41:04,154][_internal.py:113][INFO][348] - 127.0.0.1 - - [01/Aug/2020 14:41:04] "[33mGET / HTTP/1.1[0m" 404 -
[2020-08-01 14:41:04,296][_internal.py:113][INFO][9048] - 127.0.0.1 - - [01/Aug/2020 14:41:04] "[33mGET / HTTP/1.1[0m" 404 -
[2020-08-01 14:41:04,432][_internal.py:113][INFO][7060] - 127.0.0.1 - - [01/Aug/2020 14:41:04] "[33mGET / HTTP/1.1[0m" 404 -
[2020-08-01 14:41:29,908][base.py:166][INFO][12828] - Scheduler started
[2020-08-01 14:41:29,909][base.py:940][DEBUG][11916] - Looking for jobs to run
[2020-08-01 14:41:29,909][base.py:1016][DEBUG][11916] - No jobs; waiting until a job is added
[2020-08-01 14:41:29,929][_internal.py:113][INFO][12828] -  * Restarting with stat
[2020-08-01 14:41:30,514][base.py:166][INFO][6980] - Scheduler started
[2020-08-01 14:41:30,514][base.py:940][DEBUG][10748] - Looking for jobs to run
[2020-08-01 14:41:30,514][base.py:1016][DEBUG][10748] - No jobs; waiting until a job is added
[2020-08-01 14:41:30,524][_internal.py:113][WARNING][6980] -  * Debugger is active!
[2020-08-01 14:41:30,532][_internal.py:113][INFO][6980] -  * Debugger PIN: 104-251-279
[2020-08-01 14:41:30,541][_internal.py:113][INFO][13224] -  * Running on http://0.0.0.0:5050/ (Press CTRL+C to quit)
[2020-08-01 14:47:49,324][base.py:166][INFO][7036] - Scheduler started
[2020-08-01 14:47:49,325][base.py:940][DEBUG][6136] - Looking for jobs to run
[2020-08-01 14:47:49,325][base.py:1016][DEBUG][6136] - No jobs; waiting until a job is added
[2020-08-01 14:47:49,338][_internal.py:113][INFO][7036] -  * Restarting with stat
[2020-08-01 14:47:49,927][base.py:166][INFO][13304] - Scheduler started
[2020-08-01 14:47:49,927][base.py:940][DEBUG][5000] - Looking for jobs to run
[2020-08-01 14:47:49,928][base.py:1016][DEBUG][5000] - No jobs; waiting until a job is added
[2020-08-01 14:47:49,938][_internal.py:113][WARNING][13304] -  * Debugger is active!
[2020-08-01 14:47:49,941][_internal.py:113][INFO][13304] -  * Debugger PIN: 104-251-279
[2020-08-01 14:47:49,954][_internal.py:113][INFO][10812] -  * Running on http://0.0.0.0:5050/ (Press CTRL+C to quit)
[2020-08-01 14:48:04,745][_internal.py:113][INFO][10992] - 127.0.0.1 - - [01/Aug/2020 14:48:04] "[33mGET / HTTP/1.1[0m" 404 -
[2020-08-01 14:49:26,196][base.py:166][INFO][10432] - Scheduler started
[2020-08-01 14:49:26,196][base.py:940][DEBUG][7624] - Looking for jobs to run
[2020-08-01 14:49:26,196][base.py:1016][DEBUG][7624] - No jobs; waiting until a job is added
[2020-08-01 14:49:26,209][_internal.py:113][INFO][10432] -  * Restarting with stat
[2020-08-01 14:49:26,795][base.py:166][INFO][8512] - Scheduler started
[2020-08-01 14:49:26,795][base.py:940][DEBUG][7228] - Looking for jobs to run
[2020-08-01 14:49:26,796][base.py:1016][DEBUG][7228] - No jobs; waiting until a job is added
[2020-08-01 14:49:26,806][_internal.py:113][WARNING][8512] -  * Debugger is active!
[2020-08-01 14:49:26,810][_internal.py:113][INFO][8512] -  * Debugger PIN: 104-251-279
[2020-08-01 14:49:26,818][_internal.py:113][INFO][11884] -  * Running on http://0.0.0.0:5050/ (Press CTRL+C to quit)
[2020-08-01 14:50:39,606][base.py:166][INFO][4636] - Scheduler started
[2020-08-01 14:50:39,607][base.py:940][DEBUG][5580] - Looking for jobs to run
[2020-08-01 14:50:39,607][base.py:1016][DEBUG][5580] - No jobs; waiting until a job is added
[2020-08-01 14:50:39,619][_internal.py:113][INFO][4636] -  * Restarting with stat
[2020-08-01 14:50:40,220][base.py:166][INFO][12544] - Scheduler started
[2020-08-01 14:50:40,220][base.py:940][DEBUG][3860] - Looking for jobs to run
[2020-08-01 14:50:40,220][base.py:1016][DEBUG][3860] - No jobs; waiting until a job is added
[2020-08-01 14:50:40,230][_internal.py:113][WARNING][12544] -  * Debugger is active!
[2020-08-01 14:50:40,234][_internal.py:113][INFO][12544] -  * Debugger PIN: 104-251-279
[2020-08-01 14:50:40,242][_internal.py:113][INFO][9420] -  * Running on http://0.0.0.0:5050/ (Press CTRL+C to quit)
[2020-08-01 14:52:14,247][base.py:166][INFO][6972] - Scheduler started
[2020-08-01 14:52:14,248][base.py:940][DEBUG][12136] - Looking for jobs to run
[2020-08-01 14:52:14,248][base.py:1016][DEBUG][12136] - No jobs; waiting until a job is added
[2020-08-01 14:52:14,261][_internal.py:113][INFO][6972] -  * Restarting with stat
[2020-08-01 14:52:14,845][base.py:166][INFO][5372] - Scheduler started
[2020-08-01 14:52:14,846][base.py:940][DEBUG][8776] - Looking for jobs to run
[2020-08-01 14:52:14,846][base.py:1016][DEBUG][8776] - No jobs; waiting until a job is added
[2020-08-01 14:52:14,856][_internal.py:113][WARNING][5372] -  * Debugger is active!
[2020-08-01 14:52:14,860][_internal.py:113][INFO][5372] -  * Debugger PIN: 104-251-279
[2020-08-01 14:52:14,869][_internal.py:113][INFO][10660] -  * Running on http://0.0.0.0:5050/ (Press CTRL+C to quit)
[2020-08-01 14:55:12,602][base.py:166][INFO][10648] - Scheduler started
[2020-08-01 14:55:12,602][base.py:940][DEBUG][8600] - Looking for jobs to run
[2020-08-01 14:55:12,602][base.py:1016][DEBUG][8600] - No jobs; waiting until a job is added
[2020-08-01 14:55:12,616][_internal.py:113][INFO][10648] -  * Restarting with stat
[2020-08-01 14:55:13,209][base.py:166][INFO][10820] - Scheduler started
[2020-08-01 14:55:13,209][base.py:940][DEBUG][292] - Looking for jobs to run
[2020-08-01 14:55:13,209][base.py:1016][DEBUG][292] - No jobs; waiting until a job is added
[2020-08-01 14:55:13,219][_internal.py:113][WARNING][10820] -  * Debugger is active!
[2020-08-01 14:55:13,223][_internal.py:113][INFO][10820] -  * Debugger PIN: 104-251-279
[2020-08-01 14:55:13,232][_internal.py:113][INFO][11152] -  * Running on http://0.0.0.0:5050/ (Press CTRL+C to quit)
[2020-08-01 14:55:57,457][_internal.py:113][INFO][8084] - 127.0.0.1 - - [01/Aug/2020 14:55:57] "[33mGET / HTTP/1.1[0m" 404 -
[2020-08-01 14:55:58,860][_internal.py:113][INFO][12916] - 127.0.0.1 - - [01/Aug/2020 14:55:58] "[33mGET / HTTP/1.1[0m" 404 -
[2020-08-01 14:55:59,011][_internal.py:113][INFO][10172] - 127.0.0.1 - - [01/Aug/2020 14:55:59] "[33mGET / HTTP/1.1[0m" 404 -
[2020-08-01 14:55:59,170][_internal.py:113][INFO][3848] - 127.0.0.1 - - [01/Aug/2020 14:55:59] "[33mGET / HTTP/1.1[0m" 404 -
[2020-08-01 14:56:09,614][_internal.py:113][INFO][5372] - 127.0.0.1 - - [01/Aug/2020 14:56:09] "[33mGET / HTTP/1.1[0m" 404 -
[2020-08-01 14:56:44,569][_internal.py:113][INFO][3428] - 127.0.0.1 - - [01/Aug/2020 14:56:44] "[33mGET / HTTP/1.1[0m" 404 -
[2020-08-01 14:59:03,779][base.py:166][INFO][1120] - Scheduler started
[2020-08-01 14:59:03,779][base.py:940][DEBUG][10416] - Looking for jobs to run
[2020-08-01 14:59:03,779][base.py:1016][DEBUG][10416] - No jobs; waiting until a job is added
[2020-08-01 14:59:03,792][_internal.py:113][INFO][1120] -  * Restarting with stat
[2020-08-01 14:59:04,372][base.py:166][INFO][3988] - Scheduler started
[2020-08-01 14:59:04,372][base.py:940][DEBUG][5460] - Looking for jobs to run
[2020-08-01 14:59:04,373][base.py:1016][DEBUG][5460] - No jobs; waiting until a job is added
[2020-08-01 14:59:04,383][_internal.py:113][WARNING][3988] -  * Debugger is active!
[2020-08-01 14:59:04,387][_internal.py:113][INFO][3988] -  * Debugger PIN: 104-251-279
[2020-08-01 14:59:04,395][_internal.py:113][INFO][9964] -  * Running on http://0.0.0.0:5000/ (Press CTRL+C to quit)
[2020-08-01 14:59:43,130][base.py:166][INFO][12632] - Scheduler started
[2020-08-01 14:59:43,130][base.py:940][DEBUG][6124] - Looking for jobs to run
[2020-08-01 14:59:43,131][base.py:1016][DEBUG][6124] - No jobs; waiting until a job is added
[2020-08-01 14:59:43,143][_internal.py:113][INFO][12632] -  * Restarting with stat
[2020-08-01 14:59:43,730][base.py:166][INFO][10580] - Scheduler started
[2020-08-01 14:59:43,730][base.py:940][DEBUG][12216] - Looking for jobs to run
[2020-08-01 14:59:43,730][base.py:1016][DEBUG][12216] - No jobs; waiting until a job is added
[2020-08-01 14:59:43,741][_internal.py:113][WARNING][10580] -  * Debugger is active!
[2020-08-01 14:59:43,745][_internal.py:113][INFO][10580] -  * Debugger PIN: 104-251-279
[2020-08-01 14:59:43,754][_internal.py:113][INFO][1564] -  * Running on http://0.0.0.0:5000/ (Press CTRL+C to quit)
[2020-08-01 15:00:34,858][base.py:166][INFO][12676] - Scheduler started
[2020-08-01 15:00:34,870][_internal.py:113][INFO][12676] -  * Restarting with stat
[2020-08-01 15:00:35,457][base.py:166][INFO][1264] - Scheduler started
[2020-08-01 15:00:35,467][_internal.py:113][WARNING][1264] -  * Debugger is active!
[2020-08-01 15:00:35,471][_internal.py:113][INFO][1264] -  * Debugger PIN: 104-251-279
[2020-08-01 15:00:35,480][_internal.py:113][INFO][2604] -  * Running on http://0.0.0.0:5000/ (Press CTRL+C to quit)
[2020-08-01 15:00:56,195][base.py:166][INFO][6912] - Scheduler started
[2020-08-01 15:00:56,195][base.py:940][DEBUG][7336] - Looking for jobs to run
[2020-08-01 15:00:56,195][base.py:1016][DEBUG][7336] - No jobs; waiting until a job is added
[2020-08-01 15:00:56,208][_internal.py:113][INFO][6912] -  * Restarting with stat
[2020-08-01 15:00:56,797][base.py:166][INFO][7280] - Scheduler started
[2020-08-01 15:00:56,797][base.py:940][DEBUG][7996] - Looking for jobs to run
[2020-08-01 15:00:56,797][base.py:1016][DEBUG][7996] - No jobs; waiting until a job is added
[2020-08-01 15:00:56,808][_internal.py:113][WARNING][7280] -  * Debugger is active!
[2020-08-01 15:00:56,812][_internal.py:113][INFO][7280] -  * Debugger PIN: 104-251-279
[2020-08-01 15:00:56,820][_internal.py:113][INFO][13020] -  * Running on http://0.0.0.0:5000/ (Press CTRL+C to quit)
[2020-08-01 15:24:54,441][base.py:166][INFO][6216] - Scheduler started
[2020-08-01 15:24:54,441][base.py:940][DEBUG][8804] - Looking for jobs to run
[2020-08-01 15:24:54,442][base.py:1016][DEBUG][8804] - No jobs; waiting until a job is added
[2020-08-01 15:24:54,453][_internal.py:113][INFO][6216] -  * Restarting with stat
[2020-08-01 15:24:55,035][base.py:166][INFO][2460] - Scheduler started
[2020-08-01 15:24:55,035][base.py:940][DEBUG][5868] - Looking for jobs to run
[2020-08-01 15:24:55,035][base.py:1016][DEBUG][5868] - No jobs; waiting until a job is added
[2020-08-01 15:24:55,044][_internal.py:113][WARNING][2460] -  * Debugger is active!
[2020-08-01 15:24:55,048][_internal.py:113][INFO][2460] -  * Debugger PIN: 104-251-279
[2020-08-01 15:24:55,058][_internal.py:113][INFO][1968] -  * Running on http://0.0.0.0:5000/ (Press CTRL+C to quit)
[2020-08-01 15:25:23,663][base.py:166][INFO][11056] - Scheduler started
[2020-08-01 15:25:23,664][base.py:940][DEBUG][12256] - Looking for jobs to run
[2020-08-01 15:25:23,665][base.py:1016][DEBUG][12256] - No jobs; waiting until a job is added
[2020-08-01 15:25:40,574][_internal.py:113][INFO][11056] -  * Restarting with stat
[2020-08-01 15:25:58,594][base.py:166][INFO][5052] - Scheduler started
[2020-08-01 15:25:58,596][base.py:940][DEBUG][4804] - Looking for jobs to run
[2020-08-01 15:25:58,597][base.py:1016][DEBUG][4804] - No jobs; waiting until a job is added
[2020-08-01 15:26:06,893][_internal.py:113][WARNING][5052] -  * Debugger is active!
[2020-08-01 15:26:06,903][_internal.py:113][INFO][5052] -  * Debugger PIN: 104-251-279
[2020-08-01 15:26:06,922][_internal.py:113][INFO][9784] -  * Running on http://0.0.0.0:5000/ (Press CTRL+C to quit)
[2020-08-01 15:26:34,822][base.py:166][INFO][12988] - Scheduler started
[2020-08-01 15:26:34,822][base.py:940][DEBUG][3532] - Looking for jobs to run
[2020-08-01 15:26:34,822][base.py:1016][DEBUG][3532] - No jobs; waiting until a job is added
[2020-08-01 15:26:34,828][_internal.py:113][INFO][12988] -  * Restarting with stat
[2020-08-01 15:26:35,422][base.py:166][INFO][2472] - Scheduler started
[2020-08-01 15:26:35,423][base.py:940][DEBUG][13160] - Looking for jobs to run
[2020-08-01 15:26:35,423][base.py:1016][DEBUG][13160] - No jobs; waiting until a job is added
[2020-08-01 15:26:35,426][_internal.py:113][WARNING][2472] -  * Debugger is active!
[2020-08-01 15:26:35,430][_internal.py:113][INFO][2472] -  * Debugger PIN: 104-251-279
[2020-08-01 15:26:35,439][_internal.py:113][INFO][5372] -  * Running on http://0.0.0.0:5000/ (Press CTRL+C to quit)
[2020-08-01 15:27:10,206][_internal.py:113][INFO][8012] -  * Restarting with stat
[2020-08-01 15:27:10,757][_internal.py:113][WARNING][7608] -  * Debugger is active!
[2020-08-01 15:27:10,761][_internal.py:113][INFO][7608] -  * Debugger PIN: 104-251-279
[2020-08-01 15:27:10,770][_internal.py:113][INFO][8176] -  * Running on http://0.0.0.0:5000/ (Press CTRL+C to quit)
[2020-08-01 15:31:33,249][base.py:166][INFO][8004] - Scheduler started
[2020-08-01 15:31:33,250][base.py:940][DEBUG][5504] - Looking for jobs to run
[2020-08-01 15:31:33,250][base.py:1016][DEBUG][5504] - No jobs; waiting until a job is added
[2020-08-01 15:31:33,265][_internal.py:113][INFO][8004] -  * Running on http://0.0.0.0:5000/ (Press CTRL+C to quit)
[2020-08-01 15:32:36,021][base.py:166][INFO][7248] - Scheduler started
[2020-08-01 15:32:36,021][base.py:940][DEBUG][10464] - Looking for jobs to run
[2020-08-01 15:32:36,021][base.py:1016][DEBUG][10464] - No jobs; waiting until a job is added
[2020-08-01 15:32:36,033][_internal.py:113][INFO][7248] -  * Restarting with stat
[2020-08-01 15:32:36,619][base.py:166][INFO][6728] - Scheduler started
[2020-08-01 15:32:36,620][base.py:940][DEBUG][12840] - Looking for jobs to run
[2020-08-01 15:32:36,620][base.py:1016][DEBUG][12840] - No jobs; waiting until a job is added
[2020-08-01 15:32:36,628][_internal.py:113][WARNING][6728] -  * Debugger is active!
[2020-08-01 15:32:36,632][_internal.py:113][INFO][6728] -  * Debugger PIN: 104-251-279
[2020-08-01 15:32:36,641][_internal.py:113][INFO][12348] -  * Running on http://0.0.0.0:5000/ (Press CTRL+C to quit)
[2020-08-01 15:34:34,377][base.py:166][INFO][7680] - Scheduler started
[2020-08-01 15:34:34,378][base.py:940][DEBUG][5764] - Looking for jobs to run
[2020-08-01 15:34:34,378][base.py:1016][DEBUG][5764] - No jobs; waiting until a job is added
[2020-08-01 15:34:34,392][_internal.py:113][INFO][7680] -  * Running on http://0.0.0.0:5000/ (Press CTRL+C to quit)
[2020-08-01 15:37:36,322][base.py:166][INFO][11384] - Scheduler started
[2020-08-01 15:37:36,323][base.py:940][DEBUG][11916] - Looking for jobs to run
[2020-08-01 15:37:36,323][base.py:1016][DEBUG][11916] - No jobs; waiting until a job is added
[2020-08-01 15:37:36,337][_internal.py:113][INFO][11384] -  * Running on http://0.0.0.0:5000/ (Press CTRL+C to quit)
[2020-08-01 22:29:50,377][base.py:166][INFO][5424] - Scheduler started
[2020-08-01 22:29:50,377][base.py:940][DEBUG][10544] - Looking for jobs to run
[2020-08-01 22:29:50,378][base.py:1016][DEBUG][10544] - No jobs; waiting until a job is added
[2020-08-01 22:29:50,396][_internal.py:113][INFO][5424] -  * Running on http://0.0.0.0:5000/ (Press CTRL+C to quit)
[2020-08-01 22:30:02,718][base.py:166][INFO][1732] - Scheduler started
[2020-08-01 22:30:02,719][base.py:940][DEBUG][12728] - Looking for jobs to run
[2020-08-01 22:30:02,719][base.py:1016][DEBUG][12728] - No jobs; waiting until a job is added
[2020-08-01 22:30:02,736][_internal.py:113][INFO][1732] -  * Restarting with stat
[2020-08-01 22:30:03,648][base.py:166][INFO][11236] - Scheduler started
[2020-08-01 22:30:03,648][base.py:940][DEBUG][7564] - Looking for jobs to run
[2020-08-01 22:30:03,649][base.py:1016][DEBUG][7564] - No jobs; waiting until a job is added
[2020-08-01 22:30:03,661][_internal.py:113][WARNING][11236] -  * Debugger is active!
[2020-08-01 22:30:03,667][_internal.py:113][INFO][11236] -  * Debugger PIN: 104-251-279
[2020-08-01 22:30:03,682][_internal.py:113][INFO][15560] -  * Running on http://0.0.0.0:5000/ (Press CTRL+C to quit)
[2020-08-01 22:37:17,759][base.py:166][INFO][7196] - Scheduler started
[2020-08-01 22:37:17,759][base.py:940][DEBUG][13868] - Looking for jobs to run
[2020-08-01 22:37:17,759][base.py:1016][DEBUG][13868] - No jobs; waiting until a job is added
[2020-08-01 22:37:17,772][_internal.py:113][INFO][7196] -  * Restarting with stat
[2020-08-01 22:37:18,447][base.py:166][INFO][5848] - Scheduler started
[2020-08-01 22:37:18,447][base.py:940][DEBUG][15016] - Looking for jobs to run
[2020-08-01 22:37:18,447][base.py:1016][DEBUG][15016] - No jobs; waiting until a job is added
[2020-08-01 22:37:18,458][_internal.py:113][WARNING][5848] -  * Debugger is active!
[2020-08-01 22:37:18,463][_internal.py:113][INFO][5848] -  * Debugger PIN: 104-251-279
[2020-08-01 22:37:18,473][_internal.py:113][INFO][15904] -  * Running on http://0.0.0.0:5000/ (Press CTRL+C to quit)
[2020-08-01 22:40:24,209][base.py:166][INFO][1924] - Scheduler started
[2020-08-01 22:40:24,209][base.py:940][DEBUG][3016] - Looking for jobs to run
[2020-08-01 22:40:24,209][base.py:1016][DEBUG][3016] - No jobs; waiting until a job is added
[2020-08-01 22:40:24,222][_internal.py:113][INFO][1924] -  * Restarting with stat
[2020-08-01 22:40:25,046][base.py:166][INFO][16308] - Scheduler started
[2020-08-01 22:40:25,047][base.py:940][DEBUG][15048] - Looking for jobs to run
[2020-08-01 22:40:25,047][base.py:1016][DEBUG][15048] - No jobs; waiting until a job is added
[2020-08-01 22:40:25,057][_internal.py:113][WARNING][16308] -  * Debugger is active!
[2020-08-01 22:40:25,062][_internal.py:113][INFO][16308] -  * Debugger PIN: 104-251-279
[2020-08-01 22:40:25,073][_internal.py:113][INFO][12908] -  * Running on http://0.0.0.0:5000/ (Press CTRL+C to quit)
[2020-08-01 22:42:18,460][base.py:166][INFO][7908] - Scheduler started
[2020-08-01 22:42:18,461][base.py:940][DEBUG][15856] - Looking for jobs to run
[2020-08-01 22:42:18,461][base.py:1016][DEBUG][15856] - No jobs; waiting until a job is added
[2020-08-01 22:42:18,474][_internal.py:113][INFO][7908] -  * Restarting with stat
[2020-08-01 22:42:19,141][base.py:166][INFO][15324] - Scheduler started
[2020-08-01 22:42:19,142][base.py:940][DEBUG][14404] - Looking for jobs to run
[2020-08-01 22:42:19,142][base.py:1016][DEBUG][14404] - No jobs; waiting until a job is added
[2020-08-01 22:42:19,152][_internal.py:113][WARNING][15324] -  * Debugger is active!
[2020-08-01 22:42:19,157][_internal.py:113][INFO][15324] -  * Debugger PIN: 104-251-279
[2020-08-01 22:42:19,167][_internal.py:113][INFO][11248] -  * Running on http://0.0.0.0:5000/ (Press CTRL+C to quit)
[2020-08-01 22:42:40,157][base.py:166][INFO][1168] - Scheduler started
[2020-08-01 22:42:40,158][base.py:940][DEBUG][10296] - Looking for jobs to run
[2020-08-01 22:42:40,158][base.py:1016][DEBUG][10296] - No jobs; waiting until a job is added
[2020-08-01 22:42:40,172][_internal.py:113][INFO][1168] -  * Restarting with stat
[2020-08-01 22:42:40,896][base.py:166][INFO][7032] - Scheduler started
[2020-08-01 22:42:40,897][base.py:940][DEBUG][5404] - Looking for jobs to run
[2020-08-01 22:42:40,897][base.py:1016][DEBUG][5404] - No jobs; waiting until a job is added
[2020-08-01 22:42:40,909][_internal.py:113][WARNING][7032] -  * Debugger is active!
[2020-08-01 22:42:40,915][_internal.py:113][INFO][7032] -  * Debugger PIN: 104-251-279
[2020-08-01 22:42:40,927][_internal.py:113][INFO][6796] -  * Running on http://0.0.0.0:5000/ (Press CTRL+C to quit)
[2020-08-01 22:45:34,412][_internal.py:113][INFO][7032] -  * Detected change in 'D:\\Poject\\python\\temp\\config\\__init__.py', reloading
[2020-08-01 22:45:34,461][_internal.py:113][INFO][1168] -  * Restarting with stat
[2020-08-01 22:45:35,197][base.py:166][INFO][14436] - Scheduler started
[2020-08-01 22:45:35,198][base.py:940][DEBUG][7248] - Looking for jobs to run
[2020-08-01 22:45:35,198][base.py:1016][DEBUG][7248] - No jobs; waiting until a job is added
[2020-08-01 22:45:35,208][_internal.py:113][WARNING][14436] -  * Debugger is active!
[2020-08-01 22:45:35,213][_internal.py:113][INFO][14436] -  * Debugger PIN: 104-251-279
[2020-08-01 22:45:35,223][_internal.py:113][INFO][13496] -  * Running on http://0.0.0.0:5000/ (Press CTRL+C to quit)
[2020-08-01 22:46:20,853][base.py:166][INFO][13260] - Scheduler started
[2020-08-01 22:46:20,854][base.py:940][DEBUG][14092] - Looking for jobs to run
[2020-08-01 22:46:20,854][base.py:1016][DEBUG][14092] - No jobs; waiting until a job is added
[2020-08-01 22:46:20,867][_internal.py:113][INFO][13260] -  * Restarting with stat
[2020-08-01 22:46:21,525][base.py:166][INFO][1608] - Scheduler started
[2020-08-01 22:46:21,525][base.py:940][DEBUG][6120] - Looking for jobs to run
[2020-08-01 22:46:21,525][base.py:1016][DEBUG][6120] - No jobs; waiting until a job is added
[2020-08-01 22:46:21,535][_internal.py:113][WARNING][1608] -  * Debugger is active!
[2020-08-01 22:46:21,540][_internal.py:113][INFO][1608] -  * Debugger PIN: 104-251-279
[2020-08-01 22:46:21,551][_internal.py:113][INFO][16064] -  * Running on http://0.0.0.0:5000/ (Press CTRL+C to quit)
[2020-08-01 22:48:31,837][base.py:166][INFO][11416] - Scheduler started
[2020-08-01 22:48:31,837][base.py:940][DEBUG][2064] - Looking for jobs to run
[2020-08-01 22:48:31,837][base.py:1016][DEBUG][2064] - No jobs; waiting until a job is added
[2020-08-01 22:48:31,852][_internal.py:113][INFO][11416] -  * Restarting with stat
[2020-08-01 22:48:32,520][base.py:166][INFO][6544] - Scheduler started
[2020-08-01 22:48:32,520][base.py:940][DEBUG][15236] - Looking for jobs to run
[2020-08-01 22:48:32,520][base.py:1016][DEBUG][15236] - No jobs; waiting until a job is added
[2020-08-01 22:48:32,531][_internal.py:113][WARNING][6544] -  * Debugger is active!
[2020-08-01 22:48:32,536][_internal.py:113][INFO][6544] -  * Debugger PIN: 104-251-279
[2020-08-01 22:48:32,547][_internal.py:113][INFO][6912] -  * Running on http://0.0.0.0:5000/ (Press CTRL+C to quit)
[2020-08-01 22:50:05,109][_internal.py:113][INFO][6544] -  * Detected change in 'D:\\Poject\\python\\temp\\config\\__init__.py', reloading
[2020-08-01 22:50:05,155][_internal.py:113][INFO][11416] -  * Restarting with stat
[2020-08-01 22:50:54,330][base.py:166][INFO][14392] - Scheduler started
[2020-08-01 22:50:54,330][base.py:940][DEBUG][4892] - Looking for jobs to run
[2020-08-01 22:50:54,330][base.py:1016][DEBUG][4892] - No jobs; waiting until a job is added
[2020-08-01 22:50:54,343][_internal.py:113][INFO][14392] -  * Restarting with stat
[2020-08-01 22:50:55,021][base.py:166][INFO][15100] - Scheduler started
[2020-08-01 22:50:55,021][base.py:940][DEBUG][1732] - Looking for jobs to run
[2020-08-01 22:50:55,021][base.py:1016][DEBUG][1732] - No jobs; waiting until a job is added
[2020-08-01 22:50:55,032][_internal.py:113][WARNING][15100] -  * Debugger is active!
[2020-08-01 22:50:55,037][_internal.py:113][INFO][15100] -  * Debugger PIN: 104-251-279
[2020-08-01 22:50:55,049][_internal.py:113][INFO][10428] -  * Running on http://0.0.0.0:5000/ (Press CTRL+C to quit)
[2020-08-01 22:51:34,528][_internal.py:113][INFO][15100] -  * Detected change in 'D:\\Poject\\python\\temp\\application\\__init__.py', reloading
[2020-08-01 22:51:34,575][_internal.py:113][INFO][14392] -  * Restarting with stat
[2020-08-01 22:51:48,540][base.py:166][INFO][6556] - Scheduler started
[2020-08-01 22:51:48,541][base.py:940][DEBUG][4624] - Looking for jobs to run
[2020-08-01 22:51:48,541][base.py:1016][DEBUG][4624] - No jobs; waiting until a job is added
[2020-08-01 22:51:48,556][_internal.py:113][INFO][6556] -  * Running on http://0.0.0.0:5000/ (Press CTRL+C to quit)
[2020-08-01 23:03:30,790][_internal.py:113][INFO][10040] -  * Restarting with stat
[2020-08-01 23:03:31,394][_internal.py:113][WARNING][13464] -  * Debugger is active!
[2020-08-01 23:03:31,398][_internal.py:113][INFO][13464] -  * Debugger PIN: 104-251-279
[2020-08-01 23:03:31,408][_internal.py:113][INFO][2624] -  * Running on http://0.0.0.0:5000/ (Press CTRL+C to quit)
[2020-08-01 23:30:29,772][_internal.py:113][INFO][13464] -  * Detected change in 'D:\\Poject\\python\\temp\\config\\scheduler.py', reloading
[2020-08-01 23:30:29,815][_internal.py:113][INFO][10040] -  * Restarting with stat
[2020-08-01 23:30:30,449][_internal.py:113][WARNING][5580] -  * Debugger is active!
[2020-08-01 23:30:30,454][_internal.py:113][INFO][5580] -  * Debugger PIN: 104-251-279
[2020-08-01 23:30:30,465][_internal.py:113][INFO][15144] -  * Running on http://0.0.0.0:5000/ (Press CTRL+C to quit)
[2020-08-01 23:30:55,795][_internal.py:113][INFO][5580] -  * Detected change in 'D:\\Poject\\python\\temp\\config\\scheduler.py', reloading
[2020-08-01 23:30:55,833][_internal.py:113][INFO][10040] -  * Restarting with stat
[2020-08-01 23:30:56,430][_internal.py:113][WARNING][15320] -  * Debugger is active!
[2020-08-01 23:30:56,435][_internal.py:113][INFO][15320] -  * Debugger PIN: 104-251-279
[2020-08-01 23:30:56,444][_internal.py:113][INFO][14196] -  * Running on http://0.0.0.0:5000/ (Press CTRL+C to quit)
[2020-08-01 23:31:36,848][_internal.py:113][INFO][15320] -  * Detected change in 'D:\\Poject\\python\\temp\\config\\scheduler.py', reloading
[2020-08-01 23:31:36,890][_internal.py:113][INFO][10040] -  * Restarting with stat
[2020-08-01 23:31:37,494][_internal.py:113][WARNING][12088] -  * Debugger is active!
[2020-08-01 23:31:37,499][_internal.py:113][INFO][12088] -  * Debugger PIN: 104-251-279
[2020-08-01 23:31:37,509][_internal.py:113][INFO][1608] -  * Running on http://0.0.0.0:5000/ (Press CTRL+C to quit)
[2020-08-01 23:38:34,249][_internal.py:113][INFO][12088] -  * Detected change in 'D:\\Poject\\python\\temp\\config\\scheduler.py', reloading
[2020-08-01 23:38:34,303][_internal.py:113][INFO][10040] -  * Restarting with stat
[2020-08-01 23:38:34,953][_internal.py:113][WARNING][13736] -  * Debugger is active!
[2020-08-01 23:38:34,958][_internal.py:113][INFO][13736] -  * Debugger PIN: 104-251-279
[2020-08-01 23:38:34,968][_internal.py:113][INFO][10752] -  * Running on http://0.0.0.0:5000/ (Press CTRL+C to quit)
[2020-08-01 23:38:53,018][_internal.py:113][INFO][13736] -  * Detected change in 'D:\\Poject\\python\\temp\\config\\scheduler.py', reloading
[2020-08-01 23:38:53,058][_internal.py:113][INFO][10040] -  * Restarting with stat
[2020-08-01 23:38:53,674][_internal.py:113][WARNING][672] -  * Debugger is active!
[2020-08-01 23:38:53,679][_internal.py:113][INFO][672] -  * Debugger PIN: 104-251-279
[2020-08-01 23:38:53,689][_internal.py:113][INFO][6136] -  * Running on http://0.0.0.0:5000/ (Press CTRL+C to quit)
[2020-08-01 23:39:16,619][_internal.py:113][INFO][10052] -  * Restarting with stat
[2020-08-01 23:39:17,227][_internal.py:113][WARNING][5156] -  * Debugger is active!
[2020-08-01 23:39:17,232][_internal.py:113][INFO][5156] -  * Debugger PIN: 104-251-279
[2020-08-01 23:39:17,243][_internal.py:113][INFO][14808] -  * Running on http://0.0.0.0:5000/ (Press CTRL+C to quit)
[2020-08-01 23:39:31,760][_internal.py:113][INFO][14284] -  * Restarting with stat
[2020-08-01 23:39:32,410][_internal.py:113][WARNING][5856] -  * Debugger is active!
[2020-08-01 23:39:32,415][_internal.py:113][INFO][5856] -  * Debugger PIN: 104-251-279
[2020-08-01 23:39:32,425][_internal.py:113][INFO][5400] -  * Running on http://0.0.0.0:5000/ (Press CTRL+C to quit)
[2020-08-01 23:39:58,141][_internal.py:113][INFO][10972] -  * Restarting with stat
[2020-08-01 23:39:58,749][_internal.py:113][WARNING][14428] -  * Debugger is active!
[2020-08-01 23:39:58,754][_internal.py:113][INFO][14428] -  * Debugger PIN: 104-251-279
[2020-08-01 23:39:58,764][_internal.py:113][INFO][14684] -  * Running on http://0.0.0.0:5000/ (Press CTRL+C to quit)
[2020-08-01 23:40:35,045][_internal.py:113][INFO][4936] -  * Restarting with stat
[2020-08-01 23:40:35,649][_internal.py:113][WARNING][6064] -  * Debugger is active!
[2020-08-01 23:40:35,654][_internal.py:113][INFO][6064] -  * Debugger PIN: 104-251-279
[2020-08-01 23:40:35,664][_internal.py:113][INFO][14548] -  * Running on http://0.0.0.0:5000/ (Press CTRL+C to quit)
[2020-08-01 23:42:35,846][_internal.py:113][INFO][10892] -  * Running on http://0.0.0.0:5000/ (Press CTRL+C to quit)
[2020-08-01 23:43:09,552][_internal.py:113][INFO][3188] -  * Running on http://0.0.0.0:5000/ (Press CTRL+C to quit)
[2020-08-01 23:48:08,406][base.py:166][INFO][15752] - Scheduler started
[2020-08-01 23:48:08,406][base.py:940][DEBUG][2584] - Looking for jobs to run
[2020-08-01 23:48:08,406][scheduler.py:47][DEBUG][15752] - Scheduler Started,----------------
[2020-08-01 23:48:08,406][base.py:1016][DEBUG][2584] - No jobs; waiting until a job is added
[2020-08-01 23:48:08,422][_internal.py:113][INFO][15752] -  * Running on http://0.0.0.0:5000/ (Press CTRL+C to quit)
[2020-08-01 23:52:14,247][base.py:166][INFO][14312] - Scheduler started
[2020-08-01 23:52:14,248][base.py:940][DEBUG][15732] - Looking for jobs to run
[2020-08-01 23:52:14,248][scheduler.py:47][INFO][14312] - Scheduler Started,----------------
[2020-08-01 23:52:14,248][base.py:1016][DEBUG][15732] - No jobs; waiting until a job is added
[2020-08-01 23:52:14,264][_internal.py:113][INFO][14312] -  * Running on http://0.0.0.0:5000/ (Press CTRL+C to quit)
[2020-08-01 23:57:11,723][base.py:440][INFO][15100] - Adding job tentatively -- it will be properly scheduled when the scheduler starts
[2020-08-01 23:57:11,724][base.py:881][INFO][15100] - Added job "time_task" to job store "default"
[2020-08-01 23:57:11,724][base.py:166][INFO][15100] - Scheduler started
[2020-08-01 23:57:11,725][base.py:940][DEBUG][14064] - Looking for jobs to run
[2020-08-01 23:57:11,725][scheduler.py:47][INFO][15100] - Scheduler Started,----------------
[2020-08-01 23:57:11,725][base.py:1020][DEBUG][14064] - Next wakeup is due at 2020-08-01 23:57:16.723644+08:00 (in 4.998014 seconds)
[2020-08-01 23:57:11,740][_internal.py:113][INFO][15100] -  * Running on http://0.0.0.0:5000/ (Press CTRL+C to quit)
[2020-08-01 23:57:16,739][base.py:940][DEBUG][14064] - Looking for jobs to run
[2020-08-01 23:57:16,740][base.py:123][INFO][10520] - Running job "time_task (trigger: interval[0:00:05], next run at: 2020-08-01 23:57:16 CST)" (scheduled at 2020-08-01 23:57:16.723644+08:00)
[2020-08-01 23:57:16,741][base.py:1020][DEBUG][14064] - Next wakeup is due at 2020-08-01 23:57:21.723644+08:00 (in 4.983777 seconds)
[2020-08-01 23:57:16,741][base.py:144][INFO][10520] - Job "time_task (trigger: interval[0:00:05], next run at: 2020-08-01 23:57:21 CST)" executed successfully
[2020-08-01 23:57:21,726][base.py:940][DEBUG][14064] - Looking for jobs to run
[2020-08-01 23:57:21,726][base.py:123][INFO][10520] - Running job "time_task (trigger: interval[0:00:05], next run at: 2020-08-01 23:57:21 CST)" (scheduled at 2020-08-01 23:57:21.723644+08:00)
[2020-08-01 23:57:21,726][base.py:1020][DEBUG][14064] - Next wakeup is due at 2020-08-01 23:57:26.723644+08:00 (in 4.996673 seconds)
[2020-08-01 23:57:21,727][base.py:144][INFO][10520] - Job "time_task (trigger: interval[0:00:05], next run at: 2020-08-01 23:57:26 CST)" executed successfully
[2020-08-01 23:57:26,725][base.py:940][DEBUG][14064] - Looking for jobs to run
[2020-08-01 23:57:26,726][base.py:123][INFO][7728] - Running job "time_task (trigger: interval[0:00:05], next run at: 2020-08-01 23:57:26 CST)" (scheduled at 2020-08-01 23:57:26.723644+08:00)
[2020-08-01 23:57:26,727][base.py:144][INFO][7728] - Job "time_task (trigger: interval[0:00:05], next run at: 2020-08-01 23:57:26 CST)" executed successfully
[2020-08-01 23:57:26,728][base.py:1020][DEBUG][14064] - Next wakeup is due at 2020-08-01 23:57:31.723644+08:00 (in 4.998596 seconds)
[2020-08-01 23:57:31,727][base.py:940][DEBUG][14064] - Looking for jobs to run
[2020-08-01 23:57:31,727][base.py:123][INFO][10520] - Running job "time_task (trigger: interval[0:00:05], next run at: 2020-08-01 23:57:31 CST)" (scheduled at 2020-08-01 23:57:31.723644+08:00)
[2020-08-01 23:57:31,727][base.py:144][INFO][10520] - Job "time_task (trigger: interval[0:00:05], next run at: 2020-08-01 23:57:31 CST)" executed successfully
[2020-08-01 23:57:31,728][base.py:1020][DEBUG][14064] - Next wakeup is due at 2020-08-01 23:57:36.723644+08:00 (in 4.996309 seconds)
[2020-08-01 23:57:36,725][base.py:940][DEBUG][14064] - Looking for jobs to run
[2020-08-01 23:57:36,728][base.py:123][INFO][7728] - Running job "time_task (trigger: interval[0:00:05], next run at: 2020-08-01 23:57:36 CST)" (scheduled at 2020-08-01 23:57:36.723644+08:00)
[2020-08-01 23:57:36,743][base.py:144][INFO][7728] - Job "time_task (trigger: interval[0:00:05], next run at: 2020-08-01 23:57:36 CST)" executed successfully
[2020-08-01 23:57:36,744][base.py:1020][DEBUG][14064] - Next wakeup is due at 2020-08-01 23:57:41.723644+08:00 (in 4.998137 seconds)
[2020-08-01 23:57:41,749][base.py:940][DEBUG][14064] - Looking for jobs to run
[2020-08-01 23:57:41,751][base.py:123][INFO][13776] - Running job "time_task (trigger: interval[0:00:05], next run at: 2020-08-01 23:57:41 CST)" (scheduled at 2020-08-01 23:57:41.723644+08:00)
[2020-08-01 23:57:41,753][base.py:1020][DEBUG][14064] - Next wakeup is due at 2020-08-01 23:57:46.723644+08:00 (in 4.972971 seconds)
[2020-08-01 23:57:41,753][base.py:144][INFO][13776] - Job "time_task (trigger: interval[0:00:05], next run at: 2020-08-01 23:57:46 CST)" executed successfully
[2020-08-01 23:57:46,727][base.py:940][DEBUG][14064] - Looking for jobs to run
[2020-08-01 23:57:46,728][base.py:123][INFO][5264] - Running job "time_task (trigger: interval[0:00:05], next run at: 2020-08-01 23:57:46 CST)" (scheduled at 2020-08-01 23:57:46.723644+08:00)
[2020-08-01 23:57:46,728][base.py:144][INFO][5264] - Job "time_task (trigger: interval[0:00:05], next run at: 2020-08-01 23:57:46 CST)" executed successfully
[2020-08-01 23:57:46,729][base.py:1020][DEBUG][14064] - Next wakeup is due at 2020-08-01 23:57:51.723644+08:00 (in 4.996587 seconds)
[2020-08-01 23:57:51,726][base.py:940][DEBUG][14064] - Looking for jobs to run
[2020-08-01 23:57:51,727][base.py:123][INFO][7728] - Running job "time_task (trigger: interval[0:00:05], next run at: 2020-08-01 23:57:51 CST)" (scheduled at 2020-08-01 23:57:51.723644+08:00)
[2020-08-01 23:57:51,728][base.py:1020][DEBUG][14064] - Next wakeup is due at 2020-08-01 23:57:56.723644+08:00 (in 4.997215 seconds)
[2020-08-01 23:57:51,729][base.py:144][INFO][7728] - Job "time_task (trigger: interval[0:00:05], next run at: 2020-08-01 23:57:56 CST)" executed successfully
[2020-08-01 23:57:56,727][base.py:940][DEBUG][14064] - Looking for jobs to run
[2020-08-01 23:57:56,728][base.py:123][INFO][3144] - Running job "time_task (trigger: interval[0:00:05], next run at: 2020-08-01 23:57:56 CST)" (scheduled at 2020-08-01 23:57:56.723644+08:00)
[2020-08-01 23:57:56,729][base.py:144][INFO][3144] - Job "time_task (trigger: interval[0:00:05], next run at: 2020-08-01 23:57:56 CST)" executed successfully
[2020-08-01 23:57:56,730][base.py:1020][DEBUG][14064] - Next wakeup is due at 2020-08-01 23:58:01.723644+08:00 (in 4.996097 seconds)
[2020-08-01 23:58:01,727][base.py:940][DEBUG][14064] - Looking for jobs to run
[2020-08-01 23:58:01,728][base.py:123][INFO][15976] - Running job "time_task (trigger: interval[0:00:05], next run at: 2020-08-01 23:58:01 CST)" (scheduled at 2020-08-01 23:58:01.723644+08:00)
[2020-08-01 23:58:01,729][base.py:144][INFO][15976] - Job "time_task (trigger: interval[0:00:05], next run at: 2020-08-01 23:58:01 CST)" executed successfully
[2020-08-01 23:58:01,730][base.py:1020][DEBUG][14064] - Next wakeup is due at 2020-08-01 23:58:06.723644+08:00 (in 4.995693 seconds)
[2020-08-01 23:58:06,727][base.py:940][DEBUG][14064] - Looking for jobs to run
[2020-08-01 23:58:06,727][base.py:1020][DEBUG][14064] - Next wakeup is due at 2020-08-01 23:58:11.723644+08:00 (in 4.996305 seconds)
[2020-08-01 23:58:06,727][base.py:123][INFO][12136] - Running job "time_task (trigger: interval[0:00:05], next run at: 2020-08-01 23:58:11 CST)" (scheduled at 2020-08-01 23:58:06.723644+08:00)
[2020-08-01 23:58:06,727][base.py:144][INFO][12136] - Job "time_task (trigger: interval[0:00:05], next run at: 2020-08-01 23:58:11 CST)" executed successfully
[2020-08-01 23:58:11,725][base.py:940][DEBUG][14064] - Looking for jobs to run
[2020-08-01 23:58:11,725][base.py:1020][DEBUG][14064] - Next wakeup is due at 2020-08-01 23:58:16.723644+08:00 (in 4.998491 seconds)
[2020-08-01 23:58:11,725][base.py:123][INFO][12292] - Running job "time_task (trigger: interval[0:00:05], next run at: 2020-08-01 23:58:16 CST)" (scheduled at 2020-08-01 23:58:11.723644+08:00)
[2020-08-01 23:58:11,725][base.py:144][INFO][12292] - Job "time_task (trigger: interval[0:00:05], next run at: 2020-08-01 23:58:16 CST)" executed successfully
[2020-08-01 23:58:16,739][base.py:940][DEBUG][14064] - Looking for jobs to run
[2020-08-01 23:58:16,740][base.py:1020][DEBUG][14064] - Next wakeup is due at 2020-08-01 23:58:21.723644+08:00 (in 4.984064 seconds)
[2020-08-01 23:58:16,740][base.py:123][INFO][13776] - Running job "time_task (trigger: interval[0:00:05], next run at: 2020-08-01 23:58:21 CST)" (scheduled at 2020-08-01 23:58:16.723644+08:00)
[2020-08-01 23:58:16,741][base.py:144][INFO][13776] - Job "time_task (trigger: interval[0:00:05], next run at: 2020-08-01 23:58:21 CST)" executed successfully
[2020-08-01 23:58:21,725][base.py:940][DEBUG][14064] - Looking for jobs to run
[2020-08-01 23:58:21,725][base.py:1020][DEBUG][14064] - Next wakeup is due at 2020-08-01 23:58:26.723644+08:00 (in 4.997728 seconds)
[2020-08-01 23:58:21,725][base.py:123][INFO][3144] - Running job "time_task (trigger: interval[0:00:05], next run at: 2020-08-01 23:58:26 CST)" (scheduled at 2020-08-01 23:58:21.723644+08:00)
[2020-08-01 23:58:21,725][base.py:144][INFO][3144] - Job "time_task (trigger: interval[0:00:05], next run at: 2020-08-01 23:58:26 CST)" executed successfully
[2020-08-01 23:58:26,739][base.py:940][DEBUG][14064] - Looking for jobs to run
[2020-08-01 23:58:26,740][base.py:1020][DEBUG][14064] - Next wakeup is due at 2020-08-01 23:58:31.723644+08:00 (in 4.984345 seconds)
[2020-08-01 23:58:26,740][base.py:123][INFO][15820] - Running job "time_task (trigger: interval[0:00:05], next run at: 2020-08-01 23:58:31 CST)" (scheduled at 2020-08-01 23:58:26.723644+08:00)
[2020-08-01 23:58:26,741][base.py:144][INFO][15820] - Job "time_task (trigger: interval[0:00:05], next run at: 2020-08-01 23:58:31 CST)" executed successfully
[2020-08-01 23:58:31,728][base.py:940][DEBUG][14064] - Looking for jobs to run
[2020-08-01 23:58:31,729][base.py:1020][DEBUG][14064] - Next wakeup is due at 2020-08-01 23:58:36.723644+08:00 (in 4.994689 seconds)
[2020-08-01 23:58:31,729][base.py:123][INFO][10520] - Running job "time_task (trigger: interval[0:00:05], next run at: 2020-08-01 23:58:36 CST)" (scheduled at 2020-08-01 23:58:31.723644+08:00)
[2020-08-01 23:58:31,729][base.py:144][INFO][10520] - Job "time_task (trigger: interval[0:00:05], next run at: 2020-08-01 23:58:36 CST)" executed successfully
[2020-08-01 23:58:36,725][base.py:940][DEBUG][14064] - Looking for jobs to run
[2020-08-01 23:58:36,726][base.py:1020][DEBUG][14064] - Next wakeup is due at 2020-08-01 23:58:41.723644+08:00 (in 4.997716 seconds)
[2020-08-01 23:58:36,726][base.py:123][INFO][7728] - Running job "time_task (trigger: interval[0:00:05], next run at: 2020-08-01 23:58:41 CST)" (scheduled at 2020-08-01 23:58:36.723644+08:00)
[2020-08-01 23:58:36,727][base.py:144][INFO][7728] - Job "time_task (trigger: interval[0:00:05], next run at: 2020-08-01 23:58:41 CST)" executed successfully
[2020-08-01 23:58:41,585][base.py:440][INFO][2916] - Adding job tentatively -- it will be properly scheduled when the scheduler starts
[2020-08-01 23:58:41,586][base.py:881][INFO][2916] - Added job "time_task" to job store "default"
[2020-08-01 23:58:41,586][base.py:166][INFO][2916] - Scheduler started
[2020-08-01 23:58:41,587][base.py:940][DEBUG][1732] - Looking for jobs to run
[2020-08-01 23:58:41,587][base.py:1020][DEBUG][1732] - Next wakeup is due at 2020-08-01 23:58:46.585111+08:00 (in 4.997999 seconds)
[2020-08-01 23:58:41,587][scheduler.py:47][INFO][2916] - Scheduler 启动
[2020-08-01 23:58:41,603][_internal.py:113][INFO][2916] -  * Running on http://0.0.0.0:5000/ (Press CTRL+C to quit)
[2020-08-01 23:58:46,585][base.py:940][DEBUG][1732] - Looking for jobs to run
[2020-08-01 23:58:46,585][base.py:123][INFO][13520] - Running job "time_task (trigger: interval[0:00:05], next run at: 2020-08-01 23:58:46 CST)" (scheduled at 2020-08-01 23:58:46.585111+08:00)
[2020-08-01 23:58:46,586][base.py:1020][DEBUG][1732] - Next wakeup is due at 2020-08-01 23:58:51.585111+08:00 (in 4.999187 seconds)
[2020-08-01 23:58:46,586][base.py:144][INFO][13520] - Job "time_task (trigger: interval[0:00:05], next run at: 2020-08-01 23:58:51 CST)" executed successfully
[2020-08-01 23:58:51,587][base.py:940][DEBUG][1732] - Looking for jobs to run
[2020-08-01 23:58:51,588][base.py:123][INFO][13520] - Running job "time_task (trigger: interval[0:00:05], next run at: 2020-08-01 23:58:51 CST)" (scheduled at 2020-08-01 23:58:51.585111+08:00)
[2020-08-01 23:58:51,589][base.py:1020][DEBUG][1732] - Next wakeup is due at 2020-08-01 23:58:56.585111+08:00 (in 4.997600 seconds)
[2020-08-01 23:58:51,589][base.py:144][INFO][13520] - Job "time_task (trigger: interval[0:00:05], next run at: 2020-08-01 23:58:56 CST)" executed successfully
[2020-08-01 23:58:56,589][base.py:940][DEBUG][1732] - Looking for jobs to run
[2020-08-01 23:58:56,590][base.py:123][INFO][15328] - Running job "time_task (trigger: interval[0:00:05], next run at: 2020-08-01 23:58:56 CST)" (scheduled at 2020-08-01 23:58:56.585111+08:00)
[2020-08-01 23:58:56,591][base.py:144][INFO][15328] - Job "time_task (trigger: interval[0:00:05], next run at: 2020-08-01 23:58:56 CST)" executed successfully
[2020-08-01 23:58:56,592][base.py:1020][DEBUG][1732] - Next wakeup is due at 2020-08-01 23:59:01.585111+08:00 (in 4.995792 seconds)
[2020-08-01 23:59:01,588][base.py:940][DEBUG][1732] - Looking for jobs to run
[2020-08-01 23:59:01,589][base.py:123][INFO][13520] - Running job "time_task (trigger: interval[0:00:05], next run at: 2020-08-01 23:59:01 CST)" (scheduled at 2020-08-01 23:59:01.585111+08:00)
[2020-08-01 23:59:01,590][base.py:144][INFO][13520] - Job "time_task (trigger: interval[0:00:05], next run at: 2020-08-01 23:59:01 CST)" executed successfully
[2020-08-01 23:59:01,591][base.py:1020][DEBUG][1732] - Next wakeup is due at 2020-08-01 23:59:06.585111+08:00 (in 4.996183 seconds)
[2020-08-01 23:59:06,590][base.py:940][DEBUG][1732] - Looking for jobs to run
[2020-08-01 23:59:06,591][base.py:123][INFO][15328] - Running job "time_task (trigger: interval[0:00:05], next run at: 2020-08-01 23:59:06 CST)" (scheduled at 2020-08-01 23:59:06.585111+08:00)
[2020-08-01 23:59:06,592][base.py:144][INFO][15328] - Job "time_task (trigger: interval[0:00:05], next run at: 2020-08-01 23:59:06 CST)" executed successfully
[2020-08-01 23:59:06,593][base.py:1020][DEBUG][1732] - Next wakeup is due at 2020-08-01 23:59:11.585111+08:00 (in 4.994563 seconds)
[2020-08-01 23:59:11,589][base.py:940][DEBUG][1732] - Looking for jobs to run
[2020-08-01 23:59:11,590][base.py:123][INFO][11084] - Running job "time_task (trigger: interval[0:00:05], next run at: 2020-08-01 23:59:11 CST)" (scheduled at 2020-08-01 23:59:11.585111+08:00)
[2020-08-01 23:59:11,591][base.py:144][INFO][11084] - Job "time_task (trigger: interval[0:00:05], next run at: 2020-08-01 23:59:11 CST)" executed successfully
[2020-08-01 23:59:11,592][base.py:1020][DEBUG][1732] - Next wakeup is due at 2020-08-01 23:59:16.585111+08:00 (in 4.995333 seconds)
[2020-08-01 23:59:16,588][base.py:940][DEBUG][1732] - Looking for jobs to run
[2020-08-01 23:59:16,589][base.py:123][INFO][5156] - Running job "time_task (trigger: interval[0:00:05], next run at: 2020-08-01 23:59:16 CST)" (scheduled at 2020-08-01 23:59:16.585111+08:00)
[2020-08-01 23:59:16,590][base.py:144][INFO][5156] - Job "time_task (trigger: interval[0:00:05], next run at: 2020-08-01 23:59:16 CST)" executed successfully
[2020-08-01 23:59:16,591][base.py:1020][DEBUG][1732] - Next wakeup is due at 2020-08-01 23:59:21.585111+08:00 (in 4.996317 seconds)
[2020-08-01 23:59:21,589][base.py:940][DEBUG][1732] - Looking for jobs to run
[2020-08-01 23:59:21,590][base.py:123][INFO][15328] - Running job "time_task (trigger: interval[0:00:05], next run at: 2020-08-01 23:59:21 CST)" (scheduled at 2020-08-01 23:59:21.585111+08:00)
[2020-08-01 23:59:21,591][base.py:144][INFO][15328] - Job "time_task (trigger: interval[0:00:05], next run at: 2020-08-01 23:59:21 CST)" executed successfully
[2020-08-01 23:59:21,592][base.py:1020][DEBUG][1732] - Next wakeup is due at 2020-08-01 23:59:26.585111+08:00 (in 4.995856 seconds)
[2020-08-01 23:59:26,588][base.py:940][DEBUG][1732] - Looking for jobs to run
[2020-08-01 23:59:26,589][base.py:123][INFO][2184] - Running job "time_task (trigger: interval[0:00:05], next run at: 2020-08-01 23:59:26 CST)" (scheduled at 2020-08-01 23:59:26.585111+08:00)
[2020-08-01 23:59:26,590][base.py:144][INFO][2184] - Job "time_task (trigger: interval[0:00:05], next run at: 2020-08-01 23:59:26 CST)" executed successfully
[2020-08-01 23:59:26,591][base.py:1020][DEBUG][1732] - Next wakeup is due at 2020-08-01 23:59:31.585111+08:00 (in 4.996464 seconds)
[2020-08-01 23:59:31,588][base.py:940][DEBUG][1732] - Looking for jobs to run
[2020-08-01 23:59:31,589][base.py:123][INFO][12240] - Running job "time_task (trigger: interval[0:00:05], next run at: 2020-08-01 23:59:31 CST)" (scheduled at 2020-08-01 23:59:31.585111+08:00)
[2020-08-01 23:59:31,590][base.py:144][INFO][12240] - Job "time_task (trigger: interval[0:00:05], next run at: 2020-08-01 23:59:31 CST)" executed successfully
[2020-08-01 23:59:31,591][base.py:1020][DEBUG][1732] - Next wakeup is due at 2020-08-01 23:59:36.585111+08:00 (in 4.996156 seconds)
[2020-08-01 23:59:36,589][base.py:940][DEBUG][1732] - Looking for jobs to run
[2020-08-01 23:59:36,593][base.py:1020][DEBUG][1732] - Next wakeup is due at 2020-08-01 23:59:41.585111+08:00 (in 4.993556 seconds)
[2020-08-01 23:59:36,593][base.py:123][INFO][9148] - Running job "time_task (trigger: interval[0:00:05], next run at: 2020-08-01 23:59:41 CST)" (scheduled at 2020-08-01 23:59:36.585111+08:00)
[2020-08-01 23:59:36,594][base.py:144][INFO][9148] - Job "time_task (trigger: interval[0:00:05], next run at: 2020-08-01 23:59:41 CST)" executed successfully
[2020-08-01 23:59:37,820][base.py:440][INFO][8304] - Adding job tentatively -- it will be properly scheduled when the scheduler starts
[2020-08-01 23:59:37,821][base.py:881][INFO][8304] - Added job "time_task" to job store "default"
[2020-08-01 23:59:37,821][base.py:166][INFO][8304] - Scheduler started
[2020-08-01 23:59:37,821][base.py:940][DEBUG][904] - Looking for jobs to run
[2020-08-01 23:59:37,821][scheduler.py:47][INFO][8304] - Scheduler 启动
[2020-08-01 23:59:37,822][base.py:1020][DEBUG][904] - Next wakeup is due at 2020-08-02 00:00:37.819750+08:00 (in 59.997000 seconds)
[2020-08-01 23:59:37,839][_internal.py:113][INFO][8304] -  * Running on http://0.0.0.0:5000/ (Press CTRL+C to quit)
